\BOOKMARK [1][-]{section.1}{\376\377\144\130\211\201}{}% 1
\BOOKMARK [1][-]{section.2}{\376\377\230\171\166\356\116\313\176\315}{}% 2
\BOOKMARK [2][-]{subsection.2.1}{\376\377\230\171\166\356\200\314\146\157}{section.2}% 3
\BOOKMARK [2][-]{subsection.2.2}{\376\377\230\171\166\356\166\356\150\007}{section.2}% 4
\BOOKMARK [2][-]{subsection.2.3}{\376\377\142\151\134\125\116\373\122\241\211\201\154\102}{section.2}% 5
\BOOKMARK [1][-]{section.3}{\376\377\230\171\166\356\213\276\213\241\116\016\133\236\163\260}{}% 6
\BOOKMARK [2][-]{subsection.3.1}{\376\377\170\154\116\366\213\276\213\241}{section.3}% 7
\BOOKMARK [3][-]{subsubsection.3.1.1}{\376\377\174\373\176\337\140\073\117\123\147\266\147\204}{subsection.3.1}% 8
\BOOKMARK [3][-]{subsubsection.3.1.2}{\376\377\145\160\143\156\155\101\213\276\213\241}{subsection.3.1}% 9
\BOOKMARK [3][-]{subsubsection.3.1.3}{\376\377\136\166\210\114\173\227\154\325\147\266\147\204}{subsection.3.1}% 10
\BOOKMARK [3][-]{subsubsection.3.1.4}{\376\377\146\076\171\072\152\041\137\017\213\276\213\241}{subsection.3.1}% 11
\BOOKMARK [3][-]{subsubsection.3.1.5}{\376\377\217\271\177\030\150\300\155\113\173\227\154\325\133\371\153\324}{subsection.3.1}% 12
\BOOKMARK [2][-]{subsection.3.2}{\376\377\217\157\116\366\213\276\213\241}{section.3}% 13
\BOOKMARK [3][-]{subsubsection.3.2.1}{\376\377\117\356\145\071\145\207\116\366\156\005\123\125}{subsection.3.2}% 14
\BOOKMARK [3][-]{subsubsection.3.2.2}{\376\377\000P\000L\172\357\117\356\145\071}{subsection.3.2}% 15
\BOOKMARK [3][-]{subsubsection.3.2.3}{\376\377\000P\000S\172\357\117\356\145\071}{subsection.3.2}% 16
\BOOKMARK [2][-]{subsection.3.3}{\376\377\116\343\170\001\116\313\176\315}{section.3}% 17
\BOOKMARK [3][-]{subsubsection.3.3.1}{\376\377\122\035\131\313\123\026\124\214\221\115\177\156}{subsection.3.3}% 18
\BOOKMARK [3][-]{subsubsection.3.3.2}{\376\377\116\073\122\237\200\375\133\236\163\260}{subsection.3.3}% 19
\BOOKMARK [3][-]{subsubsection.3.3.3}{\376\377\162\171\133\232\147\141\116\366\124\315\136\224}{subsection.3.3}% 20
\BOOKMARK [2][-]{subsection.3.4}{\376\377\142\200\147\057\133\236\163\260\176\306\202\202}{section.3}% 21
\BOOKMARK [3][-]{subsubsection.3.4.1}{\376\377\173\227\154\325\136\166\210\114\147\072\122\066}{subsection.3.4}% 22
\BOOKMARK [3][-]{subsubsection.3.4.2}{\376\377\215\104\156\220\117\030\123\026\173\126\165\145}{subsection.3.4}% 23
\BOOKMARK [3][-]{subsubsection.3.4.3}{\376\377\152\041\137\017\142\151\134\125\145\271\150\110}{subsection.3.4}% 24
\BOOKMARK [1][-]{section.4}{\376\377\122\237\200\375\134\125\171\072}{}% 25
\BOOKMARK [2][-]{subsection.4.1}{\376\377\122\237\200\375\143\317\217\360}{section.4}% 26
\BOOKMARK [3][-]{subsubsection.4.1.1}{\376\377\133\236\232\214\0000\0005\127\372\170\100\122\237\200\375}{subsection.4.1}% 27
\BOOKMARK [3][-]{subsubsection.4.1.2}{\376\377\176\374\124\010\142\151\134\125\116\373\122\241\0003\133\214\142\020\140\305\121\265}{subsection.4.1}% 28
\BOOKMARK [2][-]{subsection.4.2}{\376\377\157\024\171\072\176\323\147\234}{section.4}% 29
\BOOKMARK [3][-]{subsubsection.4.2.1}{\376\377\116\377\167\037\232\214\213\301\176\323\147\234}{subsection.4.2}% 30
\BOOKMARK [3][-]{subsubsection.4.2.2}{\376\377\217\157\116\366\000G\000o\000l\000d\000e\000n\000\040\000O\000u\000t\000p\000u\000t\133\371\153\324}{subsection.4.2}% 31
\BOOKMARK [3][-]{subsubsection.4.2.3}{\376\377\116\015\124\014\226\010\120\074\133\371\153\324}{subsection.4.2}% 32
\BOOKMARK [3][-]{subsubsection.4.2.4}{\376\377\215\104\156\220\122\051\165\050\163\207\116\016\145\366\136\217\176\323\147\234}{subsection.4.2}% 33
\BOOKMARK [3][-]{subsubsection.4.2.5}{\376\377\116\012\147\177\157\024\171\072\163\260\214\141}{subsection.4.2}% 34
\BOOKMARK [3][-]{subsubsection.4.2.6}{\376\377\116\012\117\115\147\072\143\247\122\066\165\114\227\142}{subsection.4.2}% 35
\BOOKMARK [1][-]{section.5}{\376\377\162\151\145\231\116\016\142\020\147\054}{}% 36
\BOOKMARK [2][-]{subsection.5.1}{\376\377\162\151\145\231\156\005\123\125}{section.5}% 37
\BOOKMARK [2][-]{subsection.5.2}{\376\377\230\171\166\356\142\020\147\054}{section.5}% 38
\BOOKMARK [2][-]{subsection.5.3}{\376\377\143\137\200\027\116\016\143\137\127\117}{section.5}% 39
\BOOKMARK [2][-]{subsection.5.4}{\376\377\116\073\211\201\162\151\145\231\126\376\162\107\134\125\171\072}{section.5}% 40
\BOOKMARK [1][-]{section.6}{\376\377\116\052\116\272\215\041\163\056}{}% 41
\BOOKMARK [2][-]{subsection.6.1}{\376\377\142\245\124\112\144\260\121\231}{section.6}% 42
\BOOKMARK [2][-]{subsection.6.2}{\376\377\177\026\170\001\135\345\117\134}{section.6}% 43
\BOOKMARK [2][-]{subsection.6.3}{\376\377\170\154\116\366\217\336\143\245}{section.6}% 44
\BOOKMARK [2][-]{subsection.6.4}{\376\377\215\104\147\054\142\225\121\145}{section.6}% 45
\BOOKMARK [2][-]{subsection.6.5}{\376\377\137\000\123\321\225\356\230\230\143\317\217\360\116\016\211\343\121\263\145\271\150\110}{section.6}% 46
\BOOKMARK [3][-]{subsubsection.6.5.1}{\376\377\000P\000r\000e\000w\000i\000t\000t\217\271\177\030\136\105\136\246\217\203\117\116}{subsection.6.5}% 47
\BOOKMARK [3][-]{subsubsection.6.5.2}{\376\377\000L\000a\000p\000l\000a\000c\000i\000a\000n\126\152\130\360\145\117\141\037}{subsection.6.5}% 48
\BOOKMARK [3][-]{subsubsection.6.5.3}{\376\377\000R\000o\000b\000e\000r\000t\000s\217\271\177\030\145\255\210\302}{subsection.6.5}% 49
\BOOKMARK [3][-]{subsubsection.6.5.4}{\376\377\152\041\137\017\122\007\143\142\124\175\116\344\150\074\137\017}{subsection.6.5}% 50
\BOOKMARK [3][-]{subsubsection.6.5.5}{\376\377\116\377\167\037\155\113\213\325\211\206\166\326}{subsection.6.5}% 51
\BOOKMARK [3][-]{subsubsection.6.5.6}{\376\377\215\104\156\220\122\051\165\050\117\030\123\026}{subsection.6.5}% 52
\BOOKMARK [1][-]{section.7}{\376\377\230\171\166\356\142\020\147\234\116\016\123\315\140\035}{}% 53
\BOOKMARK [2][-]{subsection.7.1}{\376\377\142\020\147\234\134\125\171\072}{section.7}% 54
\BOOKMARK [2][-]{subsection.7.2}{\376\377\230\171\166\356\213\304\117\060}{section.7}% 55
\BOOKMARK [3][-]{subsubsection.7.2.1}{\376\377\142\020\122\237\116\113\131\004}{subsection.7.2}% 56
\BOOKMARK [3][-]{subsubsection.7.2.2}{\376\377\116\015\215\263\116\113\131\004}{subsection.7.2}% 57
\BOOKMARK [2][-]{subsection.7.3}{\376\377\116\052\116\272\123\315\140\035}{section.7}% 58
\BOOKMARK [1][-]{section.8}{\376\377\226\104\137\125}{}% 59
\BOOKMARK [2][-]{subsection.8.1}{\376\377\133\214\145\164\116\343\170\001\226\104\137\125}{section.8}% 60
\BOOKMARK [2][-]{subsection.8.2}{\376\377\145\207\116\366\117\356\145\071\133\371\161\147\210\150}{section.8}% 61
\BOOKMARK [1][-]{section.9}{\376\377\123\302\200\003\215\104\145\231\060\001\145\207\163\056}{}% 62
\BOOKMARK [1][-]{section.A}{\376\377\000=\213\276\213\241\126\376\176\270}{}% 63
\BOOKMARK [1][-]{section.B}{\376\377\000=\116\343\170\001\156\005\123\125}{}% 64
