Copyright 1986-2017 Xilinx, Inc. All Rights Reserved.
------------------------------------------------------------------------------------
| Tool Version : Vivado v.2017.4 (win64) Build 2086221 Fri Dec 15 20:55:39 MST 2017
| Date         : Thu Jun 18 09:33:11 2026
| Host         : PC039 running 64-bit major release  (build 9200)
| Command      : report_control_sets -verbose -file top_control_sets_placed.rpt
| Design       : top
| Device       : xc7z020
------------------------------------------------------------------------------------

Control Set Information

Table of Contents
-----------------
1. Summary
2. Flip-Flop Distribution
3. Detailed Control Set Information

1. Summary
----------

+----------------------------------------------------------+-------+
|                          Status                          | Count |
+----------------------------------------------------------+-------+
| Number of unique control sets                            |     6 |
| Unused register locations in slices containing registers |    19 |
+----------------------------------------------------------+-------+


2. Flip-Flop Distribution
-------------------------

+--------------+-----------------------+------------------------+-----------------+--------------+
| Clock Enable | Synchronous Set/Reset | Asynchronous Set/Reset | Total Registers | Total Slices |
+--------------+-----------------------+------------------------+-----------------+--------------+
| No           | No                    | No                     |             102 |           42 |
| No           | No                    | Yes                    |               0 |            0 |
| No           | Yes                   | No                     |              60 |           20 |
| Yes          | No                    | No                     |               0 |            0 |
| Yes          | No                    | Yes                    |               0 |            0 |
| Yes          | Yes                   | No                     |              11 |            3 |
+--------------+-----------------------+------------------------+-----------------+--------------+


3. Detailed Control Set Information
-----------------------------------

+-------------------------------+-----------------------------+---------------------------------------------------------------------+------------------+----------------+
|          Clock Signal         |        Enable Signal        |                           Set/Reset Signal                          | Slice Load Count | Bel Load Count |
+-------------------------------+-----------------------------+---------------------------------------------------------------------+------------------+----------------+
|  video_clock_m0/inst/clk_out1 |                             | hdmi_image_display_m0/rom_addr[13]_i_1_n_0                          |                2 |              7 |
|  video_clock_m0/inst/clk_out1 |                             | rgb2dvi_m0/U0/DataEncoders[0].DataEncoder/pDataOutRaw[9]_i_1__1_n_0 |                3 |             10 |
|  video_clock_m0/inst/clk_out1 |                             | hdmi_image_display_m0/v_cnt                                         |                3 |             11 |
|  video_clock_m0/inst/clk_out1 | hdmi_image_display_m0/v_cnt | hdmi_image_display_m0/v_cnt[11]_i_1_n_0                             |                3 |             11 |
|  video_clock_m0/inst/clk_out1 |                             | rgb2dvi_m0/U0/DataEncoders[0].DataEncoder/SR[0]                     |               12 |             32 |
|  video_clock_m0/inst/clk_out1 |                             |                                                                     |               42 |            102 |
+-------------------------------+-----------------------------+---------------------------------------------------------------------+------------------+----------------+


+--------+-----------------------+
| Fanout | Number of ControlSets |
+--------+-----------------------+
| 7      |                     1 |
| 10     |                     1 |
| 11     |                     2 |
| 16+    |                     2 |
+--------+-----------------------+


