#-----------------------------------------------------------
# Vivado v2017.4 (64-bit)
# SW Build 2086221 on Fri Dec 15 20:55:39 MST 2017
# IP Build 2085800 on Fri Dec 15 22:25:07 MST 2017
# Start of session at: Thu Jun 18 11:14:32 2026
# Process ID: 15648
# Current directory: C:/Users/Lenovo/Desktop/zynq7020-image-processing/sobel_04_uart_sobel_hdmi
# Command line: vivado.exe -gui_launcher_event rodinguilauncherevent13912 C:\Users\Lenovo\Desktop\zynq7020-image-processing\sobel_04_uart_sobel_hdmi\sobel_04_uart_sobel_hdmi.xpr
# Log file: C:/Users/Lenovo/Desktop/zynq7020-image-processing/sobel_04_uart_sobel_hdmi/vivado.log
# Journal file: C:/Users/Lenovo/Desktop/zynq7020-image-processing/sobel_04_uart_sobel_hdmi\vivado.jou
#-----------------------------------------------------------
start_gui
open_project C:/Users/Lenovo/Desktop/zynq7020-image-processing/sobel_04_uart_sobel_hdmi/sobel_04_uart_sobel_hdmi.xpr
INFO: [Project 1-313] Project file moved from 'D:/Github/FPGA-course/zynq7020-image-processing/sobel_04_uart_sobel_hdmi' since last save.
Scanning sources...
Finished scanning sources
WARNING: [filemgmt 56-2] IP Repository Path: Could not find the directory 'C:/Users/Lenovo/Desktop/zynq7020-image-processing/hdmi_common/repo', nor could it be found using path 'D:/Github/FPGA-course/zynq7020-image-processing/hdmi_common/repo'.
INFO: [IP_Flow 19-234] Refreshing IP repositories
WARNING: [IP_Flow 19-2248] Failed to load user IP repository 'c:/Users/Lenovo/Desktop/zynq7020-image-processing/hdmi_common/repo'; Can't find the specified path.
If this directory should no longer be in your list of user repositories, go to the IP Settings dialog and remove it.
INFO: [IP_Flow 19-2313] Loaded Vivado IP repository 'C:/Xilinx/Vivado/2017.4/data/ip'.
WARNING: [IP_Flow 19-2162] IP 'rgb2dvi_0' is locked:
* IP definition 'rgb2dvi (1.3)' for IP 'rgb2dvi_0' (customized with software release 2017.4) was not found in the IP Catalog.
Please select 'Report IP Status' from the 'Tools/Report' menu or run Tcl command 'report_ip_status' for more information.
open_project: Time (s): cpu = 00:00:13 ; elapsed = 00:00:09 . Memory (MB): peak = 880.141 ; gain = 140.074
update_compile_order -fileset sources_1
open_hw
connect_hw_server
INFO: [Labtools 27-2285] Connecting to hw_server url TCP:localhost:3121
INFO: [Labtools 27-2222] Launching hw_server...
INFO: [Labtools 27-2221] Launch Output:

****** Xilinx hw_server v2017.4
  **** Build date : Dec 15 2017-21:08:27
    ** Copyright 1986-2017 Xilinx, Inc. All Rights Reserved.


open_hw_target
INFO: [Labtoolstcl 44-466] Opening hw_target localhost:3121/xilinx_tcf/Digilent/210512180081
set_property PROGRAM.FILE {C:/Users/Lenovo/Desktop/zynq7020-image-processing/sobel_04_uart_sobel_hdmi/sobel_04_uart_sobel_hdmi.runs/impl_1/top.bit} [get_hw_devices xc7z020_1]
current_hw_device [get_hw_devices xc7z020_1]
refresh_hw_device -update_hw_probes false [lindex [get_hw_devices xc7z020_1] 0]
INFO: [Labtools 27-1434] Device xc7z020 (JTAG device index = 1) is programmed with a design that has no supported debug core(s) in it.
WARNING: [Labtools 27-3361] The debug hub core was not detected.
Resolution: 
1. Make sure the clock connected to the debug hub (dbg_hub) core is a free running clock and is active.
2. Make sure the BSCAN_SWITCH_USER_MASK device property in Vivado Hardware Manager reflects the user scan chain setting in the design and refresh the device.  To determine the user scan chain setting in the design, open the implemented design and use 'get_property C_USER_SCAN_CHAIN [get_debug_cores dbg_hub]'.
For more details on setting the scan chain property, consult the Vivado Debug and Programming User Guide (UG908).
set_property PROBES.FILE {} [get_hw_devices xc7z020_1]
set_property FULL_PROBES.FILE {} [get_hw_devices xc7z020_1]
set_property PROGRAM.FILE {C:/Users/Lenovo/Desktop/zynq7020-image-processing/sobel_04_uart_sobel_hdmi/sobel_04_uart_sobel_hdmi.runs/impl_1/top.bit} [get_hw_devices xc7z020_1]
program_hw_devices [get_hw_devices xc7z020_1]
INFO: [Labtools 27-3164] End of startup status: HIGH
refresh_hw_device [lindex [get_hw_devices xc7z020_1] 0]
INFO: [Labtools 27-1434] Device xc7z020 (JTAG device index = 1) is programmed with a design that has no supported debug core(s) in it.
WARNING: [Labtools 27-3361] The debug hub core was not detected.
Resolution: 
1. Make sure the clock connected to the debug hub (dbg_hub) core is a free running clock and is active.
2. Make sure the BSCAN_SWITCH_USER_MASK device property in Vivado Hardware Manager reflects the user scan chain setting in the design and refresh the device.  To determine the user scan chain setting in the design, open the implemented design and use 'get_property C_USER_SCAN_CHAIN [get_debug_cores dbg_hub]'.
For more details on setting the scan chain property, consult the Vivado Debug and Programming User Guide (UG908).
launch_sdk -workspace C:/Users/Lenovo/Desktop/zynq7020-image-processing/sobel_04_uart_sobel_hdmi/sobel_04_uart_sobel_hdmi.sdk -hwspec C:/Users/Lenovo/Desktop/zynq7020-image-processing/sobel_04_uart_sobel_hdmi/sobel_04_uart_sobel_hdmi.sdk/top.hdf
INFO: [Vivado 12-393] Launching SDK...
INFO: [Vivado 12-417] Running xsdk -workspace C:/Users/Lenovo/Desktop/zynq7020-image-processing/sobel_04_uart_sobel_hdmi/sobel_04_uart_sobel_hdmi.sdk -hwspec C:/Users/Lenovo/Desktop/zynq7020-image-processing/sobel_04_uart_sobel_hdmi/sobel_04_uart_sobel_hdmi.sdk/top.hdf
INFO: [Vivado 12-3157] SDK launch initiated. Please check console for any further messages.
reset_run impl_1 -prev_step 
launch_runs impl_1 -to_step write_bitstream -jobs 6
[Thu Jun 18 11:16:33 2026] Launched impl_1...
Run output will be captured here: C:/Users/Lenovo/Desktop/zynq7020-image-processing/sobel_04_uart_sobel_hdmi/sobel_04_uart_sobel_hdmi.runs/impl_1/runme.log
set_property PROBES.FILE {} [get_hw_devices xc7z020_1]
set_property FULL_PROBES.FILE {} [get_hw_devices xc7z020_1]
set_property PROGRAM.FILE {C:/Users/Lenovo/Desktop/zynq7020-image-processing/sobel_04_uart_sobel_hdmi/sobel_04_uart_sobel_hdmi.runs/impl_1/top.bit} [get_hw_devices xc7z020_1]
program_hw_devices [get_hw_devices xc7z020_1]
ERROR: [Labtools 27-3165] End of startup status: LOW
ERROR: [Common 17-39] 'program_hw_devices' failed due to earlier errors.
ERROR: [Labtoolstcl 44-513] HW Target shutdown. Closing target: localhost:3121/xilinx_tcf/Digilent/210512180081
INFO: [Labtoolstcl 44-466] Opening hw_target localhost:3121/xilinx_tcf/Digilent/210512180081
WARNING: [Labtoolstcl 44-129] No matching hw_ila_data was found.
INFO: [Labtools 27-1435] Device xc7z020 (JTAG device index = 1) is not programmed (DONE status = 0).
WARNING: [Labtoolstcl 44-129] No matching hw_ila_data was found.
reset_run impl_1 -prev_step 
launch_runs impl_1 -to_step write_bitstream -jobs 6
[Thu Jun 18 11:18:09 2026] Launched impl_1...
Run output will be captured here: C:/Users/Lenovo/Desktop/zynq7020-image-processing/sobel_04_uart_sobel_hdmi/sobel_04_uart_sobel_hdmi.runs/impl_1/runme.log
set_property PROBES.FILE {} [get_hw_devices xc7z020_1]
set_property FULL_PROBES.FILE {} [get_hw_devices xc7z020_1]
set_property PROGRAM.FILE {C:/Users/Lenovo/Desktop/zynq7020-image-processing/sobel_04_uart_sobel_hdmi/sobel_04_uart_sobel_hdmi.runs/impl_1/top.bit} [get_hw_devices xc7z020_1]
program_hw_devices [get_hw_devices xc7z020_1]
INFO: [Labtools 27-3164] End of startup status: HIGH
refresh_hw_device [lindex [get_hw_devices xc7z020_1] 0]
INFO: [Labtools 27-1434] Device xc7z020 (JTAG device index = 1) is programmed with a design that has no supported debug core(s) in it.
WARNING: [Labtools 27-3361] The debug hub core was not detected.
Resolution: 
1. Make sure the clock connected to the debug hub (dbg_hub) core is a free running clock and is active.
2. Make sure the BSCAN_SWITCH_USER_MASK device property in Vivado Hardware Manager reflects the user scan chain setting in the design and refresh the device.  To determine the user scan chain setting in the design, open the implemented design and use 'get_property C_USER_SCAN_CHAIN [get_debug_cores dbg_hub]'.
For more details on setting the scan chain property, consult the Vivado Debug and Programming User Guide (UG908).
launch_sdk -workspace C:/Users/Lenovo/Desktop/zynq7020-image-processing/sobel_04_uart_sobel_hdmi/sobel_04_uart_sobel_hdmi.sdk -hwspec C:/Users/Lenovo/Desktop/zynq7020-image-processing/sobel_04_uart_sobel_hdmi/sobel_04_uart_sobel_hdmi.sdk/top.hdf
INFO: [Vivado 12-393] Launching SDK...
INFO: [Vivado 12-417] Running xsdk -workspace C:/Users/Lenovo/Desktop/zynq7020-image-processing/sobel_04_uart_sobel_hdmi/sobel_04_uart_sobel_hdmi.sdk -hwspec C:/Users/Lenovo/Desktop/zynq7020-image-processing/sobel_04_uart_sobel_hdmi/sobel_04_uart_sobel_hdmi.sdk/top.hdf
INFO: [Vivado 12-3157] SDK launch initiated. Please check console for any further messages.
open_run impl_1
INFO: [Netlist 29-17] Analyzing 508 Unisim elements for replacement
INFO: [Netlist 29-28] Unisim Transformation completed in 0 CPU seconds
INFO: [Project 1-479] Netlist was created with Vivado 2017.4
INFO: [Device 21-403] Loading part xc7z020clg400-2
INFO: [Project 1-570] Preparing netlist for logic optimization
Parsing XDC File [C:/Users/Lenovo/Desktop/zynq7020-image-processing/sobel_04_uart_sobel_hdmi/.Xil/Vivado-15648-PC039/dcp0/top_board.xdc]
Finished Parsing XDC File [C:/Users/Lenovo/Desktop/zynq7020-image-processing/sobel_04_uart_sobel_hdmi/.Xil/Vivado-15648-PC039/dcp0/top_board.xdc]
Parsing XDC File [C:/Users/Lenovo/Desktop/zynq7020-image-processing/sobel_04_uart_sobel_hdmi/.Xil/Vivado-15648-PC039/dcp0/top_early.xdc]
INFO: [Timing 38-35] Done setting XDC timing constraints. [C:/Users/Lenovo/Desktop/zynq7020-image-processing/sobel_04_uart_sobel_hdmi/sobel_04_uart_sobel_hdmi.srcs/sources_1/ip/video_clock/video_clock.xdc:57]
INFO: [Timing 38-2] Deriving generated clocks [C:/Users/Lenovo/Desktop/zynq7020-image-processing/sobel_04_uart_sobel_hdmi/sobel_04_uart_sobel_hdmi.srcs/sources_1/ip/video_clock/video_clock.xdc:57]
get_clocks: Time (s): cpu = 00:00:10 ; elapsed = 00:00:09 . Memory (MB): peak = 2472.402 ; gain = 569.465
Finished Parsing XDC File [C:/Users/Lenovo/Desktop/zynq7020-image-processing/sobel_04_uart_sobel_hdmi/.Xil/Vivado-15648-PC039/dcp0/top_early.xdc]
Parsing XDC File [C:/Users/Lenovo/Desktop/zynq7020-image-processing/sobel_04_uart_sobel_hdmi/.Xil/Vivado-15648-PC039/dcp0/top.xdc]
WARNING: [Constraints 18-619] A clock with name 'sys_clk' already exists, overwriting the previous clock with the same name. [C:/Users/Lenovo/Desktop/zynq7020-image-processing/sobel_04_uart_sobel_hdmi/sobel_04_uart_sobel_hdmi.srcs/constrs_1/new/hdmi_out_test.xdc:3]
Finished Parsing XDC File [C:/Users/Lenovo/Desktop/zynq7020-image-processing/sobel_04_uart_sobel_hdmi/.Xil/Vivado-15648-PC039/dcp0/top.xdc]
Parsing XDC File [C:/Users/Lenovo/Desktop/zynq7020-image-processing/sobel_04_uart_sobel_hdmi/.Xil/Vivado-15648-PC039/dcp0/top_late.xdc]
Finished Parsing XDC File [C:/Users/Lenovo/Desktop/zynq7020-image-processing/sobel_04_uart_sobel_hdmi/.Xil/Vivado-15648-PC039/dcp0/top_late.xdc]
Reading XDEF placement.
Reading placer database...
Reading XDEF routing.
Read XDEF File: Time (s): cpu = 00:00:00 ; elapsed = 00:00:00.849 . Memory (MB): peak = 2490.289 ; gain = 17.070
Restored from archive | CPU: 0.000000 secs | Memory: 0.000000 MB |
Finished XDEF File Restore: Time (s): cpu = 00:00:00 ; elapsed = 00:00:00.849 . Memory (MB): peak = 2490.289 ; gain = 17.070
Generating merged BMM file for the design top 'top'...
INFO: [Project 1-111] Unisim Transformation Summary:
  A total of 27 instances were transformed.
  RAM32M => RAM32M (RAMD32, RAMD32, RAMD32, RAMD32, RAMD32, RAMD32, RAMS32, RAMS32): 27 instances

open_run: Time (s): cpu = 00:00:31 ; elapsed = 00:00:24 . Memory (MB): peak = 2594.184 ; gain = 1086.484
report_timing_summary -delay_type min_max -report_unconstrained -check_timing_verbose -max_paths 10 -input_pins -routable_nets -name timing_1
INFO: [Timing 38-91] UpdateTimingParams: Speed grade: -2, Delay Type: min_max.
INFO: [Timing 38-191] Multithreading enabled for timing update using a maximum of 2 CPUs
CRITICAL WARNING: [Timing 38-249] Generated clock hdmi_pl_top_i/rgb2dvi_m0/U0/SerialClk has no logical paths from master clock clk_out1_video_clock.
Resolution: Review the path between the master clock and the generated clock with the schematic viewer and correct the -source option. If it is correct and the master clock does not have a timing path to the generated clock, define the generated clock as a primary clock by using create_clock.
reset_run synth_1
WARNING: [Vivado 12-1017] Problems encountered:
1. Failed to delete one or more files in run directory C:/Users/Lenovo/Desktop/zynq7020-image-processing/sobel_04_uart_sobel_hdmi/sobel_04_uart_sobel_hdmi.runs/synth_1

launch_runs synth_1 -jobs 6
[Thu Jun 18 11:30:41 2026] Launched synth_1...
Run output will be captured here: C:/Users/Lenovo/Desktop/zynq7020-image-processing/sobel_04_uart_sobel_hdmi/sobel_04_uart_sobel_hdmi.runs/synth_1/runme.log
launch_runs impl_1 -jobs 6
[Thu Jun 18 11:32:59 2026] Launched impl_1...
Run output will be captured here: C:/Users/Lenovo/Desktop/zynq7020-image-processing/sobel_04_uart_sobel_hdmi/sobel_04_uart_sobel_hdmi.runs/impl_1/runme.log
launch_runs impl_1 -to_step write_bitstream -jobs 6
[Thu Jun 18 11:35:12 2026] Launched impl_1...
Run output will be captured here: C:/Users/Lenovo/Desktop/zynq7020-image-processing/sobel_04_uart_sobel_hdmi/sobel_04_uart_sobel_hdmi.runs/impl_1/runme.log
set_property PROBES.FILE {} [get_hw_devices xc7z020_1]
set_property FULL_PROBES.FILE {} [get_hw_devices xc7z020_1]
set_property PROGRAM.FILE {C:/Users/Lenovo/Desktop/zynq7020-image-processing/sobel_04_uart_sobel_hdmi/sobel_04_uart_sobel_hdmi.runs/impl_1/top.bit} [get_hw_devices xc7z020_1]
program_hw_devices [get_hw_devices xc7z020_1]
INFO: [Labtools 27-3164] End of startup status: HIGH
refresh_hw_device [lindex [get_hw_devices xc7z020_1] 0]
INFO: [Labtools 27-1434] Device xc7z020 (JTAG device index = 1) is programmed with a design that has no supported debug core(s) in it.
WARNING: [Labtools 27-3361] The debug hub core was not detected.
Resolution: 
1. Make sure the clock connected to the debug hub (dbg_hub) core is a free running clock and is active.
2. Make sure the BSCAN_SWITCH_USER_MASK device property in Vivado Hardware Manager reflects the user scan chain setting in the design and refresh the device.  To determine the user scan chain setting in the design, open the implemented design and use 'get_property C_USER_SCAN_CHAIN [get_debug_cores dbg_hub]'.
For more details on setting the scan chain property, consult the Vivado Debug and Programming User Guide (UG908).
exit
INFO: [Common 17-206] Exiting Vivado at Thu Jun 18 11:39:18 2026...
