12:32:33 INFO  : Registering command handlers for SDK TCF services
12:32:34 INFO  : Launching XSCT server: xsct.bat -interactive D:\Github\FPGA-course\sobel\sobel_03_uart_hdmi\sobel_03_uart_hdmi.sdk\temp_xsdb_launch_script.tcl
12:32:35 INFO  : XSCT server has started successfully.
12:32:35 INFO  : Successfully done setting XSCT server connection channel  
12:32:35 INFO  : Successfully done setting SDK workspace  
12:32:35 INFO  : Processing command line option -hwspec D:/Github/FPGA-course/sobel/sobel_03_uart_hdmi/sobel_03_uart_hdmi.sdk/top.hdf.
12:34:23 INFO  : Registering command handlers for SDK TCF services
12:34:23 INFO  : Launching XSCT server: xsct.bat -interactive D:\Github\FPGA-course\sobel\sobel_03_uart_hdmi\sobel_03_uart_hdmi.sdk\temp_xsdb_launch_script.tcl
12:34:25 INFO  : XSCT server has started successfully.
12:34:25 INFO  : Successfully done setting XSCT server connection channel  
12:34:25 INFO  : Successfully done setting SDK workspace  
12:34:25 INFO  : Processing command line option -hwspec D:/Github/FPGA-course/sobel/sobel_03_uart_hdmi/sobel_03_uart_hdmi.sdk/top.hdf.
12:34:25 INFO  : Checking for hwspec changes in the project top_hw_platform_0.
12:34:26 INFO  : SDK has detected change in the last modified timestamps for source hardware specification file Source:1780547649030,  Project:1780547539097
12:34:26 INFO  : The hardware specification for project 'top_hw_platform_0' is different from D:/Github/FPGA-course/sobel/sobel_03_uart_hdmi/sobel_03_uart_hdmi.sdk/top.hdf.
12:34:26 INFO  : Copied contents of D:/Github/FPGA-course/sobel/sobel_03_uart_hdmi/sobel_03_uart_hdmi.sdk/top.hdf into \top_hw_platform_0\system.hdf.
12:34:28 INFO  : Synchronizing projects in the workspace with the hardware platform specification changes.
12:34:28 INFO  : Clearing existing target manager status.
12:34:28 WARN  : Given IPC port value is invalid. Using default port 2350
12:34:28 WARN  : Given XMD timeout value is invalid. Using default value of 50000
12:34:30 WARN  : Given XMD transaction timeout value is invalid. Using default value of 60000 milli seconds
12:34:30 INFO  : Workspace synchronized with the new hardware specification file. Cleaning dependent projects...
12:34:30 WARN  : Linker script will not be updated automatically. Users need to update it manually.
12:39:36 INFO  : 'targets -set -filter {jtag_cable_name =~ "Digilent JTAG-HS1 210512180081" && level==0} -index 1' command is executed.
12:39:36 INFO  : 'fpga -state' command is executed.
12:39:36 INFO  : Connected to target on host '127.0.0.1' and port '3121'.
12:39:36 INFO  : Jtag cable 'Digilent JTAG-HS1 210512180081' is selected.
12:39:36 INFO  : 'jtag frequency' command is executed.
12:39:36 INFO  : Sourcing of 'D:/Github/FPGA-course/sobel/sobel_03_uart_hdmi/sobel_03_uart_hdmi.sdk/top_hw_platform_0/ps7_init.tcl' is done.
12:39:36 INFO  : Context for 'APU' is selected.
12:39:36 INFO  : Hardware design information is loaded from 'D:/Github/FPGA-course/sobel/sobel_03_uart_hdmi/sobel_03_uart_hdmi.sdk/top_hw_platform_0/system.hdf'.
12:39:36 INFO  : 'configparams force-mem-access 1' command is executed.
12:39:36 INFO  : Context for 'APU' is selected.
12:39:37 INFO  : 'stop' command is executed.
12:39:37 INFO  : 'ps7_init' command is executed.
12:39:37 INFO  : 'ps7_post_config' command is executed.
12:39:37 INFO  : Context for processor 'ps7_cortexa9_0' is selected.
12:39:37 INFO  : Processor reset is completed for 'ps7_cortexa9_0'.
12:39:37 INFO  : Context for processor 'ps7_cortexa9_0' is selected.
12:39:37 INFO  : The application 'D:/Github/FPGA-course/sobel/sobel_03_uart_hdmi/sobel_03_uart_hdmi.sdk/ps_uart_bram_app/Debug/ps_uart_bram_app.elf' is downloaded to processor 'ps7_cortexa9_0'.
12:39:37 INFO  : 'configparams force-mem-access 0' command is executed.
12:39:37 INFO  : ----------------XSDB Script----------------
connect -url tcp:127.0.0.1:3121
source D:/Github/FPGA-course/sobel/sobel_03_uart_hdmi/sobel_03_uart_hdmi.sdk/top_hw_platform_0/ps7_init.tcl
targets -set -nocase -filter {name =~"APU*" && jtag_cable_name =~ "Digilent JTAG-HS1 210512180081"} -index 0
loadhw -hw D:/Github/FPGA-course/sobel/sobel_03_uart_hdmi/sobel_03_uart_hdmi.sdk/top_hw_platform_0/system.hdf -mem-ranges [list {0x40000000 0xbfffffff}]
configparams force-mem-access 1
targets -set -nocase -filter {name =~"APU*" && jtag_cable_name =~ "Digilent JTAG-HS1 210512180081"} -index 0
stop
ps7_init
ps7_post_config
targets -set -nocase -filter {name =~ "ARM*#0" && jtag_cable_name =~ "Digilent JTAG-HS1 210512180081"} -index 0
rst -processor
targets -set -nocase -filter {name =~ "ARM*#0" && jtag_cable_name =~ "Digilent JTAG-HS1 210512180081"} -index 0
dow D:/Github/FPGA-course/sobel/sobel_03_uart_hdmi/sobel_03_uart_hdmi.sdk/ps_uart_bram_app/Debug/ps_uart_bram_app.elf
configparams force-mem-access 0
----------------End of Script----------------

12:39:37 INFO  : Memory regions updated for context APU
12:39:37 INFO  : Context for processor 'ps7_cortexa9_0' is selected.
12:39:38 INFO  : 'con' command is executed.
12:39:38 INFO  : ----------------XSDB Script (After Launch)----------------
targets -set -nocase -filter {name =~ "ARM*#0" && jtag_cable_name =~ "Digilent JTAG-HS1 210512180081"} -index 0
con
----------------End of Script----------------

12:39:38 INFO  : Launch script is exported to file 'D:\Github\FPGA-course\sobel\sobel_03_uart_hdmi\sobel_03_uart_hdmi.sdk\.sdk\launch_scripts\xilinx_c-c++_application_(system_debugger)\system_debugger_using_debug_ps_uart_bram_app.elf_on_local.tcl'
12:40:25 INFO  : Disconnected from the channel tcfchan#1.
12:40:26 INFO  : 'targets -set -filter {jtag_cable_name =~ "Digilent JTAG-HS1 210512180081" && level==0} -index 1' command is executed.
12:40:26 INFO  : 'fpga -state' command is executed.
12:40:26 INFO  : Connected to target on host '127.0.0.1' and port '3121'.
12:40:26 INFO  : Jtag cable 'Digilent JTAG-HS1 210512180081' is selected.
12:40:26 INFO  : 'jtag frequency' command is executed.
12:40:26 INFO  : Sourcing of 'D:/Github/FPGA-course/sobel/sobel_03_uart_hdmi/sobel_03_uart_hdmi.sdk/top_hw_platform_0/ps7_init.tcl' is done.
12:40:26 INFO  : Context for 'APU' is selected.
12:40:27 INFO  : Hardware design information is loaded from 'D:/Github/FPGA-course/sobel/sobel_03_uart_hdmi/sobel_03_uart_hdmi.sdk/top_hw_platform_0/system.hdf'.
12:40:27 INFO  : 'configparams force-mem-access 1' command is executed.
12:40:27 INFO  : Context for 'APU' is selected.
12:40:27 INFO  : 'stop' command is executed.
12:40:27 INFO  : 'ps7_init' command is executed.
12:40:27 INFO  : 'ps7_post_config' command is executed.
12:40:27 INFO  : Context for processor 'ps7_cortexa9_0' is selected.
12:40:27 INFO  : Processor reset is completed for 'ps7_cortexa9_0'.
12:40:27 INFO  : Context for processor 'ps7_cortexa9_0' is selected.
12:40:27 INFO  : The application 'D:/Github/FPGA-course/sobel/sobel_03_uart_hdmi/sobel_03_uart_hdmi.sdk/ps_uart_bram_app/Debug/ps_uart_bram_app.elf' is downloaded to processor 'ps7_cortexa9_0'.
12:40:28 INFO  : 'configparams force-mem-access 0' command is executed.
12:40:28 INFO  : ----------------XSDB Script----------------
connect -url tcp:127.0.0.1:3121
source D:/Github/FPGA-course/sobel/sobel_03_uart_hdmi/sobel_03_uart_hdmi.sdk/top_hw_platform_0/ps7_init.tcl
targets -set -nocase -filter {name =~"APU*" && jtag_cable_name =~ "Digilent JTAG-HS1 210512180081"} -index 0
loadhw -hw D:/Github/FPGA-course/sobel/sobel_03_uart_hdmi/sobel_03_uart_hdmi.sdk/top_hw_platform_0/system.hdf -mem-ranges [list {0x40000000 0xbfffffff}]
configparams force-mem-access 1
targets -set -nocase -filter {name =~"APU*" && jtag_cable_name =~ "Digilent JTAG-HS1 210512180081"} -index 0
stop
ps7_init
ps7_post_config
targets -set -nocase -filter {name =~ "ARM*#0" && jtag_cable_name =~ "Digilent JTAG-HS1 210512180081"} -index 0
rst -processor
targets -set -nocase -filter {name =~ "ARM*#0" && jtag_cable_name =~ "Digilent JTAG-HS1 210512180081"} -index 0
dow D:/Github/FPGA-course/sobel/sobel_03_uart_hdmi/sobel_03_uart_hdmi.sdk/ps_uart_bram_app/Debug/ps_uart_bram_app.elf
configparams force-mem-access 0
----------------End of Script----------------

12:40:28 INFO  : Memory regions updated for context APU
12:40:28 INFO  : Context for processor 'ps7_cortexa9_0' is selected.
12:40:28 INFO  : 'con' command is executed.
12:40:28 INFO  : ----------------XSDB Script (After Launch)----------------
targets -set -nocase -filter {name =~ "ARM*#0" && jtag_cable_name =~ "Digilent JTAG-HS1 210512180081"} -index 0
con
----------------End of Script----------------

12:40:28 INFO  : Launch script is exported to file 'D:\Github\FPGA-course\sobel\sobel_03_uart_hdmi\sobel_03_uart_hdmi.sdk\.sdk\launch_scripts\xilinx_c-c++_application_(system_debugger)\system_debugger_using_debug_ps_uart_bram_app.elf_on_local.tcl'
12:41:14 INFO  : Disconnected from the channel tcfchan#2.
12:41:16 ERROR : Unexpected error while parsing XMD response ?: com.google.gson.JsonSyntaxException: com.google.gson.stream.MalformedJsonException: invalid number or unquoted string near 
21:04:49 INFO  : Registering command handlers for SDK TCF services
21:04:50 INFO  : Launching XSCT server: xsct.bat -interactive D:\Github\FPGA-course\sobel\sobel_03_uart_hdmi\sobel_03_uart_hdmi.sdk\temp_xsdb_launch_script.tcl
21:04:53 INFO  : XSCT server has started successfully.
21:05:00 INFO  : Successfully done setting XSCT server connection channel  
21:05:00 INFO  : Successfully done setting SDK workspace  
21:05:00 INFO  : Processing command line option -hwspec D:/Github/FPGA-course/sobel/sobel_03_uart_hdmi/sobel_03_uart_hdmi.sdk/top.hdf.
21:05:00 INFO  : Checking for hwspec changes in the project top_hw_platform_0.
21:06:39 INFO  : 'targets -set -filter {jtag_cable_name =~ "Digilent JTAG-HS1 210512180081" && level==0} -index 1' command is executed.
21:06:39 INFO  : 'fpga -state' command is executed.
21:06:39 INFO  : Connected to target on host '127.0.0.1' and port '3121'.
21:06:39 INFO  : Jtag cable 'Digilent JTAG-HS1 210512180081' is selected.
21:06:39 INFO  : 'jtag frequency' command is executed.
21:06:39 INFO  : Sourcing of 'D:/Github/FPGA-course/sobel/sobel_03_uart_hdmi/sobel_03_uart_hdmi.sdk/top_hw_platform_0/ps7_init.tcl' is done.
21:06:39 INFO  : Context for 'APU' is selected.
21:06:39 INFO  : Hardware design information is loaded from 'D:/Github/FPGA-course/sobel/sobel_03_uart_hdmi/sobel_03_uart_hdmi.sdk/top_hw_platform_0/system.hdf'.
21:06:39 INFO  : 'configparams force-mem-access 1' command is executed.
21:06:39 INFO  : Context for 'APU' is selected.
21:06:39 INFO  : 'stop' command is executed.
21:06:40 INFO  : 'ps7_init' command is executed.
21:06:40 INFO  : 'ps7_post_config' command is executed.
21:06:40 INFO  : Context for processor 'ps7_cortexa9_0' is selected.
21:06:40 INFO  : Processor reset is completed for 'ps7_cortexa9_0'.
21:06:40 INFO  : Context for processor 'ps7_cortexa9_0' is selected.
21:06:40 INFO  : The application 'D:/Github/FPGA-course/sobel/sobel_03_uart_hdmi/sobel_03_uart_hdmi.sdk/ps_uart_bram_app/Debug/ps_uart_bram_app.elf' is downloaded to processor 'ps7_cortexa9_0'.
21:06:40 INFO  : 'configparams force-mem-access 0' command is executed.
21:06:40 INFO  : ----------------XSDB Script----------------
connect -url tcp:127.0.0.1:3121
source D:/Github/FPGA-course/sobel/sobel_03_uart_hdmi/sobel_03_uart_hdmi.sdk/top_hw_platform_0/ps7_init.tcl
targets -set -nocase -filter {name =~"APU*" && jtag_cable_name =~ "Digilent JTAG-HS1 210512180081"} -index 0
loadhw -hw D:/Github/FPGA-course/sobel/sobel_03_uart_hdmi/sobel_03_uart_hdmi.sdk/top_hw_platform_0/system.hdf -mem-ranges [list {0x40000000 0xbfffffff}]
configparams force-mem-access 1
targets -set -nocase -filter {name =~"APU*" && jtag_cable_name =~ "Digilent JTAG-HS1 210512180081"} -index 0
stop
ps7_init
ps7_post_config
targets -set -nocase -filter {name =~ "ARM*#0" && jtag_cable_name =~ "Digilent JTAG-HS1 210512180081"} -index 0
rst -processor
targets -set -nocase -filter {name =~ "ARM*#0" && jtag_cable_name =~ "Digilent JTAG-HS1 210512180081"} -index 0
dow D:/Github/FPGA-course/sobel/sobel_03_uart_hdmi/sobel_03_uart_hdmi.sdk/ps_uart_bram_app/Debug/ps_uart_bram_app.elf
configparams force-mem-access 0
----------------End of Script----------------

21:06:40 INFO  : Memory regions updated for context APU
21:06:40 INFO  : Context for processor 'ps7_cortexa9_0' is selected.
21:06:40 INFO  : 'con' command is executed.
21:06:40 INFO  : ----------------XSDB Script (After Launch)----------------
targets -set -nocase -filter {name =~ "ARM*#0" && jtag_cable_name =~ "Digilent JTAG-HS1 210512180081"} -index 0
con
----------------End of Script----------------

21:06:40 INFO  : Launch script is exported to file 'D:\Github\FPGA-course\sobel\sobel_03_uart_hdmi\sobel_03_uart_hdmi.sdk\.sdk\launch_scripts\xilinx_c-c++_application_(system_debugger)\system_debugger_using_debug_ps_uart_bram_app.elf_on_local.tcl'
21:07:08 INFO  : Disconnected from the channel tcfchan#1.
21:07:09 INFO  : 'targets -set -filter {jtag_cable_name =~ "Digilent JTAG-HS1 210512180081" && level==0} -index 1' command is executed.
21:07:09 INFO  : 'fpga -state' command is executed.
21:07:09 INFO  : Connected to target on host '127.0.0.1' and port '3121'.
21:07:09 INFO  : Jtag cable 'Digilent JTAG-HS1 210512180081' is selected.
21:07:09 INFO  : 'jtag frequency' command is executed.
21:07:09 INFO  : Sourcing of 'D:/Github/FPGA-course/sobel/sobel_03_uart_hdmi/sobel_03_uart_hdmi.sdk/top_hw_platform_0/ps7_init.tcl' is done.
21:07:09 INFO  : Context for 'APU' is selected.
21:07:10 INFO  : Hardware design information is loaded from 'D:/Github/FPGA-course/sobel/sobel_03_uart_hdmi/sobel_03_uart_hdmi.sdk/top_hw_platform_0/system.hdf'.
21:07:10 INFO  : 'configparams force-mem-access 1' command is executed.
21:07:10 INFO  : Context for 'APU' is selected.
21:07:10 INFO  : 'stop' command is executed.
21:07:10 INFO  : 'ps7_init' command is executed.
21:07:10 INFO  : 'ps7_post_config' command is executed.
21:07:10 INFO  : Context for processor 'ps7_cortexa9_0' is selected.
21:07:10 INFO  : Processor reset is completed for 'ps7_cortexa9_0'.
21:07:10 INFO  : Context for processor 'ps7_cortexa9_0' is selected.
21:07:10 INFO  : The application 'D:/Github/FPGA-course/sobel/sobel_03_uart_hdmi/sobel_03_uart_hdmi.sdk/ps_uart_bram_app/Debug/ps_uart_bram_app.elf' is downloaded to processor 'ps7_cortexa9_0'.
21:07:10 INFO  : 'configparams force-mem-access 0' command is executed.
21:07:10 INFO  : ----------------XSDB Script----------------
connect -url tcp:127.0.0.1:3121
source D:/Github/FPGA-course/sobel/sobel_03_uart_hdmi/sobel_03_uart_hdmi.sdk/top_hw_platform_0/ps7_init.tcl
targets -set -nocase -filter {name =~"APU*" && jtag_cable_name =~ "Digilent JTAG-HS1 210512180081"} -index 0
loadhw -hw D:/Github/FPGA-course/sobel/sobel_03_uart_hdmi/sobel_03_uart_hdmi.sdk/top_hw_platform_0/system.hdf -mem-ranges [list {0x40000000 0xbfffffff}]
configparams force-mem-access 1
targets -set -nocase -filter {name =~"APU*" && jtag_cable_name =~ "Digilent JTAG-HS1 210512180081"} -index 0
stop
ps7_init
ps7_post_config
targets -set -nocase -filter {name =~ "ARM*#0" && jtag_cable_name =~ "Digilent JTAG-HS1 210512180081"} -index 0
rst -processor
targets -set -nocase -filter {name =~ "ARM*#0" && jtag_cable_name =~ "Digilent JTAG-HS1 210512180081"} -index 0
dow D:/Github/FPGA-course/sobel/sobel_03_uart_hdmi/sobel_03_uart_hdmi.sdk/ps_uart_bram_app/Debug/ps_uart_bram_app.elf
configparams force-mem-access 0
----------------End of Script----------------

21:07:10 INFO  : Memory regions updated for context APU
21:07:10 INFO  : Context for processor 'ps7_cortexa9_0' is selected.
21:07:10 INFO  : 'con' command is executed.
21:07:10 INFO  : ----------------XSDB Script (After Launch)----------------
targets -set -nocase -filter {name =~ "ARM*#0" && jtag_cable_name =~ "Digilent JTAG-HS1 210512180081"} -index 0
con
----------------End of Script----------------

21:07:10 INFO  : Launch script is exported to file 'D:\Github\FPGA-course\sobel\sobel_03_uart_hdmi\sobel_03_uart_hdmi.sdk\.sdk\launch_scripts\xilinx_c-c++_application_(system_debugger)\system_debugger_using_debug_ps_uart_bram_app.elf_on_local.tcl'
21:08:26 INFO  : Disconnected from the channel tcfchan#2.
21:08:27 INFO  : 'targets -set -filter {jtag_cable_name =~ "Digilent JTAG-HS1 210512180081" && level==0} -index 1' command is executed.
21:08:27 INFO  : 'fpga -state' command is executed.
21:08:27 INFO  : Connected to target on host '127.0.0.1' and port '3121'.
21:08:27 INFO  : Jtag cable 'Digilent JTAG-HS1 210512180081' is selected.
21:08:27 INFO  : 'jtag frequency' command is executed.
21:08:27 INFO  : Sourcing of 'D:/Github/FPGA-course/sobel/sobel_03_uart_hdmi/sobel_03_uart_hdmi.sdk/top_hw_platform_0/ps7_init.tcl' is done.
21:08:27 INFO  : Context for 'APU' is selected.
21:08:28 INFO  : Hardware design information is loaded from 'D:/Github/FPGA-course/sobel/sobel_03_uart_hdmi/sobel_03_uart_hdmi.sdk/top_hw_platform_0/system.hdf'.
21:08:28 INFO  : 'configparams force-mem-access 1' command is executed.
21:08:28 INFO  : Context for 'APU' is selected.
21:08:28 INFO  : 'stop' command is executed.
21:08:28 INFO  : 'ps7_init' command is executed.
21:08:28 INFO  : 'ps7_post_config' command is executed.
21:08:28 INFO  : Context for processor 'ps7_cortexa9_0' is selected.
21:08:28 INFO  : Processor reset is completed for 'ps7_cortexa9_0'.
21:08:28 INFO  : Context for processor 'ps7_cortexa9_0' is selected.
21:08:28 INFO  : The application 'D:/Github/FPGA-course/sobel/sobel_03_uart_hdmi/sobel_03_uart_hdmi.sdk/ps_uart_bram_app/Debug/ps_uart_bram_app.elf' is downloaded to processor 'ps7_cortexa9_0'.
21:08:28 INFO  : 'configparams force-mem-access 0' command is executed.
21:08:28 INFO  : ----------------XSDB Script----------------
connect -url tcp:127.0.0.1:3121
source D:/Github/FPGA-course/sobel/sobel_03_uart_hdmi/sobel_03_uart_hdmi.sdk/top_hw_platform_0/ps7_init.tcl
targets -set -nocase -filter {name =~"APU*" && jtag_cable_name =~ "Digilent JTAG-HS1 210512180081"} -index 0
loadhw -hw D:/Github/FPGA-course/sobel/sobel_03_uart_hdmi/sobel_03_uart_hdmi.sdk/top_hw_platform_0/system.hdf -mem-ranges [list {0x40000000 0xbfffffff}]
configparams force-mem-access 1
targets -set -nocase -filter {name =~"APU*" && jtag_cable_name =~ "Digilent JTAG-HS1 210512180081"} -index 0
stop
ps7_init
ps7_post_config
targets -set -nocase -filter {name =~ "ARM*#0" && jtag_cable_name =~ "Digilent JTAG-HS1 210512180081"} -index 0
rst -processor
targets -set -nocase -filter {name =~ "ARM*#0" && jtag_cable_name =~ "Digilent JTAG-HS1 210512180081"} -index 0
dow D:/Github/FPGA-course/sobel/sobel_03_uart_hdmi/sobel_03_uart_hdmi.sdk/ps_uart_bram_app/Debug/ps_uart_bram_app.elf
configparams force-mem-access 0
----------------End of Script----------------

21:08:29 INFO  : Memory regions updated for context APU
21:08:29 INFO  : Context for processor 'ps7_cortexa9_0' is selected.
21:08:29 INFO  : 'con' command is executed.
21:08:29 INFO  : ----------------XSDB Script (After Launch)----------------
targets -set -nocase -filter {name =~ "ARM*#0" && jtag_cable_name =~ "Digilent JTAG-HS1 210512180081"} -index 0
con
----------------End of Script----------------

21:08:29 INFO  : Launch script is exported to file 'D:\Github\FPGA-course\sobel\sobel_03_uart_hdmi\sobel_03_uart_hdmi.sdk\.sdk\launch_scripts\xilinx_c-c++_application_(system_debugger)\system_debugger_using_debug_ps_uart_bram_app.elf_on_local.tcl'
21:13:14 INFO  : Disconnected from the channel tcfchan#3.
21:13:15 INFO  : 'targets -set -filter {jtag_cable_name =~ "Digilent JTAG-HS1 210512180081" && level==0} -index 1' command is executed.
21:13:15 INFO  : 'fpga -state' command is executed.
21:13:15 INFO  : Connected to target on host '127.0.0.1' and port '3121'.
21:13:16 INFO  : Jtag cable 'Digilent JTAG-HS1 210512180081' is selected.
21:13:16 INFO  : 'jtag frequency' command is executed.
21:13:16 INFO  : Sourcing of 'D:/Github/FPGA-course/sobel/sobel_03_uart_hdmi/sobel_03_uart_hdmi.sdk/top_hw_platform_0/ps7_init.tcl' is done.
21:13:16 INFO  : Context for 'APU' is selected.
21:13:16 INFO  : Hardware design information is loaded from 'D:/Github/FPGA-course/sobel/sobel_03_uart_hdmi/sobel_03_uart_hdmi.sdk/top_hw_platform_0/system.hdf'.
21:13:16 INFO  : 'configparams force-mem-access 1' command is executed.
21:13:16 INFO  : Context for 'APU' is selected.
21:13:16 INFO  : 'stop' command is executed.
21:13:17 INFO  : 'ps7_init' command is executed.
21:13:17 INFO  : 'ps7_post_config' command is executed.
21:13:17 INFO  : Context for processor 'ps7_cortexa9_0' is selected.
21:13:17 INFO  : Processor reset is completed for 'ps7_cortexa9_0'.
21:13:17 INFO  : Context for processor 'ps7_cortexa9_0' is selected.
21:13:17 INFO  : The application 'D:/Github/FPGA-course/sobel/sobel_03_uart_hdmi/sobel_03_uart_hdmi.sdk/ps_uart_bram_app/Debug/ps_uart_bram_app.elf' is downloaded to processor 'ps7_cortexa9_0'.
21:13:17 INFO  : 'configparams force-mem-access 0' command is executed.
21:13:17 INFO  : ----------------XSDB Script----------------
connect -url tcp:127.0.0.1:3121
source D:/Github/FPGA-course/sobel/sobel_03_uart_hdmi/sobel_03_uart_hdmi.sdk/top_hw_platform_0/ps7_init.tcl
targets -set -nocase -filter {name =~"APU*" && jtag_cable_name =~ "Digilent JTAG-HS1 210512180081"} -index 0
loadhw -hw D:/Github/FPGA-course/sobel/sobel_03_uart_hdmi/sobel_03_uart_hdmi.sdk/top_hw_platform_0/system.hdf -mem-ranges [list {0x40000000 0xbfffffff}]
configparams force-mem-access 1
targets -set -nocase -filter {name =~"APU*" && jtag_cable_name =~ "Digilent JTAG-HS1 210512180081"} -index 0
stop
ps7_init
ps7_post_config
targets -set -nocase -filter {name =~ "ARM*#0" && jtag_cable_name =~ "Digilent JTAG-HS1 210512180081"} -index 0
rst -processor
targets -set -nocase -filter {name =~ "ARM*#0" && jtag_cable_name =~ "Digilent JTAG-HS1 210512180081"} -index 0
dow D:/Github/FPGA-course/sobel/sobel_03_uart_hdmi/sobel_03_uart_hdmi.sdk/ps_uart_bram_app/Debug/ps_uart_bram_app.elf
configparams force-mem-access 0
----------------End of Script----------------

21:13:17 INFO  : Memory regions updated for context APU
21:13:17 INFO  : Context for processor 'ps7_cortexa9_0' is selected.
21:13:17 INFO  : 'con' command is executed.
21:13:17 INFO  : ----------------XSDB Script (After Launch)----------------
targets -set -nocase -filter {name =~ "ARM*#0" && jtag_cable_name =~ "Digilent JTAG-HS1 210512180081"} -index 0
con
----------------End of Script----------------

21:13:17 INFO  : Launch script is exported to file 'D:\Github\FPGA-course\sobel\sobel_03_uart_hdmi\sobel_03_uart_hdmi.sdk\.sdk\launch_scripts\xilinx_c-c++_application_(system_debugger)\system_debugger_using_debug_ps_uart_bram_app.elf_on_local.tcl'
21:14:23 INFO  : Disconnected from the channel tcfchan#4.
21:14:24 INFO  : 'targets -set -filter {jtag_cable_name =~ "Digilent JTAG-HS1 210512180081" && level==0} -index 1' command is executed.
21:14:24 INFO  : 'fpga -state' command is executed.
21:14:24 INFO  : Connected to target on host '127.0.0.1' and port '3121'.
21:14:24 INFO  : Jtag cable 'Digilent JTAG-HS1 210512180081' is selected.
21:14:24 INFO  : 'jtag frequency' command is executed.
21:14:24 INFO  : Sourcing of 'D:/Github/FPGA-course/sobel/sobel_03_uart_hdmi/sobel_03_uart_hdmi.sdk/top_hw_platform_0/ps7_init.tcl' is done.
21:14:24 INFO  : Context for 'APU' is selected.
21:14:25 INFO  : Hardware design information is loaded from 'D:/Github/FPGA-course/sobel/sobel_03_uart_hdmi/sobel_03_uart_hdmi.sdk/top_hw_platform_0/system.hdf'.
21:14:25 INFO  : 'configparams force-mem-access 1' command is executed.
21:14:25 INFO  : Context for 'APU' is selected.
21:14:25 INFO  : 'stop' command is executed.
21:14:25 INFO  : 'ps7_init' command is executed.
21:14:25 INFO  : 'ps7_post_config' command is executed.
21:14:25 INFO  : Context for processor 'ps7_cortexa9_0' is selected.
21:14:25 INFO  : Processor reset is completed for 'ps7_cortexa9_0'.
21:14:25 INFO  : Context for processor 'ps7_cortexa9_0' is selected.
21:14:26 INFO  : The application 'D:/Github/FPGA-course/sobel/sobel_03_uart_hdmi/sobel_03_uart_hdmi.sdk/ps_uart_bram_app/Debug/ps_uart_bram_app.elf' is downloaded to processor 'ps7_cortexa9_0'.
21:14:26 INFO  : 'configparams force-mem-access 0' command is executed.
21:14:26 INFO  : ----------------XSDB Script----------------
connect -url tcp:127.0.0.1:3121
source D:/Github/FPGA-course/sobel/sobel_03_uart_hdmi/sobel_03_uart_hdmi.sdk/top_hw_platform_0/ps7_init.tcl
targets -set -nocase -filter {name =~"APU*" && jtag_cable_name =~ "Digilent JTAG-HS1 210512180081"} -index 0
loadhw -hw D:/Github/FPGA-course/sobel/sobel_03_uart_hdmi/sobel_03_uart_hdmi.sdk/top_hw_platform_0/system.hdf -mem-ranges [list {0x40000000 0xbfffffff}]
configparams force-mem-access 1
targets -set -nocase -filter {name =~"APU*" && jtag_cable_name =~ "Digilent JTAG-HS1 210512180081"} -index 0
stop
ps7_init
ps7_post_config
targets -set -nocase -filter {name =~ "ARM*#0" && jtag_cable_name =~ "Digilent JTAG-HS1 210512180081"} -index 0
rst -processor
targets -set -nocase -filter {name =~ "ARM*#0" && jtag_cable_name =~ "Digilent JTAG-HS1 210512180081"} -index 0
dow D:/Github/FPGA-course/sobel/sobel_03_uart_hdmi/sobel_03_uart_hdmi.sdk/ps_uart_bram_app/Debug/ps_uart_bram_app.elf
configparams force-mem-access 0
----------------End of Script----------------

21:14:26 INFO  : Memory regions updated for context APU
21:14:26 INFO  : Context for processor 'ps7_cortexa9_0' is selected.
21:14:26 INFO  : 'con' command is executed.
21:14:26 INFO  : ----------------XSDB Script (After Launch)----------------
targets -set -nocase -filter {name =~ "ARM*#0" && jtag_cable_name =~ "Digilent JTAG-HS1 210512180081"} -index 0
con
----------------End of Script----------------

21:14:26 INFO  : Launch script is exported to file 'D:\Github\FPGA-course\sobel\sobel_03_uart_hdmi\sobel_03_uart_hdmi.sdk\.sdk\launch_scripts\xilinx_c-c++_application_(system_debugger)\system_debugger_using_debug_ps_uart_bram_app.elf_on_local.tcl'
21:14:38 INFO  : Disconnected from the channel tcfchan#5.
21:14:52 INFO  : Registering command handlers for SDK TCF services
21:14:52 INFO  : Launching XSCT server: xsct.bat -interactive D:\Github\FPGA-course\sobel\sobel_03_uart_hdmi\sobel_03_uart_hdmi.sdk\temp_xsdb_launch_script.tcl
21:14:54 INFO  : XSCT server has started successfully.
21:14:55 INFO  : Successfully done setting XSCT server connection channel  
21:14:55 INFO  : Successfully done setting SDK workspace  
21:14:55 INFO  : Processing command line option -hwspec D:/Github/FPGA-course/sobel/sobel_03_uart_hdmi/sobel_03_uart_hdmi.sdk/top.hdf.
21:14:55 INFO  : Checking for hwspec changes in the project top_hw_platform_0.
21:15:13 INFO  : 'targets -set -filter {jtag_cable_name =~ "Digilent JTAG-HS1 210512180081" && level==0} -index 1' command is executed.
21:15:13 INFO  : 'fpga -state' command is executed.
21:15:13 INFO  : Connected to target on host '127.0.0.1' and port '3121'.
21:15:13 INFO  : Jtag cable 'Digilent JTAG-HS1 210512180081' is selected.
21:15:13 INFO  : 'jtag frequency' command is executed.
21:15:13 INFO  : Sourcing of 'D:/Github/FPGA-course/sobel/sobel_03_uart_hdmi/sobel_03_uart_hdmi.sdk/top_hw_platform_0/ps7_init.tcl' is done.
21:15:13 INFO  : Context for 'APU' is selected.
21:15:14 INFO  : Hardware design information is loaded from 'D:/Github/FPGA-course/sobel/sobel_03_uart_hdmi/sobel_03_uart_hdmi.sdk/top_hw_platform_0/system.hdf'.
21:15:14 INFO  : 'configparams force-mem-access 1' command is executed.
21:15:14 INFO  : Context for 'APU' is selected.
21:15:14 INFO  : 'stop' command is executed.
21:15:14 INFO  : 'ps7_init' command is executed.
21:15:14 INFO  : 'ps7_post_config' command is executed.
21:15:14 INFO  : Context for processor 'ps7_cortexa9_0' is selected.
21:15:14 INFO  : Processor reset is completed for 'ps7_cortexa9_0'.
21:15:14 INFO  : Context for processor 'ps7_cortexa9_0' is selected.
21:15:14 INFO  : The application 'D:/Github/FPGA-course/sobel/sobel_03_uart_hdmi/sobel_03_uart_hdmi.sdk/ps_uart_bram_app/Debug/ps_uart_bram_app.elf' is downloaded to processor 'ps7_cortexa9_0'.
21:15:14 INFO  : 'configparams force-mem-access 0' command is executed.
21:15:14 INFO  : ----------------XSDB Script----------------
connect -url tcp:127.0.0.1:3121
source D:/Github/FPGA-course/sobel/sobel_03_uart_hdmi/sobel_03_uart_hdmi.sdk/top_hw_platform_0/ps7_init.tcl
targets -set -nocase -filter {name =~"APU*" && jtag_cable_name =~ "Digilent JTAG-HS1 210512180081"} -index 0
loadhw -hw D:/Github/FPGA-course/sobel/sobel_03_uart_hdmi/sobel_03_uart_hdmi.sdk/top_hw_platform_0/system.hdf -mem-ranges [list {0x40000000 0xbfffffff}]
configparams force-mem-access 1
targets -set -nocase -filter {name =~"APU*" && jtag_cable_name =~ "Digilent JTAG-HS1 210512180081"} -index 0
stop
ps7_init
ps7_post_config
targets -set -nocase -filter {name =~ "ARM*#0" && jtag_cable_name =~ "Digilent JTAG-HS1 210512180081"} -index 0
rst -processor
targets -set -nocase -filter {name =~ "ARM*#0" && jtag_cable_name =~ "Digilent JTAG-HS1 210512180081"} -index 0
dow D:/Github/FPGA-course/sobel/sobel_03_uart_hdmi/sobel_03_uart_hdmi.sdk/ps_uart_bram_app/Debug/ps_uart_bram_app.elf
configparams force-mem-access 0
----------------End of Script----------------

21:15:14 INFO  : Memory regions updated for context APU
21:15:15 INFO  : Context for processor 'ps7_cortexa9_0' is selected.
21:15:15 INFO  : 'con' command is executed.
21:15:15 INFO  : ----------------XSDB Script (After Launch)----------------
targets -set -nocase -filter {name =~ "ARM*#0" && jtag_cable_name =~ "Digilent JTAG-HS1 210512180081"} -index 0
con
----------------End of Script----------------

21:15:15 INFO  : Launch script is exported to file 'D:\Github\FPGA-course\sobel\sobel_03_uart_hdmi\sobel_03_uart_hdmi.sdk\.sdk\launch_scripts\xilinx_c-c++_application_(system_debugger)\system_debugger_using_debug_ps_uart_bram_app.elf_on_local.tcl'
21:21:06 INFO  : Disconnected from the channel tcfchan#1.
21:21:07 INFO  : 'targets -set -filter {jtag_cable_name =~ "Digilent JTAG-HS1 210512180081" && level==0} -index 1' command is executed.
21:21:07 INFO  : 'fpga -state' command is executed.
21:21:07 INFO  : Connected to target on host '127.0.0.1' and port '3121'.
21:21:07 INFO  : Jtag cable 'Digilent JTAG-HS1 210512180081' is selected.
21:21:07 INFO  : 'jtag frequency' command is executed.
21:21:07 INFO  : Sourcing of 'D:/Github/FPGA-course/sobel/sobel_03_uart_hdmi/sobel_03_uart_hdmi.sdk/top_hw_platform_0/ps7_init.tcl' is done.
21:21:07 INFO  : Context for 'APU' is selected.
21:21:08 INFO  : Hardware design information is loaded from 'D:/Github/FPGA-course/sobel/sobel_03_uart_hdmi/sobel_03_uart_hdmi.sdk/top_hw_platform_0/system.hdf'.
21:21:08 INFO  : 'configparams force-mem-access 1' command is executed.
21:21:08 INFO  : Context for 'APU' is selected.
21:21:08 INFO  : 'stop' command is executed.
21:21:08 INFO  : 'ps7_init' command is executed.
21:21:09 INFO  : 'ps7_post_config' command is executed.
21:21:09 INFO  : Context for processor 'ps7_cortexa9_0' is selected.
21:21:09 INFO  : Processor reset is completed for 'ps7_cortexa9_0'.
21:21:09 INFO  : Context for processor 'ps7_cortexa9_0' is selected.
21:21:09 INFO  : The application 'D:/Github/FPGA-course/sobel/sobel_03_uart_hdmi/sobel_03_uart_hdmi.sdk/ps_uart_bram_app/Debug/ps_uart_bram_app.elf' is downloaded to processor 'ps7_cortexa9_0'.
21:21:09 INFO  : 'configparams force-mem-access 0' command is executed.
21:21:09 INFO  : ----------------XSDB Script----------------
connect -url tcp:127.0.0.1:3121
source D:/Github/FPGA-course/sobel/sobel_03_uart_hdmi/sobel_03_uart_hdmi.sdk/top_hw_platform_0/ps7_init.tcl
targets -set -nocase -filter {name =~"APU*" && jtag_cable_name =~ "Digilent JTAG-HS1 210512180081"} -index 0
loadhw -hw D:/Github/FPGA-course/sobel/sobel_03_uart_hdmi/sobel_03_uart_hdmi.sdk/top_hw_platform_0/system.hdf -mem-ranges [list {0x40000000 0xbfffffff}]
configparams force-mem-access 1
targets -set -nocase -filter {name =~"APU*" && jtag_cable_name =~ "Digilent JTAG-HS1 210512180081"} -index 0
stop
ps7_init
ps7_post_config
targets -set -nocase -filter {name =~ "ARM*#0" && jtag_cable_name =~ "Digilent JTAG-HS1 210512180081"} -index 0
rst -processor
targets -set -nocase -filter {name =~ "ARM*#0" && jtag_cable_name =~ "Digilent JTAG-HS1 210512180081"} -index 0
dow D:/Github/FPGA-course/sobel/sobel_03_uart_hdmi/sobel_03_uart_hdmi.sdk/ps_uart_bram_app/Debug/ps_uart_bram_app.elf
configparams force-mem-access 0
----------------End of Script----------------

21:21:09 INFO  : Memory regions updated for context APU
21:21:09 INFO  : Context for processor 'ps7_cortexa9_0' is selected.
21:21:09 INFO  : 'con' command is executed.
21:21:09 INFO  : ----------------XSDB Script (After Launch)----------------
targets -set -nocase -filter {name =~ "ARM*#0" && jtag_cable_name =~ "Digilent JTAG-HS1 210512180081"} -index 0
con
----------------End of Script----------------

21:21:09 INFO  : Launch script is exported to file 'D:\Github\FPGA-course\sobel\sobel_03_uart_hdmi\sobel_03_uart_hdmi.sdk\.sdk\launch_scripts\xilinx_c-c++_application_(system_debugger)\system_debugger_using_debug_ps_uart_bram_app.elf_on_local.tcl'
22:48:38 INFO  : Disconnected from the channel tcfchan#2.
15:20:23 INFO  : Registering command handlers for SDK TCF services
15:20:24 INFO  : Launching XSCT server: xsct.bat -interactive D:\Github\FPGA-course\zynq7020-iage-processing\sobel_03_uart_hdmi\sobel_03_uart_hdmi.sdk\temp_xsdb_launch_script.tcl
15:20:27 INFO  : XSCT server has started successfully.
15:20:36 INFO  : Successfully done setting XSCT server connection channel  
15:20:36 INFO  : Successfully done setting SDK workspace  
15:20:36 INFO  : Processing command line option -hwspec D:/Github/FPGA-course/zynq7020-iage-processing/sobel_03_uart_hdmi/sobel_03_uart_hdmi.sdk/top.hdf.
15:27:16 INFO  : Registering command handlers for SDK TCF services
15:27:17 INFO  : Launching XSCT server: xsct.bat -interactive D:\Github\FPGA-course\zynq7020-iage-processing\sobel_03_uart_hdmi\sobel_03_uart_hdmi.sdk\temp_xsdb_launch_script.tcl
15:27:18 INFO  : XSCT server has started successfully.
15:27:18 INFO  : Successfully done setting XSCT server connection channel  
15:27:18 INFO  : Successfully done setting SDK workspace  
15:27:18 INFO  : Processing command line option -hwspec D:/Github/FPGA-course/zynq7020-iage-processing/sobel_03_uart_hdmi/sobel_03_uart_hdmi.sdk/top.hdf.
15:35:32 INFO  : Registering command handlers for SDK TCF services
15:35:32 INFO  : Launching XSCT server: xsct.bat -interactive D:\Github\FPGA-course\zynq7020-iage-processing\sobel_03_uart_hdmi\sobel_03_uart_hdmi.sdk\temp_xsdb_launch_script.tcl
15:35:34 INFO  : XSCT server has started successfully.
15:35:34 INFO  : Successfully done setting XSCT server connection channel  
15:35:34 INFO  : Successfully done setting SDK workspace  
15:35:34 INFO  : Processing command line option -hwspec D:/Github/FPGA-course/zynq7020-iage-processing/sobel_03_uart_hdmi/sobel_03_uart_hdmi.sdk/top.hdf.
15:36:28 INFO  : Launching XSCT server: xsct.bat -interactive D:\Github\FPGA-course\zynq7020-iage-processing\sobel_03_uart_hdmi\sobel_03_uart_hdmi.sdk\temp_xsdb_launch_script.tcl
15:36:29 INFO  : XSCT server has started successfully.
15:36:31 INFO  : Successfully done setting XSCT server connection channel  
15:36:31 INFO  : Successfully done setting SDK workspace  
15:36:32 INFO  : Registering command handlers for SDK TCF services
15:36:33 INFO  : Processing command line option -hwspec D:/Github/FPGA-course/zynq7020-iage-processing/sobel_03_uart_hdmi/sobel_03_uart_hdmi.sdk/top.hdf.
15:36:33 INFO  : Checking for hwspec changes in the project top_hw_platform_0.
15:36:33 INFO  : SDK has detected change in the last modified timestamps for source hardware specification file Source:1781076978570,  Project:1780547649030
15:36:33 INFO  : The hardware specification for project 'top_hw_platform_0' is different from D:/Github/FPGA-course/zynq7020-iage-processing/sobel_03_uart_hdmi/sobel_03_uart_hdmi.sdk/top.hdf.
15:36:33 INFO  : Copied contents of D:/Github/FPGA-course/zynq7020-iage-processing/sobel_03_uart_hdmi/sobel_03_uart_hdmi.sdk/top.hdf into \top_hw_platform_0\system.hdf.
15:36:35 INFO  : Synchronizing projects in the workspace with the hardware platform specification changes.
15:36:35 INFO  : Clearing existing target manager status.
15:36:35 WARN  : Given IPC port value is invalid. Using default port 2350
15:36:35 WARN  : Given XMD timeout value is invalid. Using default value of 50000
15:36:37 WARN  : Given XMD transaction timeout value is invalid. Using default value of 60000 milli seconds
15:36:37 INFO  : Workspace synchronized with the new hardware specification file. Cleaning dependent projects...
15:36:37 WARN  : Linker script will not be updated automatically. Users need to update it manually.
15:36:55 ERROR : Unexpected error while parsing XMD response ?: com.google.gson.JsonSyntaxException: com.google.gson.stream.MalformedJsonException: invalid number or unquoted string near 
15:38:08 INFO  : Registering command handlers for SDK TCF services
15:38:08 INFO  : Launching XSCT server: xsct.bat -interactive D:\Github\FPGA-course\zynq7020-iage-processing\sobel_03_uart_hdmi\sobel_03_uart_hdmi.sdk\temp_xsdb_launch_script.tcl
15:38:11 INFO  : XSCT server has started successfully.
15:38:11 INFO  : Successfully done setting XSCT server connection channel  
15:38:11 INFO  : Successfully done setting SDK workspace  
15:38:11 INFO  : Processing command line option -hwspec D:/Github/FPGA-course/zynq7020-iage-processing/sobel_03_uart_hdmi/sobel_03_uart_hdmi.sdk/top.hdf.
15:38:11 INFO  : Checking for hwspec changes in the project top_hw_platform_0.
15:40:09 INFO  : 'targets -set -filter {jtag_cable_name =~ "Digilent JTAG-HS1 210512180081" && level==0} -index 1' command is executed.
15:40:09 INFO  : 'fpga -state' command is executed.
15:40:09 INFO  : Connected to target on host '127.0.0.1' and port '3121'.
15:40:09 INFO  : Jtag cable 'Digilent JTAG-HS1 210512180081' is selected.
15:40:09 INFO  : 'jtag frequency' command is executed.
15:40:09 INFO  : Sourcing of 'D:/Github/FPGA-course/zynq7020-iage-processing/sobel_03_uart_hdmi/sobel_03_uart_hdmi.sdk/top_hw_platform_0/ps7_init.tcl' is done.
15:40:09 INFO  : Context for 'APU' is selected.
15:40:10 INFO  : Hardware design information is loaded from 'D:/Github/FPGA-course/zynq7020-iage-processing/sobel_03_uart_hdmi/sobel_03_uart_hdmi.sdk/top_hw_platform_0/system.hdf'.
15:40:10 INFO  : 'configparams force-mem-access 1' command is executed.
15:40:10 INFO  : Context for 'APU' is selected.
15:40:10 INFO  : 'stop' command is executed.
15:40:10 INFO  : 'ps7_init' command is executed.
15:40:10 INFO  : 'ps7_post_config' command is executed.
15:40:10 INFO  : Context for processor 'ps7_cortexa9_0' is selected.
15:40:10 INFO  : Processor reset is completed for 'ps7_cortexa9_0'.
15:40:10 INFO  : Context for processor 'ps7_cortexa9_0' is selected.
15:40:11 INFO  : The application 'D:/Github/FPGA-course/zynq7020-iage-processing/sobel_03_uart_hdmi/sobel_03_uart_hdmi.sdk/ps_uart_bram_app/Debug/ps_uart_bram_app.elf' is downloaded to processor 'ps7_cortexa9_0'.
15:40:11 INFO  : 'configparams force-mem-access 0' command is executed.
15:40:11 INFO  : ----------------XSDB Script----------------
connect -url tcp:127.0.0.1:3121
source D:/Github/FPGA-course/zynq7020-iage-processing/sobel_03_uart_hdmi/sobel_03_uart_hdmi.sdk/top_hw_platform_0/ps7_init.tcl
targets -set -nocase -filter {name =~"APU*" && jtag_cable_name =~ "Digilent JTAG-HS1 210512180081"} -index 0
loadhw -hw D:/Github/FPGA-course/zynq7020-iage-processing/sobel_03_uart_hdmi/sobel_03_uart_hdmi.sdk/top_hw_platform_0/system.hdf -mem-ranges [list {0x40000000 0xbfffffff}]
configparams force-mem-access 1
targets -set -nocase -filter {name =~"APU*" && jtag_cable_name =~ "Digilent JTAG-HS1 210512180081"} -index 0
stop
ps7_init
ps7_post_config
targets -set -nocase -filter {name =~ "ARM*#0" && jtag_cable_name =~ "Digilent JTAG-HS1 210512180081"} -index 0
rst -processor
targets -set -nocase -filter {name =~ "ARM*#0" && jtag_cable_name =~ "Digilent JTAG-HS1 210512180081"} -index 0
dow D:/Github/FPGA-course/zynq7020-iage-processing/sobel_03_uart_hdmi/sobel_03_uart_hdmi.sdk/ps_uart_bram_app/Debug/ps_uart_bram_app.elf
configparams force-mem-access 0
----------------End of Script----------------

15:40:11 INFO  : Memory regions updated for context APU
15:40:11 INFO  : Context for processor 'ps7_cortexa9_0' is selected.
15:40:11 INFO  : 'con' command is executed.
15:40:11 INFO  : ----------------XSDB Script (After Launch)----------------
targets -set -nocase -filter {name =~ "ARM*#0" && jtag_cable_name =~ "Digilent JTAG-HS1 210512180081"} -index 0
con
----------------End of Script----------------

15:40:11 INFO  : Launch script is exported to file 'D:\Github\FPGA-course\zynq7020-iage-processing\sobel_03_uart_hdmi\sobel_03_uart_hdmi.sdk\.sdk\launch_scripts\xilinx_c-c++_application_(system_debugger)\system_debugger_using_debug_ps_uart_bram_app.elf_on_local.tcl'
15:40:20 INFO  : Disconnected from the channel tcfchan#1.
10:03:30 INFO  : Registering command handlers for SDK TCF services
10:03:30 INFO  : Launching XSCT server: xsct.bat -interactive C:\Users\Lenovo\Desktop\zynq7020-image-processing\sobel_03_uart_hdmi\sobel_03_uart_hdmi.sdk\temp_xsdb_launch_script.tcl
10:03:32 INFO  : XSCT server has started successfully.
10:03:35 INFO  : Successfully done setting XSCT server connection channel  
10:03:35 INFO  : Successfully done setting SDK workspace  
10:03:35 INFO  : Processing command line option -hwspec C:/Users/Lenovo/Desktop/zynq7020-image-processing/sobel_03_uart_hdmi/sobel_03_uart_hdmi.sdk/top.hdf.
10:05:12 INFO  : 'targets -set -filter {jtag_cable_name =~ "Digilent JTAG-HS1 210512180081" && level==0} -index 1' command is executed.
10:05:12 INFO  : 'fpga -state' command is executed.
10:05:12 INFO  : Connected to target on host '127.0.0.1' and port '3121'.
10:05:12 INFO  : Jtag cable 'Digilent JTAG-HS1 210512180081' is selected.
10:05:12 INFO  : 'jtag frequency' command is executed.
10:05:12 INFO  : Sourcing of 'C:/Users/Lenovo/Desktop/zynq7020-image-processing/sobel_03_uart_hdmi/sobel_03_uart_hdmi.sdk/top_hw_platform_0/ps7_init.tcl' is done.
10:05:12 INFO  : Context for 'APU' is selected.
10:05:13 INFO  : Hardware design information is loaded from 'C:/Users/Lenovo/Desktop/zynq7020-image-processing/sobel_03_uart_hdmi/sobel_03_uart_hdmi.sdk/top_hw_platform_0/system.hdf'.
10:05:13 INFO  : 'configparams force-mem-access 1' command is executed.
10:05:13 INFO  : Context for 'APU' is selected.
10:05:13 INFO  : 'stop' command is executed.
10:05:13 INFO  : 'ps7_init' command is executed.
10:05:13 INFO  : 'ps7_post_config' command is executed.
10:05:13 INFO  : Context for processor 'ps7_cortexa9_0' is selected.
10:05:13 INFO  : Processor reset is completed for 'ps7_cortexa9_0'.
10:05:13 INFO  : Context for processor 'ps7_cortexa9_0' is selected.
10:05:13 INFO  : The application 'C:/Users/Lenovo/Desktop/zynq7020-image-processing/sobel_03_uart_hdmi/sobel_03_uart_hdmi.sdk/ps_uart_bram_app/Debug/ps_uart_bram_app.elf' is downloaded to processor 'ps7_cortexa9_0'.
10:05:13 INFO  : 'configparams force-mem-access 0' command is executed.
10:05:13 INFO  : ----------------XSDB Script----------------
connect -url tcp:127.0.0.1:3121
source C:/Users/Lenovo/Desktop/zynq7020-image-processing/sobel_03_uart_hdmi/sobel_03_uart_hdmi.sdk/top_hw_platform_0/ps7_init.tcl
targets -set -nocase -filter {name =~"APU*" && jtag_cable_name =~ "Digilent JTAG-HS1 210512180081"} -index 0
loadhw -hw C:/Users/Lenovo/Desktop/zynq7020-image-processing/sobel_03_uart_hdmi/sobel_03_uart_hdmi.sdk/top_hw_platform_0/system.hdf -mem-ranges [list {0x40000000 0xbfffffff}]
configparams force-mem-access 1
targets -set -nocase -filter {name =~"APU*" && jtag_cable_name =~ "Digilent JTAG-HS1 210512180081"} -index 0
stop
ps7_init
ps7_post_config
targets -set -nocase -filter {name =~ "ARM*#0" && jtag_cable_name =~ "Digilent JTAG-HS1 210512180081"} -index 0
rst -processor
targets -set -nocase -filter {name =~ "ARM*#0" && jtag_cable_name =~ "Digilent JTAG-HS1 210512180081"} -index 0
dow C:/Users/Lenovo/Desktop/zynq7020-image-processing/sobel_03_uart_hdmi/sobel_03_uart_hdmi.sdk/ps_uart_bram_app/Debug/ps_uart_bram_app.elf
configparams force-mem-access 0
----------------End of Script----------------

10:05:13 INFO  : Memory regions updated for context APU
10:05:14 INFO  : Context for processor 'ps7_cortexa9_0' is selected.
10:05:14 INFO  : 'con' command is executed.
10:05:14 INFO  : ----------------XSDB Script (After Launch)----------------
targets -set -nocase -filter {name =~ "ARM*#0" && jtag_cable_name =~ "Digilent JTAG-HS1 210512180081"} -index 0
con
----------------End of Script----------------

10:05:14 INFO  : Launch script is exported to file 'C:\Users\Lenovo\Desktop\zynq7020-image-processing\sobel_03_uart_hdmi\sobel_03_uart_hdmi.sdk\.sdk\launch_scripts\xilinx_c-c++_application_(system_debugger)\system_debugger_using_debug_ps_uart_bram_app.elf_on_local.tcl'
10:29:25 INFO  : Disconnected from the channel tcfchan#1.
10:29:26 INFO  : 'targets -set -filter {jtag_cable_name =~ "Digilent JTAG-HS1 210512180081" && level==0} -index 1' command is executed.
10:29:26 INFO  : 'fpga -state' command is executed.
10:29:26 INFO  : Connected to target on host '127.0.0.1' and port '3121'.
10:29:26 INFO  : Jtag cable 'Digilent JTAG-HS1 210512180081' is selected.
10:29:26 INFO  : 'jtag frequency' command is executed.
10:29:26 INFO  : Sourcing of 'C:/Users/Lenovo/Desktop/zynq7020-image-processing/sobel_03_uart_hdmi/sobel_03_uart_hdmi.sdk/top_hw_platform_0/ps7_init.tcl' is done.
10:29:26 INFO  : Context for 'APU' is selected.
10:29:27 INFO  : Hardware design information is loaded from 'C:/Users/Lenovo/Desktop/zynq7020-image-processing/sobel_03_uart_hdmi/sobel_03_uart_hdmi.sdk/top_hw_platform_0/system.hdf'.
10:29:27 INFO  : 'configparams force-mem-access 1' command is executed.
10:29:27 INFO  : Context for 'APU' is selected.
10:29:27 INFO  : 'stop' command is executed.
10:29:28 INFO  : 'ps7_init' command is executed.
10:29:28 INFO  : 'ps7_post_config' command is executed.
10:29:28 INFO  : Context for processor 'ps7_cortexa9_0' is selected.
10:29:28 INFO  : Processor reset is completed for 'ps7_cortexa9_0'.
10:29:28 INFO  : Context for processor 'ps7_cortexa9_0' is selected.
10:29:28 INFO  : The application 'C:/Users/Lenovo/Desktop/zynq7020-image-processing/sobel_03_uart_hdmi/sobel_03_uart_hdmi.sdk/ps_uart_bram_app/Debug/ps_uart_bram_app.elf' is downloaded to processor 'ps7_cortexa9_0'.
10:29:28 INFO  : 'configparams force-mem-access 0' command is executed.
10:29:28 INFO  : ----------------XSDB Script----------------
connect -url tcp:127.0.0.1:3121
source C:/Users/Lenovo/Desktop/zynq7020-image-processing/sobel_03_uart_hdmi/sobel_03_uart_hdmi.sdk/top_hw_platform_0/ps7_init.tcl
targets -set -nocase -filter {name =~"APU*" && jtag_cable_name =~ "Digilent JTAG-HS1 210512180081"} -index 0
loadhw -hw C:/Users/Lenovo/Desktop/zynq7020-image-processing/sobel_03_uart_hdmi/sobel_03_uart_hdmi.sdk/top_hw_platform_0/system.hdf -mem-ranges [list {0x40000000 0xbfffffff}]
configparams force-mem-access 1
targets -set -nocase -filter {name =~"APU*" && jtag_cable_name =~ "Digilent JTAG-HS1 210512180081"} -index 0
stop
ps7_init
ps7_post_config
targets -set -nocase -filter {name =~ "ARM*#0" && jtag_cable_name =~ "Digilent JTAG-HS1 210512180081"} -index 0
rst -processor
targets -set -nocase -filter {name =~ "ARM*#0" && jtag_cable_name =~ "Digilent JTAG-HS1 210512180081"} -index 0
dow C:/Users/Lenovo/Desktop/zynq7020-image-processing/sobel_03_uart_hdmi/sobel_03_uart_hdmi.sdk/ps_uart_bram_app/Debug/ps_uart_bram_app.elf
configparams force-mem-access 0
----------------End of Script----------------

10:29:28 INFO  : Memory regions updated for context APU
10:29:28 INFO  : Context for processor 'ps7_cortexa9_0' is selected.
10:29:28 INFO  : 'con' command is executed.
10:29:28 INFO  : ----------------XSDB Script (After Launch)----------------
targets -set -nocase -filter {name =~ "ARM*#0" && jtag_cable_name =~ "Digilent JTAG-HS1 210512180081"} -index 0
con
----------------End of Script----------------

10:29:28 INFO  : Launch script is exported to file 'C:\Users\Lenovo\Desktop\zynq7020-image-processing\sobel_03_uart_hdmi\sobel_03_uart_hdmi.sdk\.sdk\launch_scripts\xilinx_c-c++_application_(system_debugger)\system_debugger_using_debug_ps_uart_bram_app.elf_on_local.tcl'
11:04:27 INFO  : Disconnected from the channel tcfchan#2.
11:04:28 INFO  : 'targets -set -filter {jtag_cable_name =~ "Digilent JTAG-HS1 210512180081" && level==0} -index 1' command is executed.
11:04:28 INFO  : 'fpga -state' command is executed.
11:04:35 INFO  : Connected to target on host '127.0.0.1' and port '3121'.
11:04:35 INFO  : Jtag cable 'Digilent JTAG-HS1 210512180081' is selected.
11:04:35 INFO  : 'jtag frequency' command is executed.
11:04:35 INFO  : Sourcing of 'C:/Users/Lenovo/Desktop/zynq7020-image-processing/sobel_03_uart_hdmi/sobel_03_uart_hdmi.sdk/top_hw_platform_0/ps7_init.tcl' is done.
11:04:38 ERROR : no targets found with "name =~"APU*" && jtag_cable_name =~ "Digilent JTAG-HS1 210512180081"". available targets:
  1  DAP (AHB AP transaction error, DAP status 30000021)
  2* xc7z020
11:04:38 INFO  : ----------------XSDB Script----------------
connect -url tcp:127.0.0.1:3121
source C:/Users/Lenovo/Desktop/zynq7020-image-processing/sobel_03_uart_hdmi/sobel_03_uart_hdmi.sdk/top_hw_platform_0/ps7_init.tcl
targets -set -nocase -filter {name =~"APU*" && jtag_cable_name =~ "Digilent JTAG-HS1 210512180081"} -index 0
----------------End of Script----------------

11:04:59 INFO  : Launching XSCT server: xsct.bat -interactive C:\Users\Lenovo\Desktop\zynq7020-image-processing\sobel_03_uart_hdmi\sobel_03_uart_hdmi.sdk\temp_xsdb_launch_script.tcl
11:05:00 INFO  : XSCT server has started successfully.
11:05:02 INFO  : Successfully done setting XSCT server connection channel  
11:05:02 INFO  : Successfully done setting SDK workspace  
11:05:03 INFO  : Registering command handlers for SDK TCF services
11:05:03 INFO  : Processing command line option -hwspec C:/Users/Lenovo/Desktop/zynq7020-image-processing/sobel_03_uart_hdmi/sobel_03_uart_hdmi.sdk/top.hdf.
11:05:03 INFO  : Checking for hwspec changes in the project top_hw_platform_1.
11:05:12 INFO  : 'targets -set -filter {jtag_cable_name =~ "Digilent JTAG-HS1 210512180081" && level==0} -index 1' command is executed.
11:05:12 INFO  : 'fpga -state' command is executed.
11:05:39 INFO  : 'targets -set -filter {jtag_cable_name =~ "Digilent JTAG-HS1 210512180081" && level==0} -index 1' command is executed.
11:05:39 INFO  : 'fpga -state' command is executed.
11:05:39 INFO  : Connected to target on host '127.0.0.1' and port '3121'.
11:05:39 INFO  : Jtag cable 'Digilent JTAG-HS1 210512180081' is selected.
11:05:39 INFO  : 'jtag frequency' command is executed.
11:05:39 INFO  : Sourcing of 'C:/Users/Lenovo/Desktop/zynq7020-image-processing/sobel_03_uart_hdmi/sobel_03_uart_hdmi.sdk/top_hw_platform_0/ps7_init.tcl' is done.
11:05:42 ERROR : no targets found with "name =~"APU*" && jtag_cable_name =~ "Digilent JTAG-HS1 210512180081"". available targets:
  1  DAP (AHB AP transaction error, DAP status 30000021)
  2* xc7z020
11:05:42 INFO  : ----------------XSDB Script----------------
connect -url tcp:127.0.0.1:3121
source C:/Users/Lenovo/Desktop/zynq7020-image-processing/sobel_03_uart_hdmi/sobel_03_uart_hdmi.sdk/top_hw_platform_0/ps7_init.tcl
targets -set -nocase -filter {name =~"APU*" && jtag_cable_name =~ "Digilent JTAG-HS1 210512180081"} -index 0
----------------End of Script----------------

11:10:10 INFO  : Launching XSCT server: xsct.bat -interactive C:\Users\Lenovo\Desktop\zynq7020-image-processing\sobel_03_uart_hdmi\sobel_03_uart_hdmi.sdk\temp_xsdb_launch_script.tcl
11:10:11 INFO  : XSCT server has started successfully.
11:10:11 INFO  : Successfully done setting XSCT server connection channel  
11:10:13 INFO  : Successfully done setting SDK workspace  
11:10:14 INFO  : Registering command handlers for SDK TCF services
11:10:14 INFO  : Processing command line option -hwspec C:/Users/Lenovo/Desktop/zynq7020-image-processing/sobel_03_uart_hdmi/sobel_03_uart_hdmi.sdk/top.hdf.
11:10:14 INFO  : Checking for hwspec changes in the project top_hw_platform_1.
11:10:20 INFO  : 'targets -set -filter {jtag_cable_name =~ "Digilent JTAG-HS1 210512180081" && level==0} -index 1' command is executed.
11:10:20 INFO  : 'fpga -state' command is executed.
11:10:20 INFO  : Connected to target on host '127.0.0.1' and port '3121'.
11:10:20 INFO  : Jtag cable 'Digilent JTAG-HS1 210512180081' is selected.
11:10:20 INFO  : 'jtag frequency' command is executed.
11:10:20 INFO  : Sourcing of 'C:/Users/Lenovo/Desktop/zynq7020-image-processing/sobel_03_uart_hdmi/sobel_03_uart_hdmi.sdk/top_hw_platform_0/ps7_init.tcl' is done.
11:10:23 ERROR : no targets found with "name =~"APU*" && jtag_cable_name =~ "Digilent JTAG-HS1 210512180081"". available targets:
  1  DAP (AHB AP transaction error, DAP status 30000021)
  2* xc7z020
11:10:23 INFO  : ----------------XSDB Script----------------
connect -url tcp:127.0.0.1:3121
source C:/Users/Lenovo/Desktop/zynq7020-image-processing/sobel_03_uart_hdmi/sobel_03_uart_hdmi.sdk/top_hw_platform_0/ps7_init.tcl
targets -set -nocase -filter {name =~"APU*" && jtag_cable_name =~ "Digilent JTAG-HS1 210512180081"} -index 0
----------------End of Script----------------

11:12:23 INFO  : Launching XSCT server: xsct.bat -interactive C:\Users\Lenovo\Desktop\zynq7020-image-processing\sobel_03_uart_hdmi\sobel_03_uart_hdmi.sdk\temp_xsdb_launch_script.tcl
11:12:24 INFO  : XSCT server has started successfully.
11:12:26 INFO  : Successfully done setting XSCT server connection channel  
11:12:26 INFO  : Successfully done setting SDK workspace  
11:12:27 INFO  : Registering command handlers for SDK TCF services
11:12:28 INFO  : Processing command line option -hwspec C:/Users/Lenovo/Desktop/zynq7020-image-processing/sobel_03_uart_hdmi/sobel_03_uart_hdmi.sdk/top.hdf.
11:12:28 INFO  : Checking for hwspec changes in the project top_hw_platform_1.
11:12:35 INFO  : 'targets -set -filter {jtag_cable_name =~ "Digilent JTAG-HS1 210512180081" && level==0} -index 1' command is executed.
11:12:35 INFO  : 'fpga -state' command is executed.
11:12:35 INFO  : Connected to target on host '127.0.0.1' and port '3121'.
11:12:35 INFO  : Jtag cable 'Digilent JTAG-HS1 210512180081' is selected.
11:12:35 INFO  : 'jtag frequency' command is executed.
11:12:35 INFO  : Sourcing of 'C:/Users/Lenovo/Desktop/zynq7020-image-processing/sobel_03_uart_hdmi/sobel_03_uart_hdmi.sdk/top_hw_platform_0/ps7_init.tcl' is done.
11:12:35 INFO  : Context for 'APU' is selected.
11:12:35 INFO  : Hardware design information is loaded from 'C:/Users/Lenovo/Desktop/zynq7020-image-processing/sobel_03_uart_hdmi/sobel_03_uart_hdmi.sdk/top_hw_platform_0/system.hdf'.
11:12:35 INFO  : 'configparams force-mem-access 1' command is executed.
11:12:35 INFO  : Context for 'APU' is selected.
11:12:35 INFO  : 'stop' command is executed.
11:12:36 INFO  : 'ps7_init' command is executed.
11:12:36 INFO  : 'ps7_post_config' command is executed.
11:12:36 INFO  : Context for processor 'ps7_cortexa9_0' is selected.
11:12:36 INFO  : Processor reset is completed for 'ps7_cortexa9_0'.
11:12:36 INFO  : Context for processor 'ps7_cortexa9_0' is selected.
11:12:36 INFO  : The application 'C:/Users/Lenovo/Desktop/zynq7020-image-processing/sobel_03_uart_hdmi/sobel_03_uart_hdmi.sdk/ps_uart_bram_app/Debug/ps_uart_bram_app.elf' is downloaded to processor 'ps7_cortexa9_0'.
11:12:36 INFO  : 'configparams force-mem-access 0' command is executed.
11:12:36 INFO  : ----------------XSDB Script----------------
connect -url tcp:127.0.0.1:3121
source C:/Users/Lenovo/Desktop/zynq7020-image-processing/sobel_03_uart_hdmi/sobel_03_uart_hdmi.sdk/top_hw_platform_0/ps7_init.tcl
targets -set -nocase -filter {name =~"APU*" && jtag_cable_name =~ "Digilent JTAG-HS1 210512180081"} -index 0
loadhw -hw C:/Users/Lenovo/Desktop/zynq7020-image-processing/sobel_03_uart_hdmi/sobel_03_uart_hdmi.sdk/top_hw_platform_0/system.hdf -mem-ranges [list {0x40000000 0xbfffffff}]
configparams force-mem-access 1
targets -set -nocase -filter {name =~"APU*" && jtag_cable_name =~ "Digilent JTAG-HS1 210512180081"} -index 0
stop
ps7_init
ps7_post_config
targets -set -nocase -filter {name =~ "ARM*#0" && jtag_cable_name =~ "Digilent JTAG-HS1 210512180081"} -index 0
rst -processor
targets -set -nocase -filter {name =~ "ARM*#0" && jtag_cable_name =~ "Digilent JTAG-HS1 210512180081"} -index 0
dow C:/Users/Lenovo/Desktop/zynq7020-image-processing/sobel_03_uart_hdmi/sobel_03_uart_hdmi.sdk/ps_uart_bram_app/Debug/ps_uart_bram_app.elf
configparams force-mem-access 0
----------------End of Script----------------

11:12:36 INFO  : Memory regions updated for context APU
11:12:36 INFO  : Context for processor 'ps7_cortexa9_0' is selected.
11:12:36 INFO  : 'con' command is executed.
11:12:36 INFO  : ----------------XSDB Script (After Launch)----------------
targets -set -nocase -filter {name =~ "ARM*#0" && jtag_cable_name =~ "Digilent JTAG-HS1 210512180081"} -index 0
con
----------------End of Script----------------

11:12:36 INFO  : Launch script is exported to file 'C:\Users\Lenovo\Desktop\zynq7020-image-processing\sobel_03_uart_hdmi\sobel_03_uart_hdmi.sdk\.sdk\launch_scripts\xilinx_c-c++_application_(system_debugger)\system_debugger_using_debug_ps_uart_bram_app.elf_on_local.tcl'
11:14:19 INFO  : Disconnected from the channel tcfchan#1.
