12:32:33 INFO  : Registering command handlers for SDK TCF services
12:32:34 INFO  : Launching XSCT server: xsct.bat -interactive D:\Github\FPGA-course\sobel\sobel_03_uart_hdmi\sobel_03_uart_hdmi.sdk\temp_xsdb_launch_script.tcl
12:32:35 INFO  : XSCT server has started successfully.
12:32:35 INFO  : Successfully done setting XSCT server connection channel  
12:32:35 INFO  : Successfully done setting SDK workspace  
12:32:35 INFO  : Processing command line option -hwspec D:/Github/FPGA-course/sobel/sobel_03_uart_hdmi/sobel_03_uart_hdmi.sdk/top.hdf.
12:34:23 INFO  : Registering command handlers for SDK TCF services
12:34:23 INFO  : Launching XSCT server: xsct.bat -interactive D:\Github\FPGA-course\sobel\sobel_03_uart_hdmi\sobel_03_uart_hdmi.sdk\temp_xsdb_launch_script.tcl
12:34:25 INFO  : XSCT server has started successfully.
12:34:25 INFO  : Successfully done setting XSCT server connection channel  
12:34:25 INFO  : Successfully done setting SDK workspace  
12:34:25 INFO  : Processing command line option -hwspec D:/Github/FPGA-course/sobel/sobel_03_uart_hdmi/sobel_03_uart_hdmi.sdk/top.hdf.
12:34:25 INFO  : Checking for hwspec changes in the project top_hw_platform_0.
12:34:26 INFO  : SDK has detected change in the last modified timestamps for source hardware specification file Source:1780547649030,  Project:1780547539097
12:34:26 INFO  : The hardware specification for project 'top_hw_platform_0' is different from D:/Github/FPGA-course/sobel/sobel_03_uart_hdmi/sobel_03_uart_hdmi.sdk/top.hdf.
12:34:26 INFO  : Copied contents of D:/Github/FPGA-course/sobel/sobel_03_uart_hdmi/sobel_03_uart_hdmi.sdk/top.hdf into \top_hw_platform_0\system.hdf.
12:34:28 INFO  : Synchronizing projects in the workspace with the hardware platform specification changes.
12:34:28 INFO  : Clearing existing target manager status.
12:34:28 WARN  : Given IPC port value is invalid. Using default port 2350
12:34:28 WARN  : Given XMD timeout value is invalid. Using default value of 50000
12:34:30 WARN  : Given XMD transaction timeout value is invalid. Using default value of 60000 milli seconds
12:34:30 INFO  : Workspace synchronized with the new hardware specification file. Cleaning dependent projects...
12:34:30 WARN  : Linker script will not be updated automatically. Users need to update it manually.
12:39:36 INFO  : 'targets -set -filter {jtag_cable_name =~ "Digilent JTAG-HS1 210512180081" && level==0} -index 1' command is executed.
12:39:36 INFO  : 'fpga -state' command is executed.
12:39:36 INFO  : Connected to target on host '127.0.0.1' and port '3121'.
12:39:36 INFO  : Jtag cable 'Digilent JTAG-HS1 210512180081' is selected.
12:39:36 INFO  : 'jtag frequency' command is executed.
12:39:36 INFO  : Sourcing of 'D:/Github/FPGA-course/sobel/sobel_03_uart_hdmi/sobel_03_uart_hdmi.sdk/top_hw_platform_0/ps7_init.tcl' is done.
12:39:36 INFO  : Context for 'APU' is selected.
12:39:36 INFO  : Hardware design information is loaded from 'D:/Github/FPGA-course/sobel/sobel_03_uart_hdmi/sobel_03_uart_hdmi.sdk/top_hw_platform_0/system.hdf'.
12:39:36 INFO  : 'configparams force-mem-access 1' command is executed.
12:39:36 INFO  : Context for 'APU' is selected.
12:39:37 INFO  : 'stop' command is executed.
12:39:37 INFO  : 'ps7_init' command is executed.
12:39:37 INFO  : 'ps7_post_config' command is executed.
12:39:37 INFO  : Context for processor 'ps7_cortexa9_0' is selected.
12:39:37 INFO  : Processor reset is completed for 'ps7_cortexa9_0'.
12:39:37 INFO  : Context for processor 'ps7_cortexa9_0' is selected.
12:39:37 INFO  : The application 'D:/Github/FPGA-course/sobel/sobel_03_uart_hdmi/sobel_03_uart_hdmi.sdk/ps_uart_bram_app/Debug/ps_uart_bram_app.elf' is downloaded to processor 'ps7_cortexa9_0'.
12:39:37 INFO  : 'configparams force-mem-access 0' command is executed.
12:39:37 INFO  : ----------------XSDB Script----------------
connect -url tcp:127.0.0.1:3121
source D:/Github/FPGA-course/sobel/sobel_03_uart_hdmi/sobel_03_uart_hdmi.sdk/top_hw_platform_0/ps7_init.tcl
targets -set -nocase -filter {name =~"APU*" && jtag_cable_name =~ "Digilent JTAG-HS1 210512180081"} -index 0
loadhw -hw D:/Github/FPGA-course/sobel/sobel_03_uart_hdmi/sobel_03_uart_hdmi.sdk/top_hw_platform_0/system.hdf -mem-ranges [list {0x40000000 0xbfffffff}]
configparams force-mem-access 1
targets -set -nocase -filter {name =~"APU*" && jtag_cable_name =~ "Digilent JTAG-HS1 210512180081"} -index 0
stop
ps7_init
ps7_post_config
targets -set -nocase -filter {name =~ "ARM*#0" && jtag_cable_name =~ "Digilent JTAG-HS1 210512180081"} -index 0
rst -processor
targets -set -nocase -filter {name =~ "ARM*#0" && jtag_cable_name =~ "Digilent JTAG-HS1 210512180081"} -index 0
dow D:/Github/FPGA-course/sobel/sobel_03_uart_hdmi/sobel_03_uart_hdmi.sdk/ps_uart_bram_app/Debug/ps_uart_bram_app.elf
configparams force-mem-access 0
----------------End of Script----------------

12:39:37 INFO  : Memory regions updated for context APU
12:39:37 INFO  : Context for processor 'ps7_cortexa9_0' is selected.
12:39:38 INFO  : 'con' command is executed.
12:39:38 INFO  : ----------------XSDB Script (After Launch)----------------
targets -set -nocase -filter {name =~ "ARM*#0" && jtag_cable_name =~ "Digilent JTAG-HS1 210512180081"} -index 0
con
----------------End of Script----------------

12:39:38 INFO  : Launch script is exported to file 'D:\Github\FPGA-course\sobel\sobel_03_uart_hdmi\sobel_03_uart_hdmi.sdk\.sdk\launch_scripts\xilinx_c-c++_application_(system_debugger)\system_debugger_using_debug_ps_uart_bram_app.elf_on_local.tcl'
12:40:25 INFO  : Disconnected from the channel tcfchan#1.
12:40:26 INFO  : 'targets -set -filter {jtag_cable_name =~ "Digilent JTAG-HS1 210512180081" && level==0} -index 1' command is executed.
12:40:26 INFO  : 'fpga -state' command is executed.
12:40:26 INFO  : Connected to target on host '127.0.0.1' and port '3121'.
12:40:26 INFO  : Jtag cable 'Digilent JTAG-HS1 210512180081' is selected.
12:40:26 INFO  : 'jtag frequency' command is executed.
12:40:26 INFO  : Sourcing of 'D:/Github/FPGA-course/sobel/sobel_03_uart_hdmi/sobel_03_uart_hdmi.sdk/top_hw_platform_0/ps7_init.tcl' is done.
12:40:26 INFO  : Context for 'APU' is selected.
12:40:27 INFO  : Hardware design information is loaded from 'D:/Github/FPGA-course/sobel/sobel_03_uart_hdmi/sobel_03_uart_hdmi.sdk/top_hw_platform_0/system.hdf'.
12:40:27 INFO  : 'configparams force-mem-access 1' command is executed.
12:40:27 INFO  : Context for 'APU' is selected.
12:40:27 INFO  : 'stop' command is executed.
12:40:27 INFO  : 'ps7_init' command is executed.
12:40:27 INFO  : 'ps7_post_config' command is executed.
12:40:27 INFO  : Context for processor 'ps7_cortexa9_0' is selected.
12:40:27 INFO  : Processor reset is completed for 'ps7_cortexa9_0'.
12:40:27 INFO  : Context for processor 'ps7_cortexa9_0' is selected.
12:40:27 INFO  : The application 'D:/Github/FPGA-course/sobel/sobel_03_uart_hdmi/sobel_03_uart_hdmi.sdk/ps_uart_bram_app/Debug/ps_uart_bram_app.elf' is downloaded to processor 'ps7_cortexa9_0'.
12:40:28 INFO  : 'configparams force-mem-access 0' command is executed.
12:40:28 INFO  : ----------------XSDB Script----------------
connect -url tcp:127.0.0.1:3121
source D:/Github/FPGA-course/sobel/sobel_03_uart_hdmi/sobel_03_uart_hdmi.sdk/top_hw_platform_0/ps7_init.tcl
targets -set -nocase -filter {name =~"APU*" && jtag_cable_name =~ "Digilent JTAG-HS1 210512180081"} -index 0
loadhw -hw D:/Github/FPGA-course/sobel/sobel_03_uart_hdmi/sobel_03_uart_hdmi.sdk/top_hw_platform_0/system.hdf -mem-ranges [list {0x40000000 0xbfffffff}]
configparams force-mem-access 1
targets -set -nocase -filter {name =~"APU*" && jtag_cable_name =~ "Digilent JTAG-HS1 210512180081"} -index 0
stop
ps7_init
ps7_post_config
targets -set -nocase -filter {name =~ "ARM*#0" && jtag_cable_name =~ "Digilent JTAG-HS1 210512180081"} -index 0
rst -processor
targets -set -nocase -filter {name =~ "ARM*#0" && jtag_cable_name =~ "Digilent JTAG-HS1 210512180081"} -index 0
dow D:/Github/FPGA-course/sobel/sobel_03_uart_hdmi/sobel_03_uart_hdmi.sdk/ps_uart_bram_app/Debug/ps_uart_bram_app.elf
configparams force-mem-access 0
----------------End of Script----------------

12:40:28 INFO  : Memory regions updated for context APU
12:40:28 INFO  : Context for processor 'ps7_cortexa9_0' is selected.
12:40:28 INFO  : 'con' command is executed.
12:40:28 INFO  : ----------------XSDB Script (After Launch)----------------
targets -set -nocase -filter {name =~ "ARM*#0" && jtag_cable_name =~ "Digilent JTAG-HS1 210512180081"} -index 0
con
----------------End of Script----------------

12:40:28 INFO  : Launch script is exported to file 'D:\Github\FPGA-course\sobel\sobel_03_uart_hdmi\sobel_03_uart_hdmi.sdk\.sdk\launch_scripts\xilinx_c-c++_application_(system_debugger)\system_debugger_using_debug_ps_uart_bram_app.elf_on_local.tcl'
12:41:14 INFO  : Disconnected from the channel tcfchan#2.
12:41:16 ERROR : Unexpected error while parsing XMD response ?: com.google.gson.JsonSyntaxException: com.google.gson.stream.MalformedJsonException: invalid number or unquoted string near 
21:04:49 INFO  : Registering command handlers for SDK TCF services
21:04:50 INFO  : Launching XSCT server: xsct.bat -interactive D:\Github\FPGA-course\sobel\sobel_03_uart_hdmi\sobel_03_uart_hdmi.sdk\temp_xsdb_launch_script.tcl
21:04:53 INFO  : XSCT server has started successfully.
21:05:00 INFO  : Successfully done setting XSCT server connection channel  
21:05:00 INFO  : Successfully done setting SDK workspace  
21:05:00 INFO  : Processing command line option -hwspec D:/Github/FPGA-course/sobel/sobel_03_uart_hdmi/sobel_03_uart_hdmi.sdk/top.hdf.
21:05:00 INFO  : Checking for hwspec changes in the project top_hw_platform_0.
21:06:39 INFO  : 'targets -set -filter {jtag_cable_name =~ "Digilent JTAG-HS1 210512180081" && level==0} -index 1' command is executed.
21:06:39 INFO  : 'fpga -state' command is executed.
21:06:39 INFO  : Connected to target on host '127.0.0.1' and port '3121'.
21:06:39 INFO  : Jtag cable 'Digilent JTAG-HS1 210512180081' is selected.
21:06:39 INFO  : 'jtag frequency' command is executed.
21:06:39 INFO  : Sourcing of 'D:/Github/FPGA-course/sobel/sobel_03_uart_hdmi/sobel_03_uart_hdmi.sdk/top_hw_platform_0/ps7_init.tcl' is done.
21:06:39 INFO  : Context for 'APU' is selected.
21:06:39 INFO  : Hardware design information is loaded from 'D:/Github/FPGA-course/sobel/sobel_03_uart_hdmi/sobel_03_uart_hdmi.sdk/top_hw_platform_0/system.hdf'.
21:06:39 INFO  : 'configparams force-mem-access 1' command is executed.
21:06:39 INFO  : Context for 'APU' is selected.
21:06:39 INFO  : 'stop' command is executed.
21:06:40 INFO  : 'ps7_init' command is executed.
21:06:40 INFO  : 'ps7_post_config' command is executed.
21:06:40 INFO  : Context for processor 'ps7_cortexa9_0' is selected.
21:06:40 INFO  : Processor reset is completed for 'ps7_cortexa9_0'.
21:06:40 INFO  : Context for processor 'ps7_cortexa9_0' is selected.
21:06:40 INFO  : The application 'D:/Github/FPGA-course/sobel/sobel_03_uart_hdmi/sobel_03_uart_hdmi.sdk/ps_uart_bram_app/Debug/ps_uart_bram_app.elf' is downloaded to processor 'ps7_cortexa9_0'.
21:06:40 INFO  : 'configparams force-mem-access 0' command is executed.
21:06:40 INFO  : ----------------XSDB Script----------------
connect -url tcp:127.0.0.1:3121
source D:/Github/FPGA-course/sobel/sobel_03_uart_hdmi/sobel_03_uart_hdmi.sdk/top_hw_platform_0/ps7_init.tcl
targets -set -nocase -filter {name =~"APU*" && jtag_cable_name =~ "Digilent JTAG-HS1 210512180081"} -index 0
loadhw -hw D:/Github/FPGA-course/sobel/sobel_03_uart_hdmi/sobel_03_uart_hdmi.sdk/top_hw_platform_0/system.hdf -mem-ranges [list {0x40000000 0xbfffffff}]
configparams force-mem-access 1
targets -set -nocase -filter {name =~"APU*" && jtag_cable_name =~ "Digilent JTAG-HS1 210512180081"} -index 0
stop
ps7_init
ps7_post_config
targets -set -nocase -filter {name =~ "ARM*#0" && jtag_cable_name =~ "Digilent JTAG-HS1 210512180081"} -index 0
rst -processor
targets -set -nocase -filter {name =~ "ARM*#0" && jtag_cable_name =~ "Digilent JTAG-HS1 210512180081"} -index 0
dow D:/Github/FPGA-course/sobel/sobel_03_uart_hdmi/sobel_03_uart_hdmi.sdk/ps_uart_bram_app/Debug/ps_uart_bram_app.elf
configparams force-mem-access 0
----------------End of Script----------------

21:06:40 INFO  : Memory regions updated for context APU
21:06:40 INFO  : Context for processor 'ps7_cortexa9_0' is selected.
21:06:40 INFO  : 'con' command is executed.
21:06:40 INFO  : ----------------XSDB Script (After Launch)----------------
targets -set -nocase -filter {name =~ "ARM*#0" && jtag_cable_name =~ "Digilent JTAG-HS1 210512180081"} -index 0
con
----------------End of Script----------------

21:06:40 INFO  : Launch script is exported to file 'D:\Github\FPGA-course\sobel\sobel_03_uart_hdmi\sobel_03_uart_hdmi.sdk\.sdk\launch_scripts\xilinx_c-c++_application_(system_debugger)\system_debugger_using_debug_ps_uart_bram_app.elf_on_local.tcl'
21:07:08 INFO  : Disconnected from the channel tcfchan#1.
21:07:09 INFO  : 'targets -set -filter {jtag_cable_name =~ "Digilent JTAG-HS1 210512180081" && level==0} -index 1' command is executed.
21:07:09 INFO  : 'fpga -state' command is executed.
21:07:09 INFO  : Connected to target on host '127.0.0.1' and port '3121'.
21:07:09 INFO  : Jtag cable 'Digilent JTAG-HS1 210512180081' is selected.
21:07:09 INFO  : 'jtag frequency' command is executed.
21:07:09 INFO  : Sourcing of 'D:/Github/FPGA-course/sobel/sobel_03_uart_hdmi/sobel_03_uart_hdmi.sdk/top_hw_platform_0/ps7_init.tcl' is done.
21:07:09 INFO  : Context for 'APU' is selected.
21:07:10 INFO  : Hardware design information is loaded from 'D:/Github/FPGA-course/sobel/sobel_03_uart_hdmi/sobel_03_uart_hdmi.sdk/top_hw_platform_0/system.hdf'.
21:07:10 INFO  : 'configparams force-mem-access 1' command is executed.
21:07:10 INFO  : Context for 'APU' is selected.
21:07:10 INFO  : 'stop' command is executed.
21:07:10 INFO  : 'ps7_init' command is executed.
21:07:10 INFO  : 'ps7_post_config' command is executed.
21:07:10 INFO  : Context for processor 'ps7_cortexa9_0' is selected.
21:07:10 INFO  : Processor reset is completed for 'ps7_cortexa9_0'.
21:07:10 INFO  : Context for processor 'ps7_cortexa9_0' is selected.
21:07:10 INFO  : The application 'D:/Github/FPGA-course/sobel/sobel_03_uart_hdmi/sobel_03_uart_hdmi.sdk/ps_uart_bram_app/Debug/ps_uart_bram_app.elf' is downloaded to processor 'ps7_cortexa9_0'.
21:07:10 INFO  : 'configparams force-mem-access 0' command is executed.
21:07:10 INFO  : ----------------XSDB Script----------------
connect -url tcp:127.0.0.1:3121
source D:/Github/FPGA-course/sobel/sobel_03_uart_hdmi/sobel_03_uart_hdmi.sdk/top_hw_platform_0/ps7_init.tcl
targets -set -nocase -filter {name =~"APU*" && jtag_cable_name =~ "Digilent JTAG-HS1 210512180081"} -index 0
loadhw -hw D:/Github/FPGA-course/sobel/sobel_03_uart_hdmi/sobel_03_uart_hdmi.sdk/top_hw_platform_0/system.hdf -mem-ranges [list {0x40000000 0xbfffffff}]
configparams force-mem-access 1
targets -set -nocase -filter {name =~"APU*" && jtag_cable_name =~ "Digilent JTAG-HS1 210512180081"} -index 0
stop
ps7_init
ps7_post_config
targets -set -nocase -filter {name =~ "ARM*#0" && jtag_cable_name =~ "Digilent JTAG-HS1 210512180081"} -index 0
rst -processor
targets -set -nocase -filter {name =~ "ARM*#0" && jtag_cable_name =~ "Digilent JTAG-HS1 210512180081"} -index 0
dow D:/Github/FPGA-course/sobel/sobel_03_uart_hdmi/sobel_03_uart_hdmi.sdk/ps_uart_bram_app/Debug/ps_uart_bram_app.elf
configparams force-mem-access 0
----------------End of Script----------------

21:07:10 INFO  : Memory regions updated for context APU
21:07:10 INFO  : Context for processor 'ps7_cortexa9_0' is selected.
21:07:10 INFO  : 'con' command is executed.
21:07:10 INFO  : ----------------XSDB Script (After Launch)----------------
targets -set -nocase -filter {name =~ "ARM*#0" && jtag_cable_name =~ "Digilent JTAG-HS1 210512180081"} -index 0
con
----------------End of Script----------------

21:07:10 INFO  : Launch script is exported to file 'D:\Github\FPGA-course\sobel\sobel_03_uart_hdmi\sobel_03_uart_hdmi.sdk\.sdk\launch_scripts\xilinx_c-c++_application_(system_debugger)\system_debugger_using_debug_ps_uart_bram_app.elf_on_local.tcl'
21:08:26 INFO  : Disconnected from the channel tcfchan#2.
21:08:27 INFO  : 'targets -set -filter {jtag_cable_name =~ "Digilent JTAG-HS1 210512180081" && level==0} -index 1' command is executed.
21:08:27 INFO  : 'fpga -state' command is executed.
21:08:27 INFO  : Connected to target on host '127.0.0.1' and port '3121'.
21:08:27 INFO  : Jtag cable 'Digilent JTAG-HS1 210512180081' is selected.
21:08:27 INFO  : 'jtag frequency' command is executed.
21:08:27 INFO  : Sourcing of 'D:/Github/FPGA-course/sobel/sobel_03_uart_hdmi/sobel_03_uart_hdmi.sdk/top_hw_platform_0/ps7_init.tcl' is done.
21:08:27 INFO  : Context for 'APU' is selected.
21:08:28 INFO  : Hardware design information is loaded from 'D:/Github/FPGA-course/sobel/sobel_03_uart_hdmi/sobel_03_uart_hdmi.sdk/top_hw_platform_0/system.hdf'.
21:08:28 INFO  : 'configparams force-mem-access 1' command is executed.
21:08:28 INFO  : Context for 'APU' is selected.
21:08:28 INFO  : 'stop' command is executed.
21:08:28 INFO  : 'ps7_init' command is executed.
21:08:28 INFO  : 'ps7_post_config' command is executed.
21:08:28 INFO  : Context for processor 'ps7_cortexa9_0' is selected.
21:08:28 INFO  : Processor reset is completed for 'ps7_cortexa9_0'.
21:08:28 INFO  : Context for processor 'ps7_cortexa9_0' is selected.
21:08:28 INFO  : The application 'D:/Github/FPGA-course/sobel/sobel_03_uart_hdmi/sobel_03_uart_hdmi.sdk/ps_uart_bram_app/Debug/ps_uart_bram_app.elf' is downloaded to processor 'ps7_cortexa9_0'.
21:08:28 INFO  : 'configparams force-mem-access 0' command is executed.
21:08:28 INFO  : ----------------XSDB Script----------------
connect -url tcp:127.0.0.1:3121
source D:/Github/FPGA-course/sobel/sobel_03_uart_hdmi/sobel_03_uart_hdmi.sdk/top_hw_platform_0/ps7_init.tcl
targets -set -nocase -filter {name =~"APU*" && jtag_cable_name =~ "Digilent JTAG-HS1 210512180081"} -index 0
loadhw -hw D:/Github/FPGA-course/sobel/sobel_03_uart_hdmi/sobel_03_uart_hdmi.sdk/top_hw_platform_0/system.hdf -mem-ranges [list {0x40000000 0xbfffffff}]
configparams force-mem-access 1
targets -set -nocase -filter {name =~"APU*" && jtag_cable_name =~ "Digilent JTAG-HS1 210512180081"} -index 0
stop
ps7_init
ps7_post_config
targets -set -nocase -filter {name =~ "ARM*#0" && jtag_cable_name =~ "Digilent JTAG-HS1 210512180081"} -index 0
rst -processor
targets -set -nocase -filter {name =~ "ARM*#0" && jtag_cable_name =~ "Digilent JTAG-HS1 210512180081"} -index 0
dow D:/Github/FPGA-course/sobel/sobel_03_uart_hdmi/sobel_03_uart_hdmi.sdk/ps_uart_bram_app/Debug/ps_uart_bram_app.elf
configparams force-mem-access 0
----------------End of Script----------------

21:08:29 INFO  : Memory regions updated for context APU
21:08:29 INFO  : Context for processor 'ps7_cortexa9_0' is selected.
21:08:29 INFO  : 'con' command is executed.
21:08:29 INFO  : ----------------XSDB Script (After Launch)----------------
targets -set -nocase -filter {name =~ "ARM*#0" && jtag_cable_name =~ "Digilent JTAG-HS1 210512180081"} -index 0
con
----------------End of Script----------------

21:08:29 INFO  : Launch script is exported to file 'D:\Github\FPGA-course\sobel\sobel_03_uart_hdmi\sobel_03_uart_hdmi.sdk\.sdk\launch_scripts\xilinx_c-c++_application_(system_debugger)\system_debugger_using_debug_ps_uart_bram_app.elf_on_local.tcl'
21:13:14 INFO  : Disconnected from the channel tcfchan#3.
21:13:15 INFO  : 'targets -set -filter {jtag_cable_name =~ "Digilent JTAG-HS1 210512180081" && level==0} -index 1' command is executed.
21:13:15 INFO  : 'fpga -state' command is executed.
21:13:15 INFO  : Connected to target on host '127.0.0.1' and port '3121'.
21:13:16 INFO  : Jtag cable 'Digilent JTAG-HS1 210512180081' is selected.
21:13:16 INFO  : 'jtag frequency' command is executed.
21:13:16 INFO  : Sourcing of 'D:/Github/FPGA-course/sobel/sobel_03_uart_hdmi/sobel_03_uart_hdmi.sdk/top_hw_platform_0/ps7_init.tcl' is done.
21:13:16 INFO  : Context for 'APU' is selected.
21:13:16 INFO  : Hardware design information is loaded from 'D:/Github/FPGA-course/sobel/sobel_03_uart_hdmi/sobel_03_uart_hdmi.sdk/top_hw_platform_0/system.hdf'.
21:13:16 INFO  : 'configparams force-mem-access 1' command is executed.
21:13:16 INFO  : Context for 'APU' is selected.
21:13:16 INFO  : 'stop' command is executed.
21:13:17 INFO  : 'ps7_init' command is executed.
21:13:17 INFO  : 'ps7_post_config' command is executed.
21:13:17 INFO  : Context for processor 'ps7_cortexa9_0' is selected.
21:13:17 INFO  : Processor reset is completed for 'ps7_cortexa9_0'.
21:13:17 INFO  : Context for processor 'ps7_cortexa9_0' is selected.
21:13:17 INFO  : The application 'D:/Github/FPGA-course/sobel/sobel_03_uart_hdmi/sobel_03_uart_hdmi.sdk/ps_uart_bram_app/Debug/ps_uart_bram_app.elf' is downloaded to processor 'ps7_cortexa9_0'.
21:13:17 INFO  : 'configparams force-mem-access 0' command is executed.
21:13:17 INFO  : ----------------XSDB Script----------------
connect -url tcp:127.0.0.1:3121
source D:/Github/FPGA-course/sobel/sobel_03_uart_hdmi/sobel_03_uart_hdmi.sdk/top_hw_platform_0/ps7_init.tcl
targets -set -nocase -filter {name =~"APU*" && jtag_cable_name =~ "Digilent JTAG-HS1 210512180081"} -index 0
loadhw -hw D:/Github/FPGA-course/sobel/sobel_03_uart_hdmi/sobel_03_uart_hdmi.sdk/top_hw_platform_0/system.hdf -mem-ranges [list {0x40000000 0xbfffffff}]
configparams force-mem-access 1
targets -set -nocase -filter {name =~"APU*" && jtag_cable_name =~ "Digilent JTAG-HS1 210512180081"} -index 0
stop
ps7_init
ps7_post_config
targets -set -nocase -filter {name =~ "ARM*#0" && jtag_cable_name =~ "Digilent JTAG-HS1 210512180081"} -index 0
rst -processor
targets -set -nocase -filter {name =~ "ARM*#0" && jtag_cable_name =~ "Digilent JTAG-HS1 210512180081"} -index 0
dow D:/Github/FPGA-course/sobel/sobel_03_uart_hdmi/sobel_03_uart_hdmi.sdk/ps_uart_bram_app/Debug/ps_uart_bram_app.elf
configparams force-mem-access 0
----------------End of Script----------------

21:13:17 INFO  : Memory regions updated for context APU
21:13:17 INFO  : Context for processor 'ps7_cortexa9_0' is selected.
21:13:17 INFO  : 'con' command is executed.
21:13:17 INFO  : ----------------XSDB Script (After Launch)----------------
targets -set -nocase -filter {name =~ "ARM*#0" && jtag_cable_name =~ "Digilent JTAG-HS1 210512180081"} -index 0
con
----------------End of Script----------------

21:13:17 INFO  : Launch script is exported to file 'D:\Github\FPGA-course\sobel\sobel_03_uart_hdmi\sobel_03_uart_hdmi.sdk\.sdk\launch_scripts\xilinx_c-c++_application_(system_debugger)\system_debugger_using_debug_ps_uart_bram_app.elf_on_local.tcl'
21:14:23 INFO  : Disconnected from the channel tcfchan#4.
21:14:24 INFO  : 'targets -set -filter {jtag_cable_name =~ "Digilent JTAG-HS1 210512180081" && level==0} -index 1' command is executed.
21:14:24 INFO  : 'fpga -state' command is executed.
21:14:24 INFO  : Connected to target on host '127.0.0.1' and port '3121'.
21:14:24 INFO  : Jtag cable 'Digilent JTAG-HS1 210512180081' is selected.
21:14:24 INFO  : 'jtag frequency' command is executed.
21:14:24 INFO  : Sourcing of 'D:/Github/FPGA-course/sobel/sobel_03_uart_hdmi/sobel_03_uart_hdmi.sdk/top_hw_platform_0/ps7_init.tcl' is done.
21:14:24 INFO  : Context for 'APU' is selected.
21:14:25 INFO  : Hardware design information is loaded from 'D:/Github/FPGA-course/sobel/sobel_03_uart_hdmi/sobel_03_uart_hdmi.sdk/top_hw_platform_0/system.hdf'.
21:14:25 INFO  : 'configparams force-mem-access 1' command is executed.
21:14:25 INFO  : Context for 'APU' is selected.
21:14:25 INFO  : 'stop' command is executed.
21:14:25 INFO  : 'ps7_init' command is executed.
21:14:25 INFO  : 'ps7_post_config' command is executed.
21:14:25 INFO  : Context for processor 'ps7_cortexa9_0' is selected.
21:14:25 INFO  : Processor reset is completed for 'ps7_cortexa9_0'.
21:14:25 INFO  : Context for processor 'ps7_cortexa9_0' is selected.
21:14:26 INFO  : The application 'D:/Github/FPGA-course/sobel/sobel_03_uart_hdmi/sobel_03_uart_hdmi.sdk/ps_uart_bram_app/Debug/ps_uart_bram_app.elf' is downloaded to processor 'ps7_cortexa9_0'.
21:14:26 INFO  : 'configparams force-mem-access 0' command is executed.
21:14:26 INFO  : ----------------XSDB Script----------------
connect -url tcp:127.0.0.1:3121
source D:/Github/FPGA-course/sobel/sobel_03_uart_hdmi/sobel_03_uart_hdmi.sdk/top_hw_platform_0/ps7_init.tcl
targets -set -nocase -filter {name =~"APU*" && jtag_cable_name =~ "Digilent JTAG-HS1 210512180081"} -index 0
loadhw -hw D:/Github/FPGA-course/sobel/sobel_03_uart_hdmi/sobel_03_uart_hdmi.sdk/top_hw_platform_0/system.hdf -mem-ranges [list {0x40000000 0xbfffffff}]
configparams force-mem-access 1
targets -set -nocase -filter {name =~"APU*" && jtag_cable_name =~ "Digilent JTAG-HS1 210512180081"} -index 0
stop
ps7_init
ps7_post_config
targets -set -nocase -filter {name =~ "ARM*#0" && jtag_cable_name =~ "Digilent JTAG-HS1 210512180081"} -index 0
rst -processor
targets -set -nocase -filter {name =~ "ARM*#0" && jtag_cable_name =~ "Digilent JTAG-HS1 210512180081"} -index 0
dow D:/Github/FPGA-course/sobel/sobel_03_uart_hdmi/sobel_03_uart_hdmi.sdk/ps_uart_bram_app/Debug/ps_uart_bram_app.elf
configparams force-mem-access 0
----------------End of Script----------------

21:14:26 INFO  : Memory regions updated for context APU
21:14:26 INFO  : Context for processor 'ps7_cortexa9_0' is selected.
21:14:26 INFO  : 'con' command is executed.
21:14:26 INFO  : ----------------XSDB Script (After Launch)----------------
targets -set -nocase -filter {name =~ "ARM*#0" && jtag_cable_name =~ "Digilent JTAG-HS1 210512180081"} -index 0
con
----------------End of Script----------------

21:14:26 INFO  : Launch script is exported to file 'D:\Github\FPGA-course\sobel\sobel_03_uart_hdmi\sobel_03_uart_hdmi.sdk\.sdk\launch_scripts\xilinx_c-c++_application_(system_debugger)\system_debugger_using_debug_ps_uart_bram_app.elf_on_local.tcl'
21:14:38 INFO  : Disconnected from the channel tcfchan#5.
21:14:52 INFO  : Registering command handlers for SDK TCF services
21:14:52 INFO  : Launching XSCT server: xsct.bat -interactive D:\Github\FPGA-course\sobel\sobel_03_uart_hdmi\sobel_03_uart_hdmi.sdk\temp_xsdb_launch_script.tcl
21:14:54 INFO  : XSCT server has started successfully.
21:14:55 INFO  : Successfully done setting XSCT server connection channel  
21:14:55 INFO  : Successfully done setting SDK workspace  
21:14:55 INFO  : Processing command line option -hwspec D:/Github/FPGA-course/sobel/sobel_03_uart_hdmi/sobel_03_uart_hdmi.sdk/top.hdf.
21:14:55 INFO  : Checking for hwspec changes in the project top_hw_platform_0.
21:15:13 INFO  : 'targets -set -filter {jtag_cable_name =~ "Digilent JTAG-HS1 210512180081" && level==0} -index 1' command is executed.
21:15:13 INFO  : 'fpga -state' command is executed.
21:15:13 INFO  : Connected to target on host '127.0.0.1' and port '3121'.
21:15:13 INFO  : Jtag cable 'Digilent JTAG-HS1 210512180081' is selected.
21:15:13 INFO  : 'jtag frequency' command is executed.
21:15:13 INFO  : Sourcing of 'D:/Github/FPGA-course/sobel/sobel_03_uart_hdmi/sobel_03_uart_hdmi.sdk/top_hw_platform_0/ps7_init.tcl' is done.
21:15:13 INFO  : Context for 'APU' is selected.
21:15:14 INFO  : Hardware design information is loaded from 'D:/Github/FPGA-course/sobel/sobel_03_uart_hdmi/sobel_03_uart_hdmi.sdk/top_hw_platform_0/system.hdf'.
21:15:14 INFO  : 'configparams force-mem-access 1' command is executed.
21:15:14 INFO  : Context for 'APU' is selected.
21:15:14 INFO  : 'stop' command is executed.
21:15:14 INFO  : 'ps7_init' command is executed.
21:15:14 INFO  : 'ps7_post_config' command is executed.
21:15:14 INFO  : Context for processor 'ps7_cortexa9_0' is selected.
21:15:14 INFO  : Processor reset is completed for 'ps7_cortexa9_0'.
21:15:14 INFO  : Context for processor 'ps7_cortexa9_0' is selected.
21:15:14 INFO  : The application 'D:/Github/FPGA-course/sobel/sobel_03_uart_hdmi/sobel_03_uart_hdmi.sdk/ps_uart_bram_app/Debug/ps_uart_bram_app.elf' is downloaded to processor 'ps7_cortexa9_0'.
21:15:14 INFO  : 'configparams force-mem-access 0' command is executed.
21:15:14 INFO  : ----------------XSDB Script----------------
connect -url tcp:127.0.0.1:3121
source D:/Github/FPGA-course/sobel/sobel_03_uart_hdmi/sobel_03_uart_hdmi.sdk/top_hw_platform_0/ps7_init.tcl
targets -set -nocase -filter {name =~"APU*" && jtag_cable_name =~ "Digilent JTAG-HS1 210512180081"} -index 0
loadhw -hw D:/Github/FPGA-course/sobel/sobel_03_uart_hdmi/sobel_03_uart_hdmi.sdk/top_hw_platform_0/system.hdf -mem-ranges [list {0x40000000 0xbfffffff}]
configparams force-mem-access 1
targets -set -nocase -filter {name =~"APU*" && jtag_cable_name =~ "Digilent JTAG-HS1 210512180081"} -index 0
stop
ps7_init
ps7_post_config
targets -set -nocase -filter {name =~ "ARM*#0" && jtag_cable_name =~ "Digilent JTAG-HS1 210512180081"} -index 0
rst -processor
targets -set -nocase -filter {name =~ "ARM*#0" && jtag_cable_name =~ "Digilent JTAG-HS1 210512180081"} -index 0
dow D:/Github/FPGA-course/sobel/sobel_03_uart_hdmi/sobel_03_uart_hdmi.sdk/ps_uart_bram_app/Debug/ps_uart_bram_app.elf
configparams force-mem-access 0
----------------End of Script----------------

21:15:14 INFO  : Memory regions updated for context APU
21:15:15 INFO  : Context for processor 'ps7_cortexa9_0' is selected.
21:15:15 INFO  : 'con' command is executed.
21:15:15 INFO  : ----------------XSDB Script (After Launch)----------------
targets -set -nocase -filter {name =~ "ARM*#0" && jtag_cable_name =~ "Digilent JTAG-HS1 210512180081"} -index 0
con
----------------End of Script----------------

21:15:15 INFO  : Launch script is exported to file 'D:\Github\FPGA-course\sobel\sobel_03_uart_hdmi\sobel_03_uart_hdmi.sdk\.sdk\launch_scripts\xilinx_c-c++_application_(system_debugger)\system_debugger_using_debug_ps_uart_bram_app.elf_on_local.tcl'
21:21:06 INFO  : Disconnected from the channel tcfchan#1.
21:21:07 INFO  : 'targets -set -filter {jtag_cable_name =~ "Digilent JTAG-HS1 210512180081" && level==0} -index 1' command is executed.
21:21:07 INFO  : 'fpga -state' command is executed.
21:21:07 INFO  : Connected to target on host '127.0.0.1' and port '3121'.
21:21:07 INFO  : Jtag cable 'Digilent JTAG-HS1 210512180081' is selected.
21:21:07 INFO  : 'jtag frequency' command is executed.
21:21:07 INFO  : Sourcing of 'D:/Github/FPGA-course/sobel/sobel_03_uart_hdmi/sobel_03_uart_hdmi.sdk/top_hw_platform_0/ps7_init.tcl' is done.
21:21:07 INFO  : Context for 'APU' is selected.
21:21:08 INFO  : Hardware design information is loaded from 'D:/Github/FPGA-course/sobel/sobel_03_uart_hdmi/sobel_03_uart_hdmi.sdk/top_hw_platform_0/system.hdf'.
21:21:08 INFO  : 'configparams force-mem-access 1' command is executed.
21:21:08 INFO  : Context for 'APU' is selected.
21:21:08 INFO  : 'stop' command is executed.
21:21:08 INFO  : 'ps7_init' command is executed.
21:21:09 INFO  : 'ps7_post_config' command is executed.
21:21:09 INFO  : Context for processor 'ps7_cortexa9_0' is selected.
21:21:09 INFO  : Processor reset is completed for 'ps7_cortexa9_0'.
21:21:09 INFO  : Context for processor 'ps7_cortexa9_0' is selected.
21:21:09 INFO  : The application 'D:/Github/FPGA-course/sobel/sobel_03_uart_hdmi/sobel_03_uart_hdmi.sdk/ps_uart_bram_app/Debug/ps_uart_bram_app.elf' is downloaded to processor 'ps7_cortexa9_0'.
21:21:09 INFO  : 'configparams force-mem-access 0' command is executed.
21:21:09 INFO  : ----------------XSDB Script----------------
connect -url tcp:127.0.0.1:3121
source D:/Github/FPGA-course/sobel/sobel_03_uart_hdmi/sobel_03_uart_hdmi.sdk/top_hw_platform_0/ps7_init.tcl
targets -set -nocase -filter {name =~"APU*" && jtag_cable_name =~ "Digilent JTAG-HS1 210512180081"} -index 0
loadhw -hw D:/Github/FPGA-course/sobel/sobel_03_uart_hdmi/sobel_03_uart_hdmi.sdk/top_hw_platform_0/system.hdf -mem-ranges [list {0x40000000 0xbfffffff}]
configparams force-mem-access 1
targets -set -nocase -filter {name =~"APU*" && jtag_cable_name =~ "Digilent JTAG-HS1 210512180081"} -index 0
stop
ps7_init
ps7_post_config
targets -set -nocase -filter {name =~ "ARM*#0" && jtag_cable_name =~ "Digilent JTAG-HS1 210512180081"} -index 0
rst -processor
targets -set -nocase -filter {name =~ "ARM*#0" && jtag_cable_name =~ "Digilent JTAG-HS1 210512180081"} -index 0
dow D:/Github/FPGA-course/sobel/sobel_03_uart_hdmi/sobel_03_uart_hdmi.sdk/ps_uart_bram_app/Debug/ps_uart_bram_app.elf
configparams force-mem-access 0
----------------End of Script----------------

21:21:09 INFO  : Memory regions updated for context APU
21:21:09 INFO  : Context for processor 'ps7_cortexa9_0' is selected.
21:21:09 INFO  : 'con' command is executed.
21:21:09 INFO  : ----------------XSDB Script (After Launch)----------------
targets -set -nocase -filter {name =~ "ARM*#0" && jtag_cable_name =~ "Digilent JTAG-HS1 210512180081"} -index 0
con
----------------End of Script----------------

21:21:09 INFO  : Launch script is exported to file 'D:\Github\FPGA-course\sobel\sobel_03_uart_hdmi\sobel_03_uart_hdmi.sdk\.sdk\launch_scripts\xilinx_c-c++_application_(system_debugger)\system_debugger_using_debug_ps_uart_bram_app.elf_on_local.tcl'
22:53:58 INFO  : Registering command handlers for SDK TCF services
22:54:27 ERROR : xsct server communication channel has closed unexpectedly.
java.net.SocketException: Connection reset
	at java.net.SocketInputStream.read(SocketInputStream.java:209)
	at java.net.SocketInputStream.read(SocketInputStream.java:141)
	at java.io.BufferedInputStream.read1(BufferedInputStream.java:284)
	at java.io.BufferedInputStream.read(BufferedInputStream.java:345)
	at java.io.FilterInputStream.read(FilterInputStream.java:107)
	at org.eclipse.tcf.core.ChannelTCP.get(ChannelTCP.java:185)
	at org.eclipse.tcf.core.StreamChannel.read(StreamChannel.java:84)
	at org.eclipse.tcf.core.AbstractChannel$1.run(AbstractChannel.java:327)
23:05:34 INFO  : Registering command handlers for SDK TCF services
23:05:34 INFO  : Launching XSCT server: xsct.bat -interactive D:\Github\FPGA-course\sobel\sobel_04_uart_sobel_hdmi\sobel_04_uart_sobel_hdmi.sdk\temp_xsdb_launch_script.tcl
23:05:36 INFO  : XSCT server has started successfully.
23:05:36 INFO  : Successfully done setting XSCT server connection channel  
23:05:37 INFO  : Successfully done setting SDK workspace  
23:05:37 INFO  : Processing command line option -hwspec D:/Github/FPGA-course/sobel/sobel_04_uart_sobel_hdmi/sobel_04_uart_sobel_hdmi.sdk/top.hdf.
23:06:18 INFO  : 'targets -set -filter {jtag_cable_name =~ "Digilent JTAG-HS1 210512180081" && level==0} -index 1' command is executed.
23:06:18 INFO  : 'fpga -state' command is executed.
23:06:18 INFO  : Connected to target on host '127.0.0.1' and port '3121'.
23:06:19 INFO  : Jtag cable 'Digilent JTAG-HS1 210512180081' is selected.
23:06:19 INFO  : 'jtag frequency' command is executed.
23:06:19 INFO  : Sourcing of 'D:/Github/FPGA-course/sobel/sobel_04_uart_sobel_hdmi/sobel_04_uart_sobel_hdmi.sdk/top_hw_platform_0/ps7_init.tcl' is done.
23:06:19 INFO  : Context for 'APU' is selected.
23:06:19 INFO  : Hardware design information is loaded from 'D:/Github/FPGA-course/sobel/sobel_04_uart_sobel_hdmi/sobel_04_uart_sobel_hdmi.sdk/top_hw_platform_0/system.hdf'.
23:06:19 INFO  : 'configparams force-mem-access 1' command is executed.
23:06:19 INFO  : Context for 'APU' is selected.
23:06:19 INFO  : 'stop' command is executed.
23:06:19 INFO  : 'ps7_init' command is executed.
23:06:19 INFO  : 'ps7_post_config' command is executed.
23:06:19 INFO  : Context for processor 'ps7_cortexa9_0' is selected.
23:06:19 INFO  : Processor reset is completed for 'ps7_cortexa9_0'.
23:06:19 INFO  : Context for processor 'ps7_cortexa9_0' is selected.
23:06:19 INFO  : The application 'D:/Github/FPGA-course/sobel/sobel_04_uart_sobel_hdmi/sobel_04_uart_sobel_hdmi.sdk/ps_uart_bram_app/Debug/ps_uart_bram_app.elf' is downloaded to processor 'ps7_cortexa9_0'.
23:06:19 INFO  : 'configparams force-mem-access 0' command is executed.
23:06:19 INFO  : ----------------XSDB Script----------------
connect -url tcp:127.0.0.1:3121
source D:/Github/FPGA-course/sobel/sobel_04_uart_sobel_hdmi/sobel_04_uart_sobel_hdmi.sdk/top_hw_platform_0/ps7_init.tcl
targets -set -nocase -filter {name =~"APU*" && jtag_cable_name =~ "Digilent JTAG-HS1 210512180081"} -index 0
loadhw -hw D:/Github/FPGA-course/sobel/sobel_04_uart_sobel_hdmi/sobel_04_uart_sobel_hdmi.sdk/top_hw_platform_0/system.hdf -mem-ranges [list {0x40000000 0xbfffffff}]
configparams force-mem-access 1
targets -set -nocase -filter {name =~"APU*" && jtag_cable_name =~ "Digilent JTAG-HS1 210512180081"} -index 0
stop
ps7_init
ps7_post_config
targets -set -nocase -filter {name =~ "ARM*#0" && jtag_cable_name =~ "Digilent JTAG-HS1 210512180081"} -index 0
rst -processor
targets -set -nocase -filter {name =~ "ARM*#0" && jtag_cable_name =~ "Digilent JTAG-HS1 210512180081"} -index 0
dow D:/Github/FPGA-course/sobel/sobel_04_uart_sobel_hdmi/sobel_04_uart_sobel_hdmi.sdk/ps_uart_bram_app/Debug/ps_uart_bram_app.elf
configparams force-mem-access 0
----------------End of Script----------------

23:06:20 INFO  : Memory regions updated for context APU
23:06:20 INFO  : Context for processor 'ps7_cortexa9_0' is selected.
23:06:20 INFO  : 'con' command is executed.
23:06:20 INFO  : ----------------XSDB Script (After Launch)----------------
targets -set -nocase -filter {name =~ "ARM*#0" && jtag_cable_name =~ "Digilent JTAG-HS1 210512180081"} -index 0
con
----------------End of Script----------------

23:06:20 INFO  : Launch script is exported to file 'D:\Github\FPGA-course\sobel\sobel_04_uart_sobel_hdmi\sobel_04_uart_sobel_hdmi.sdk\.sdk\launch_scripts\xilinx_c-c++_application_(system_debugger)\system_debugger_using_debug_ps_uart_bram_app.elf_on_local.tcl'
23:24:11 INFO  : Disconnected from the channel tcfchan#1.
15:53:51 INFO  : Launching XSCT server: xsct.bat -interactive D:\Github\FPGA-course\zynq7020-iage-processing\sobel_04_uart_sobel_hdmi\sobel_04_uart_sobel_hdmi.sdk\temp_xsdb_launch_script.tcl
15:53:53 INFO  : XSCT server has started successfully.
15:53:55 INFO  : Successfully done setting XSCT server connection channel  
15:53:55 INFO  : Successfully done setting SDK workspace  
15:53:56 INFO  : Registering command handlers for SDK TCF services
15:53:57 INFO  : Processing command line option -hwspec D:/Github/FPGA-course/zynq7020-iage-processing/sobel_04_uart_sobel_hdmi/sobel_04_uart_sobel_hdmi.sdk/top.hdf.
15:54:58 INFO  : Registering command handlers for SDK TCF services
15:54:59 INFO  : Launching XSCT server: xsct.bat -interactive D:\Github\FPGA-course\zynq7020-iage-processing\sobel_04_uart_sobel_hdmi\sobel_04_uart_sobel_hdmi.sdk\temp_xsdb_launch_script.tcl
15:55:01 INFO  : XSCT server has started successfully.
15:55:01 INFO  : Successfully done setting XSCT server connection channel  
15:55:01 INFO  : Successfully done setting SDK workspace  
15:55:01 INFO  : Processing command line option -hwspec D:/Github/FPGA-course/zynq7020-iage-processing/sobel_04_uart_sobel_hdmi/sobel_04_uart_sobel_hdmi.sdk/top.hdf.
15:56:14 INFO  : 'targets -set -filter {jtag_cable_name =~ "Digilent JTAG-HS1 210512180081" && level==0} -index 1' command is executed.
15:56:14 INFO  : 'fpga -state' command is executed.
15:56:14 INFO  : Connected to target on host '127.0.0.1' and port '3121'.
15:56:14 INFO  : Jtag cable 'Digilent JTAG-HS1 210512180081' is selected.
15:56:14 INFO  : 'jtag frequency' command is executed.
15:56:14 INFO  : Sourcing of 'D:/Github/FPGA-course/zynq7020-iage-processing/sobel_04_uart_sobel_hdmi/sobel_04_uart_sobel_hdmi.sdk/top_hw_platform_0/ps7_init.tcl' is done.
15:56:14 INFO  : Context for 'APU' is selected.
15:56:14 INFO  : Hardware design information is loaded from 'D:/Github/FPGA-course/zynq7020-iage-processing/sobel_04_uart_sobel_hdmi/sobel_04_uart_sobel_hdmi.sdk/top_hw_platform_0/system.hdf'.
15:56:14 INFO  : 'configparams force-mem-access 1' command is executed.
15:56:14 INFO  : Context for 'APU' is selected.
15:56:14 INFO  : 'stop' command is executed.
15:56:15 INFO  : 'ps7_init' command is executed.
15:56:15 INFO  : 'ps7_post_config' command is executed.
15:56:15 INFO  : Context for processor 'ps7_cortexa9_0' is selected.
15:56:15 INFO  : Processor reset is completed for 'ps7_cortexa9_0'.
15:56:15 INFO  : Context for processor 'ps7_cortexa9_0' is selected.
15:56:15 INFO  : The application 'D:/Github/FPGA-course/zynq7020-iage-processing/sobel_04_uart_sobel_hdmi/sobel_04_uart_sobel_hdmi.sdk/ps_uart_bram_app/Debug/ps_uart_bram_app.elf' is downloaded to processor 'ps7_cortexa9_0'.
15:56:15 INFO  : 'configparams force-mem-access 0' command is executed.
15:56:15 INFO  : ----------------XSDB Script----------------
connect -url tcp:127.0.0.1:3121
source D:/Github/FPGA-course/zynq7020-iage-processing/sobel_04_uart_sobel_hdmi/sobel_04_uart_sobel_hdmi.sdk/top_hw_platform_0/ps7_init.tcl
targets -set -nocase -filter {name =~"APU*" && jtag_cable_name =~ "Digilent JTAG-HS1 210512180081"} -index 0
loadhw -hw D:/Github/FPGA-course/zynq7020-iage-processing/sobel_04_uart_sobel_hdmi/sobel_04_uart_sobel_hdmi.sdk/top_hw_platform_0/system.hdf -mem-ranges [list {0x40000000 0xbfffffff}]
configparams force-mem-access 1
targets -set -nocase -filter {name =~"APU*" && jtag_cable_name =~ "Digilent JTAG-HS1 210512180081"} -index 0
stop
ps7_init
ps7_post_config
targets -set -nocase -filter {name =~ "ARM*#0" && jtag_cable_name =~ "Digilent JTAG-HS1 210512180081"} -index 0
rst -processor
targets -set -nocase -filter {name =~ "ARM*#0" && jtag_cable_name =~ "Digilent JTAG-HS1 210512180081"} -index 0
dow D:/Github/FPGA-course/zynq7020-iage-processing/sobel_04_uart_sobel_hdmi/sobel_04_uart_sobel_hdmi.sdk/ps_uart_bram_app/Debug/ps_uart_bram_app.elf
configparams force-mem-access 0
----------------End of Script----------------

15:56:15 INFO  : Memory regions updated for context APU
15:56:15 INFO  : Context for processor 'ps7_cortexa9_0' is selected.
15:56:15 INFO  : 'con' command is executed.
15:56:15 INFO  : ----------------XSDB Script (After Launch)----------------
targets -set -nocase -filter {name =~ "ARM*#0" && jtag_cable_name =~ "Digilent JTAG-HS1 210512180081"} -index 0
con
----------------End of Script----------------

15:56:15 INFO  : Launch script is exported to file 'D:\Github\FPGA-course\zynq7020-iage-processing\sobel_04_uart_sobel_hdmi\sobel_04_uart_sobel_hdmi.sdk\.sdk\launch_scripts\xilinx_c-c++_application_(system_debugger)\system_debugger_using_debug_ps_uart_bram_app.elf_on_local.tcl'
16:00:53 INFO  : Disconnected from the channel tcfchan#1.
16:11:52 INFO  : Launching XSCT server: xsct.bat -interactive D:\Github\FPGA-course\zynq7020-iage-processing\sobel_04_uart_sobel_hdmi\sobel_04_uart_sobel_hdmi.sdk\temp_xsdb_launch_script.tcl
16:11:54 INFO  : XSCT server has started successfully.
16:11:54 INFO  : Successfully done setting XSCT server connection channel  
16:11:56 INFO  : Successfully done setting SDK workspace  
16:11:57 INFO  : Registering command handlers for SDK TCF services
16:11:58 INFO  : Processing command line option -hwspec D:/Github/FPGA-course/zynq7020-iage-processing/sobel_04_uart_sobel_hdmi/sobel_04_uart_sobel_hdmi.sdk/top.hdf.
16:11:58 INFO  : Checking for hwspec changes in the project top_hw_platform_0.
16:12:25 INFO  : 'targets -set -filter {jtag_cable_name =~ "Digilent JTAG-HS1 210512180081" && level==0} -index 1' command is executed.
16:12:25 INFO  : 'fpga -state' command is executed.
16:12:25 INFO  : Connected to target on host '127.0.0.1' and port '3121'.
16:12:25 INFO  : Jtag cable 'Digilent JTAG-HS1 210512180081' is selected.
16:12:25 INFO  : 'jtag frequency' command is executed.
16:12:25 INFO  : Sourcing of 'D:/Github/FPGA-course/zynq7020-iage-processing/sobel_04_uart_sobel_hdmi/sobel_04_uart_sobel_hdmi.sdk/top_hw_platform_0/ps7_init.tcl' is done.
16:12:25 INFO  : Context for 'APU' is selected.
16:12:26 INFO  : Hardware design information is loaded from 'D:/Github/FPGA-course/zynq7020-iage-processing/sobel_04_uart_sobel_hdmi/sobel_04_uart_sobel_hdmi.sdk/top_hw_platform_0/system.hdf'.
16:12:26 INFO  : 'configparams force-mem-access 1' command is executed.
16:12:26 INFO  : Context for 'APU' is selected.
16:12:26 INFO  : 'stop' command is executed.
16:12:26 INFO  : 'ps7_init' command is executed.
16:12:26 INFO  : 'ps7_post_config' command is executed.
16:12:26 INFO  : Context for processor 'ps7_cortexa9_0' is selected.
16:12:26 INFO  : Processor reset is completed for 'ps7_cortexa9_0'.
16:12:26 INFO  : Context for processor 'ps7_cortexa9_0' is selected.
16:12:26 INFO  : The application 'D:/Github/FPGA-course/zynq7020-iage-processing/sobel_04_uart_sobel_hdmi/sobel_04_uart_sobel_hdmi.sdk/ps_uart_bram_app/Debug/ps_uart_bram_app.elf' is downloaded to processor 'ps7_cortexa9_0'.
16:12:26 INFO  : 'configparams force-mem-access 0' command is executed.
16:12:26 INFO  : ----------------XSDB Script----------------
connect -url tcp:127.0.0.1:3121
source D:/Github/FPGA-course/zynq7020-iage-processing/sobel_04_uart_sobel_hdmi/sobel_04_uart_sobel_hdmi.sdk/top_hw_platform_0/ps7_init.tcl
targets -set -nocase -filter {name =~"APU*" && jtag_cable_name =~ "Digilent JTAG-HS1 210512180081"} -index 0
loadhw -hw D:/Github/FPGA-course/zynq7020-iage-processing/sobel_04_uart_sobel_hdmi/sobel_04_uart_sobel_hdmi.sdk/top_hw_platform_0/system.hdf -mem-ranges [list {0x40000000 0xbfffffff}]
configparams force-mem-access 1
targets -set -nocase -filter {name =~"APU*" && jtag_cable_name =~ "Digilent JTAG-HS1 210512180081"} -index 0
stop
ps7_init
ps7_post_config
targets -set -nocase -filter {name =~ "ARM*#0" && jtag_cable_name =~ "Digilent JTAG-HS1 210512180081"} -index 0
rst -processor
targets -set -nocase -filter {name =~ "ARM*#0" && jtag_cable_name =~ "Digilent JTAG-HS1 210512180081"} -index 0
dow D:/Github/FPGA-course/zynq7020-iage-processing/sobel_04_uart_sobel_hdmi/sobel_04_uart_sobel_hdmi.sdk/ps_uart_bram_app/Debug/ps_uart_bram_app.elf
configparams force-mem-access 0
----------------End of Script----------------

16:12:26 INFO  : Memory regions updated for context APU
16:12:26 INFO  : Context for processor 'ps7_cortexa9_0' is selected.
16:12:27 INFO  : 'con' command is executed.
16:12:27 INFO  : ----------------XSDB Script (After Launch)----------------
targets -set -nocase -filter {name =~ "ARM*#0" && jtag_cable_name =~ "Digilent JTAG-HS1 210512180081"} -index 0
con
----------------End of Script----------------

16:12:27 INFO  : Launch script is exported to file 'D:\Github\FPGA-course\zynq7020-iage-processing\sobel_04_uart_sobel_hdmi\sobel_04_uart_sobel_hdmi.sdk\.sdk\launch_scripts\xilinx_c-c++_application_(system_debugger)\system_debugger_using_debug_ps_uart_bram_app.elf_on_local.tcl'
16:32:37 INFO  : Disconnected from the channel tcfchan#1.
19:27:06 INFO  : Launching XSCT server: xsct.bat -interactive D:\Github\FPGA-course\zynq7020-image-processing\sobel_04_uart_sobel_hdmi\sobel_04_uart_sobel_hdmi.sdk\temp_xsdb_launch_script.tcl
19:27:09 INFO  : XSCT server has started successfully.
19:27:18 INFO  : Successfully done setting XSCT server connection channel  
19:27:18 INFO  : Successfully done setting SDK workspace  
19:27:19 INFO  : Registering command handlers for SDK TCF services
19:27:21 INFO  : Processing command line option -hwspec D:/Github/FPGA-course/zynq7020-image-processing/sobel_04_uart_sobel_hdmi/sobel_04_uart_sobel_hdmi.sdk/top.hdf.
19:27:48 INFO  : Registering command handlers for SDK TCF services
19:27:48 INFO  : Launching XSCT server: xsct.bat -interactive D:\Github\FPGA-course\zynq7020-image-processing\sobel_04_uart_sobel_hdmi\sobel_04_uart_sobel_hdmi.sdk\temp_xsdb_launch_script.tcl
19:27:50 INFO  : XSCT server has started successfully.
19:27:50 INFO  : Successfully done setting XSCT server connection channel  
19:27:51 INFO  : Successfully done setting SDK workspace  
19:27:51 INFO  : Processing command line option -hwspec D:/Github/FPGA-course/zynq7020-image-processing/sobel_04_uart_sobel_hdmi/sobel_04_uart_sobel_hdmi.sdk/top.hdf.
19:28:33 INFO  : 'targets -set -filter {jtag_cable_name =~ "Digilent JTAG-HS1 210512180081" && level==0} -index 1' command is executed.
19:28:33 INFO  : 'fpga -state' command is executed.
19:28:33 INFO  : Connected to target on host '127.0.0.1' and port '3121'.
19:28:33 INFO  : Jtag cable 'Digilent JTAG-HS1 210512180081' is selected.
19:28:33 INFO  : 'jtag frequency' command is executed.
19:28:33 INFO  : Sourcing of 'D:/Github/FPGA-course/zynq7020-image-processing/sobel_04_uart_sobel_hdmi/sobel_04_uart_sobel_hdmi.sdk/top_hw_platform_0/ps7_init.tcl' is done.
19:28:33 INFO  : Context for 'APU' is selected.
19:28:33 INFO  : Hardware design information is loaded from 'D:/Github/FPGA-course/zynq7020-image-processing/sobel_04_uart_sobel_hdmi/sobel_04_uart_sobel_hdmi.sdk/top_hw_platform_0/system.hdf'.
19:28:33 INFO  : 'configparams force-mem-access 1' command is executed.
19:28:33 INFO  : Context for 'APU' is selected.
19:28:33 INFO  : 'stop' command is executed.
19:28:34 INFO  : 'ps7_init' command is executed.
19:28:34 INFO  : 'ps7_post_config' command is executed.
19:28:34 INFO  : Context for processor 'ps7_cortexa9_0' is selected.
19:28:34 INFO  : Processor reset is completed for 'ps7_cortexa9_0'.
19:28:34 INFO  : Context for processor 'ps7_cortexa9_0' is selected.
19:28:34 INFO  : The application 'D:/Github/FPGA-course/zynq7020-image-processing/sobel_04_uart_sobel_hdmi/sobel_04_uart_sobel_hdmi.sdk/ps_uart_bram_app/Debug/ps_uart_bram_app.elf' is downloaded to processor 'ps7_cortexa9_0'.
19:28:34 INFO  : 'configparams force-mem-access 0' command is executed.
19:28:34 INFO  : ----------------XSDB Script----------------
connect -url tcp:127.0.0.1:3121
source D:/Github/FPGA-course/zynq7020-image-processing/sobel_04_uart_sobel_hdmi/sobel_04_uart_sobel_hdmi.sdk/top_hw_platform_0/ps7_init.tcl
targets -set -nocase -filter {name =~"APU*" && jtag_cable_name =~ "Digilent JTAG-HS1 210512180081"} -index 0
loadhw -hw D:/Github/FPGA-course/zynq7020-image-processing/sobel_04_uart_sobel_hdmi/sobel_04_uart_sobel_hdmi.sdk/top_hw_platform_0/system.hdf -mem-ranges [list {0x40000000 0xbfffffff}]
configparams force-mem-access 1
targets -set -nocase -filter {name =~"APU*" && jtag_cable_name =~ "Digilent JTAG-HS1 210512180081"} -index 0
stop
ps7_init
ps7_post_config
targets -set -nocase -filter {name =~ "ARM*#0" && jtag_cable_name =~ "Digilent JTAG-HS1 210512180081"} -index 0
rst -processor
targets -set -nocase -filter {name =~ "ARM*#0" && jtag_cable_name =~ "Digilent JTAG-HS1 210512180081"} -index 0
dow D:/Github/FPGA-course/zynq7020-image-processing/sobel_04_uart_sobel_hdmi/sobel_04_uart_sobel_hdmi.sdk/ps_uart_bram_app/Debug/ps_uart_bram_app.elf
configparams force-mem-access 0
----------------End of Script----------------

19:28:34 INFO  : Memory regions updated for context APU
19:28:34 INFO  : Context for processor 'ps7_cortexa9_0' is selected.
19:28:34 INFO  : 'con' command is executed.
19:28:34 INFO  : ----------------XSDB Script (After Launch)----------------
targets -set -nocase -filter {name =~ "ARM*#0" && jtag_cable_name =~ "Digilent JTAG-HS1 210512180081"} -index 0
con
----------------End of Script----------------

19:28:34 INFO  : Launch script is exported to file 'D:\Github\FPGA-course\zynq7020-image-processing\sobel_04_uart_sobel_hdmi\sobel_04_uart_sobel_hdmi.sdk\.sdk\launch_scripts\xilinx_c-c++_application_(system_debugger)\system_debugger_using_debug_ps_uart_bram_app.elf_on_local.tcl'
19:46:06 INFO  : Disconnected from the channel tcfchan#1.
11:15:50 INFO  : Launching XSCT server: xsct.bat -interactive C:\Users\Lenovo\Desktop\zynq7020-image-processing\sobel_04_uart_sobel_hdmi\sobel_04_uart_sobel_hdmi.sdk\temp_xsdb_launch_script.tcl
11:15:51 INFO  : XSCT server has started successfully.
11:15:51 INFO  : Successfully done setting XSCT server connection channel  
11:15:53 INFO  : Successfully done setting SDK workspace  
11:15:54 INFO  : Registering command handlers for SDK TCF services
11:15:55 INFO  : Processing command line option -hwspec C:/Users/Lenovo/Desktop/zynq7020-image-processing/sobel_04_uart_sobel_hdmi/sobel_04_uart_sobel_hdmi.sdk/top.hdf.
11:16:04 INFO  : 'targets -set -filter {jtag_cable_name =~ "Digilent JTAG-HS1 210512180081" && level==0} -index 1' command is executed.
11:16:05 INFO  : 'fpga -state' command is executed.
11:16:05 INFO  : Connected to target on host '127.0.0.1' and port '3121'.
11:16:05 INFO  : Jtag cable 'Digilent JTAG-HS1 210512180081' is selected.
11:16:05 INFO  : 'jtag frequency' command is executed.
11:16:05 INFO  : Sourcing of 'C:/Users/Lenovo/Desktop/zynq7020-image-processing/sobel_04_uart_sobel_hdmi/sobel_04_uart_sobel_hdmi.sdk/top_hw_platform_0/ps7_init.tcl' is done.
11:16:05 INFO  : Context for 'APU' is selected.
11:16:05 INFO  : Hardware design information is loaded from 'C:/Users/Lenovo/Desktop/zynq7020-image-processing/sobel_04_uart_sobel_hdmi/sobel_04_uart_sobel_hdmi.sdk/top_hw_platform_0/system.hdf'.
11:16:05 INFO  : 'configparams force-mem-access 1' command is executed.
11:16:05 INFO  : Context for 'APU' is selected.
11:16:05 INFO  : 'stop' command is executed.
11:16:06 ERROR : Memory write error at 0xF8F00208. APB AP transaction error, DAP status f0000021
11:16:06 INFO  : ----------------XSDB Script----------------
connect -url tcp:127.0.0.1:3121
source C:/Users/Lenovo/Desktop/zynq7020-image-processing/sobel_04_uart_sobel_hdmi/sobel_04_uart_sobel_hdmi.sdk/top_hw_platform_0/ps7_init.tcl
targets -set -nocase -filter {name =~"APU*" && jtag_cable_name =~ "Digilent JTAG-HS1 210512180081"} -index 0
loadhw -hw C:/Users/Lenovo/Desktop/zynq7020-image-processing/sobel_04_uart_sobel_hdmi/sobel_04_uart_sobel_hdmi.sdk/top_hw_platform_0/system.hdf -mem-ranges [list {0x40000000 0xbfffffff}]
configparams force-mem-access 1
targets -set -nocase -filter {name =~"APU*" && jtag_cable_name =~ "Digilent JTAG-HS1 210512180081"} -index 0
stop
ps7_init
----------------End of Script----------------

11:19:34 INFO  : Launching XSCT server: xsct.bat -interactive C:\Users\Lenovo\Desktop\zynq7020-image-processing\sobel_04_uart_sobel_hdmi\sobel_04_uart_sobel_hdmi.sdk\temp_xsdb_launch_script.tcl
11:19:35 INFO  : XSCT server has started successfully.
11:19:35 INFO  : Successfully done setting XSCT server connection channel  
11:19:37 INFO  : Successfully done setting SDK workspace  
11:19:38 INFO  : Registering command handlers for SDK TCF services
11:19:38 INFO  : Processing command line option -hwspec C:/Users/Lenovo/Desktop/zynq7020-image-processing/sobel_04_uart_sobel_hdmi/sobel_04_uart_sobel_hdmi.sdk/top.hdf.
11:19:38 INFO  : Checking for hwspec changes in the project top_hw_platform_1.
11:19:44 INFO  : 'targets -set -filter {jtag_cable_name =~ "Digilent JTAG-HS1 210512180081" && level==0} -index 1' command is executed.
11:19:44 INFO  : 'fpga -state' command is executed.
11:19:44 INFO  : Connected to target on host '127.0.0.1' and port '3121'.
11:19:44 INFO  : Jtag cable 'Digilent JTAG-HS1 210512180081' is selected.
11:19:44 INFO  : 'jtag frequency' command is executed.
11:19:44 INFO  : Sourcing of 'C:/Users/Lenovo/Desktop/zynq7020-image-processing/sobel_04_uart_sobel_hdmi/sobel_04_uart_sobel_hdmi.sdk/top_hw_platform_0/ps7_init.tcl' is done.
11:19:44 INFO  : Context for 'APU' is selected.
11:19:44 INFO  : Hardware design information is loaded from 'C:/Users/Lenovo/Desktop/zynq7020-image-processing/sobel_04_uart_sobel_hdmi/sobel_04_uart_sobel_hdmi.sdk/top_hw_platform_0/system.hdf'.
11:19:44 INFO  : 'configparams force-mem-access 1' command is executed.
11:19:44 INFO  : Context for 'APU' is selected.
11:19:45 INFO  : 'stop' command is executed.
11:19:45 INFO  : 'ps7_init' command is executed.
11:19:45 INFO  : 'ps7_post_config' command is executed.
11:19:45 INFO  : Context for processor 'ps7_cortexa9_0' is selected.
11:19:45 INFO  : Processor reset is completed for 'ps7_cortexa9_0'.
11:19:45 INFO  : Context for processor 'ps7_cortexa9_0' is selected.
11:19:45 INFO  : The application 'C:/Users/Lenovo/Desktop/zynq7020-image-processing/sobel_04_uart_sobel_hdmi/sobel_04_uart_sobel_hdmi.sdk/ps_uart_bram_app/Debug/ps_uart_bram_app.elf' is downloaded to processor 'ps7_cortexa9_0'.
11:19:45 INFO  : 'configparams force-mem-access 0' command is executed.
11:19:45 INFO  : ----------------XSDB Script----------------
connect -url tcp:127.0.0.1:3121
source C:/Users/Lenovo/Desktop/zynq7020-image-processing/sobel_04_uart_sobel_hdmi/sobel_04_uart_sobel_hdmi.sdk/top_hw_platform_0/ps7_init.tcl
targets -set -nocase -filter {name =~"APU*" && jtag_cable_name =~ "Digilent JTAG-HS1 210512180081"} -index 0
loadhw -hw C:/Users/Lenovo/Desktop/zynq7020-image-processing/sobel_04_uart_sobel_hdmi/sobel_04_uart_sobel_hdmi.sdk/top_hw_platform_0/system.hdf -mem-ranges [list {0x40000000 0xbfffffff}]
configparams force-mem-access 1
targets -set -nocase -filter {name =~"APU*" && jtag_cable_name =~ "Digilent JTAG-HS1 210512180081"} -index 0
stop
ps7_init
ps7_post_config
targets -set -nocase -filter {name =~ "ARM*#0" && jtag_cable_name =~ "Digilent JTAG-HS1 210512180081"} -index 0
rst -processor
targets -set -nocase -filter {name =~ "ARM*#0" && jtag_cable_name =~ "Digilent JTAG-HS1 210512180081"} -index 0
dow C:/Users/Lenovo/Desktop/zynq7020-image-processing/sobel_04_uart_sobel_hdmi/sobel_04_uart_sobel_hdmi.sdk/ps_uart_bram_app/Debug/ps_uart_bram_app.elf
configparams force-mem-access 0
----------------End of Script----------------

11:19:45 INFO  : Memory regions updated for context APU
11:19:45 INFO  : Context for processor 'ps7_cortexa9_0' is selected.
11:19:45 INFO  : 'con' command is executed.
11:19:45 INFO  : ----------------XSDB Script (After Launch)----------------
targets -set -nocase -filter {name =~ "ARM*#0" && jtag_cable_name =~ "Digilent JTAG-HS1 210512180081"} -index 0
con
----------------End of Script----------------

11:19:45 INFO  : Launch script is exported to file 'C:\Users\Lenovo\Desktop\zynq7020-image-processing\sobel_04_uart_sobel_hdmi\sobel_04_uart_sobel_hdmi.sdk\.sdk\launch_scripts\xilinx_c-c++_application_(system_debugger)\system_debugger_using_debug_ps_uart_bram_app.elf_on_local.tcl'
11:24:56 INFO  : Disconnected from the channel tcfchan#1.
11:24:57 INFO  : 'targets -set -filter {jtag_cable_name =~ "Digilent JTAG-HS1 210512180081" && level==0} -index 1' command is executed.
11:24:57 INFO  : 'fpga -state' command is executed.
11:24:57 INFO  : Connected to target on host '127.0.0.1' and port '3121'.
11:24:58 INFO  : Jtag cable 'Digilent JTAG-HS1 210512180081' is selected.
11:24:58 INFO  : 'jtag frequency' command is executed.
11:24:58 INFO  : Sourcing of 'C:/Users/Lenovo/Desktop/zynq7020-image-processing/sobel_04_uart_sobel_hdmi/sobel_04_uart_sobel_hdmi.sdk/top_hw_platform_0/ps7_init.tcl' is done.
11:24:58 INFO  : Context for 'APU' is selected.
11:24:58 INFO  : Hardware design information is loaded from 'C:/Users/Lenovo/Desktop/zynq7020-image-processing/sobel_04_uart_sobel_hdmi/sobel_04_uart_sobel_hdmi.sdk/top_hw_platform_0/system.hdf'.
11:24:58 INFO  : 'configparams force-mem-access 1' command is executed.
11:24:58 INFO  : Context for 'APU' is selected.
11:24:58 INFO  : 'stop' command is executed.
11:24:58 INFO  : 'ps7_init' command is executed.
11:24:58 INFO  : 'ps7_post_config' command is executed.
11:24:58 INFO  : Context for processor 'ps7_cortexa9_0' is selected.
11:24:58 INFO  : Processor reset is completed for 'ps7_cortexa9_0'.
11:24:58 INFO  : Context for processor 'ps7_cortexa9_0' is selected.
11:24:58 INFO  : The application 'C:/Users/Lenovo/Desktop/zynq7020-image-processing/sobel_04_uart_sobel_hdmi/sobel_04_uart_sobel_hdmi.sdk/ps_uart_bram_app/Debug/ps_uart_bram_app.elf' is downloaded to processor 'ps7_cortexa9_0'.
11:24:58 INFO  : 'configparams force-mem-access 0' command is executed.
11:24:58 INFO  : ----------------XSDB Script----------------
connect -url tcp:127.0.0.1:3121
source C:/Users/Lenovo/Desktop/zynq7020-image-processing/sobel_04_uart_sobel_hdmi/sobel_04_uart_sobel_hdmi.sdk/top_hw_platform_0/ps7_init.tcl
targets -set -nocase -filter {name =~"APU*" && jtag_cable_name =~ "Digilent JTAG-HS1 210512180081"} -index 0
loadhw -hw C:/Users/Lenovo/Desktop/zynq7020-image-processing/sobel_04_uart_sobel_hdmi/sobel_04_uart_sobel_hdmi.sdk/top_hw_platform_0/system.hdf -mem-ranges [list {0x40000000 0xbfffffff}]
configparams force-mem-access 1
targets -set -nocase -filter {name =~"APU*" && jtag_cable_name =~ "Digilent JTAG-HS1 210512180081"} -index 0
stop
ps7_init
ps7_post_config
targets -set -nocase -filter {name =~ "ARM*#0" && jtag_cable_name =~ "Digilent JTAG-HS1 210512180081"} -index 0
rst -processor
targets -set -nocase -filter {name =~ "ARM*#0" && jtag_cable_name =~ "Digilent JTAG-HS1 210512180081"} -index 0
dow C:/Users/Lenovo/Desktop/zynq7020-image-processing/sobel_04_uart_sobel_hdmi/sobel_04_uart_sobel_hdmi.sdk/ps_uart_bram_app/Debug/ps_uart_bram_app.elf
configparams force-mem-access 0
----------------End of Script----------------

11:24:58 INFO  : Memory regions updated for context APU
11:24:58 INFO  : Context for processor 'ps7_cortexa9_0' is selected.
11:24:58 INFO  : 'con' command is executed.
11:24:58 INFO  : ----------------XSDB Script (After Launch)----------------
targets -set -nocase -filter {name =~ "ARM*#0" && jtag_cable_name =~ "Digilent JTAG-HS1 210512180081"} -index 0
con
----------------End of Script----------------

11:24:58 INFO  : Launch script is exported to file 'C:\Users\Lenovo\Desktop\zynq7020-image-processing\sobel_04_uart_sobel_hdmi\sobel_04_uart_sobel_hdmi.sdk\.sdk\launch_scripts\xilinx_c-c++_application_(system_debugger)\system_debugger_using_debug_ps_uart_bram_app.elf_on_local.tcl'
11:39:18 INFO  : Disconnected from the channel tcfchan#2.
