#-----------------------------------------------------------
# Vivado v2017.4 (64-bit)
# SW Build 2086221 on Fri Dec 15 20:55:39 MST 2017
# IP Build 2085800 on Fri Dec 15 22:25:07 MST 2017
# Start of session at: Wed Jun 10 19:56:36 2026
# Process ID: 31304
# Current directory: D:/Github/FPGA-course/zynq7020-image-processing/sobel_05_pc_control_display
# Command line: vivado.exe -mode batch -source run_sobel_05_synth.tcl -journal vivado_sobel_05_synth.jou -log vivado_sobel_05_synth.log
# Log file: D:/Github/FPGA-course/zynq7020-image-processing/sobel_05_pc_control_display/vivado_sobel_05_synth.log
# Journal file: D:/Github/FPGA-course/zynq7020-image-processing/sobel_05_pc_control_display\vivado_sobel_05_synth.jou
#-----------------------------------------------------------
source run_sobel_05_synth.tcl
# open_project ./sobel_05_pc_control_display.xpr
Scanning sources...
Finished scanning sources
WARNING: [filemgmt 56-3] IP Repository Path: Could not find the directory 'D:/Github/FPGA-course/zynq7020-image-processing/hdmi_common/repo'.
INFO: [IP_Flow 19-234] Refreshing IP repositories
WARNING: [IP_Flow 19-2248] Failed to load user IP repository 'd:/Github/FPGA-course/zynq7020-image-processing/hdmi_common/repo'; Can't find the specified path.
If this directory should no longer be in your list of user repositories, go to the IP Settings dialog and remove it.
INFO: [IP_Flow 19-2313] Loaded Vivado IP repository 'C:/Xilinx/Vivado/2017.4/data/ip'.
WARNING: [IP_Flow 19-3664] IP 'ps_uart_bram_hdmi_axi_smc_0' generated file not found 'd:/Github/FPGA-course/zynq7020-image-processing/sobel_05_pc_control_display/sobel_05_pc_control_display.srcs/sources_1/bd/ps_uart_bram_hdmi/ip/ps_uart_bram_hdmi_axi_smc_0/ps_uart_bram_hdmi_axi_smc_0.dcp'. Please regenerate to continue.
WARNING: [IP_Flow 19-3664] IP 'ps_uart_bram_hdmi_axi_smc_0' generated file not found 'd:/Github/FPGA-course/zynq7020-image-processing/sobel_05_pc_control_display/sobel_05_pc_control_display.srcs/sources_1/bd/ps_uart_bram_hdmi/ip/ps_uart_bram_hdmi_axi_smc_0/ps_uart_bram_hdmi_axi_smc_0_stub.v'. Please regenerate to continue.
WARNING: [IP_Flow 19-3664] IP 'ps_uart_bram_hdmi_axi_smc_0' generated file not found 'd:/Github/FPGA-course/zynq7020-image-processing/sobel_05_pc_control_display/sobel_05_pc_control_display.srcs/sources_1/bd/ps_uart_bram_hdmi/ip/ps_uart_bram_hdmi_axi_smc_0/ps_uart_bram_hdmi_axi_smc_0_stub.vhdl'. Please regenerate to continue.
WARNING: [IP_Flow 19-3664] IP 'ps_uart_bram_hdmi_axi_smc_0' generated file not found 'd:/Github/FPGA-course/zynq7020-image-processing/sobel_05_pc_control_display/sobel_05_pc_control_display.srcs/sources_1/bd/ps_uart_bram_hdmi/ip/ps_uart_bram_hdmi_axi_smc_0/ps_uart_bram_hdmi_axi_smc_0_sim_netlist.v'. Please regenerate to continue.
WARNING: [IP_Flow 19-3664] IP 'ps_uart_bram_hdmi_axi_smc_0' generated file not found 'd:/Github/FPGA-course/zynq7020-image-processing/sobel_05_pc_control_display/sobel_05_pc_control_display.srcs/sources_1/bd/ps_uart_bram_hdmi/ip/ps_uart_bram_hdmi_axi_smc_0/ps_uart_bram_hdmi_axi_smc_0_sim_netlist.vhdl'. Please regenerate to continue.
WARNING: [IP_Flow 19-2162] IP 'rgb2dvi_0' is locked:
* IP definition 'rgb2dvi (1.3)' for IP 'rgb2dvi_0' (customized with software release 2017.4) was not found in the IP Catalog.
Please select 'Report IP Status' from the 'Tools/Report' menu or run Tcl command 'report_ip_status' for more information.
# update_compile_order -fileset sources_1
# reset_run synth_1
# launch_runs synth_1 -jobs 4
ERROR: [Common 17-70] Application Exception: Failed to launch run 'synth_1' due to failures in the following run(s):
ps_uart_bram_hdmi_axi_smc_0_synth_1
These failed run(s) need to be reset prior to launching 'synth_1' again.

INFO: [Common 17-206] Exiting Vivado at Wed Jun 10 19:56:45 2026...
