#-----------------------------------------------------------
# Vivado v2017.4 (64-bit)
# SW Build 2086221 on Fri Dec 15 20:55:39 MST 2017
# IP Build 2085800 on Fri Dec 15 22:25:07 MST 2017
# Start of session at: Thu Jun 25 17:10:03 2026
# Process ID: 23024
# Current directory: D:/deskbox/test01/05/zynq7020-image-processing/sobel_05_pc_control_display
# Command line: vivado.exe -gui_launcher_event rodinguilauncherevent6332 D:\deskbox\test01\05\zynq7020-image-processing\sobel_05_pc_control_display\sobel_05_pc_control_display.xpr
# Log file: D:/deskbox/test01/05/zynq7020-image-processing/sobel_05_pc_control_display/vivado.log
# Journal file: D:/deskbox/test01/05/zynq7020-image-processing/sobel_05_pc_control_display\vivado.jou
#-----------------------------------------------------------
start_gui
open_project D:/deskbox/test01/05/zynq7020-image-processing/sobel_05_pc_control_display/sobel_05_pc_control_display.xpr
INFO: [Project 1-313] Project file moved from 'D:/袤醱茬扞碟赽/test01/05/zynq7020-image-processing/sobel_05_pc_control_display' since last save.
Scanning sources...
Finished scanning sources
WARNING: [filemgmt 56-2] IP Repository Path: Could not find the directory 'D:/deskbox/test01/05/zynq7020-image-processing/hdmi_common/repo', nor could it be found using path 'D:/袤醱茬扞碟赽/test01/05/zynq7020-image-processing/hdmi_common/repo'.
INFO: [IP_Flow 19-234] Refreshing IP repositories
WARNING: [IP_Flow 19-2248] Failed to load user IP repository 'd:/deskbox/test01/05/zynq7020-image-processing/hdmi_common/repo'; Can't find the specified path.
If this directory should no longer be in your list of user repositories, go to the IP Settings dialog and remove it.
INFO: [IP_Flow 19-2313] Loaded Vivado IP repository 'E:/vivido/Xilinx/Vivado/2017.4/data/ip'.
WARNING: [IP_Flow 19-2162] IP 'rgb2dvi_0' is locked:
* IP definition 'rgb2dvi (1.3)' for IP 'rgb2dvi_0' (customized with software release 2017.4) was not found in the IP Catalog.
Please select 'Report IP Status' from the 'Tools/Report' menu or run Tcl command 'report_ip_status' for more information.
reset_run synth_1
launch_runs synth_1 -jobs 10
[Thu Jun 25 17:10:18 2026] Launched synth_1...
Run output will be captured here: D:/deskbox/test01/05/zynq7020-image-processing/sobel_05_pc_control_display/sobel_05_pc_control_display.runs/synth_1/runme.log
update_compile_order -fileset sources_1
launch_runs impl_1 -jobs 10
[Thu Jun 25 17:12:51 2026] Launched impl_1...
Run output will be captured here: D:/deskbox/test01/05/zynq7020-image-processing/sobel_05_pc_control_display/sobel_05_pc_control_display.runs/impl_1/runme.log
open_run impl_1
INFO: [Netlist 29-17] Analyzing 6818 Unisim elements for replacement
INFO: [Netlist 29-28] Unisim Transformation completed in 0 CPU seconds
INFO: [Project 1-479] Netlist was created with Vivado 2017.4
INFO: [Device 21-403] Loading part xc7z020clg400-2
INFO: [Project 1-570] Preparing netlist for logic optimization
Parsing XDC File [D:/deskbox/test01/05/zynq7020-image-processing/sobel_05_pc_control_display/.Xil/Vivado-23024-LAPTOP-PN5J37V8/dcp8/top_board.xdc]
Finished Parsing XDC File [D:/deskbox/test01/05/zynq7020-image-processing/sobel_05_pc_control_display/.Xil/Vivado-23024-LAPTOP-PN5J37V8/dcp8/top_board.xdc]
Parsing XDC File [D:/deskbox/test01/05/zynq7020-image-processing/sobel_05_pc_control_display/.Xil/Vivado-23024-LAPTOP-PN5J37V8/dcp8/top_early.xdc]
INFO: [Timing 38-35] Done setting XDC timing constraints. [D:/deskbox/test01/05/zynq7020-image-processing/sobel_05_pc_control_display/sobel_05_pc_control_display.srcs/sources_1/ip/video_clock/video_clock.xdc:57]
INFO: [Timing 38-2] Deriving generated clocks [D:/deskbox/test01/05/zynq7020-image-processing/sobel_05_pc_control_display/sobel_05_pc_control_display.srcs/sources_1/ip/video_clock/video_clock.xdc:57]
get_clocks: Time (s): cpu = 00:00:02 ; elapsed = 00:00:08 . Memory (MB): peak = 1999.137 ; gain = 614.266
Finished Parsing XDC File [D:/deskbox/test01/05/zynq7020-image-processing/sobel_05_pc_control_display/.Xil/Vivado-23024-LAPTOP-PN5J37V8/dcp8/top_early.xdc]
Parsing XDC File [D:/deskbox/test01/05/zynq7020-image-processing/sobel_05_pc_control_display/.Xil/Vivado-23024-LAPTOP-PN5J37V8/dcp8/top.xdc]
WARNING: [Constraints 18-619] A clock with name 'sys_clk' already exists, overwriting the previous clock with the same name. [D:/deskbox/test01/05/zynq7020-image-processing/sobel_05_pc_control_display/sobel_05_pc_control_display.srcs/constrs_1/new/hdmi_out_test.xdc:3]
Finished Parsing XDC File [D:/deskbox/test01/05/zynq7020-image-processing/sobel_05_pc_control_display/.Xil/Vivado-23024-LAPTOP-PN5J37V8/dcp8/top.xdc]
Parsing XDC File [D:/deskbox/test01/05/zynq7020-image-processing/sobel_05_pc_control_display/.Xil/Vivado-23024-LAPTOP-PN5J37V8/dcp8/top_late.xdc]
Finished Parsing XDC File [D:/deskbox/test01/05/zynq7020-image-processing/sobel_05_pc_control_display/.Xil/Vivado-23024-LAPTOP-PN5J37V8/dcp8/top_late.xdc]
Reading XDEF placement.
Reading placer database...
Reading XDEF routing.
Read XDEF File: Time (s): cpu = 00:00:00 ; elapsed = 00:00:03 . Memory (MB): peak = 2075.828 ; gain = 76.090
Restored from archive | CPU: 0.000000 secs | Memory: 0.000000 MB |
Finished XDEF File Restore: Time (s): cpu = 00:00:00 ; elapsed = 00:00:03 . Memory (MB): peak = 2075.828 ; gain = 76.090
Generating merged BMM file for the design top 'top'...
INFO: [Project 1-111] Unisim Transformation Summary:
  A total of 3483 instances were transformed.
  RAM32M => RAM32M (RAMD32, RAMD32, RAMD32, RAMD32, RAMD32, RAMD32, RAMS32, RAMS32): 27 instances
  RAM64M => RAM64M (RAMD64E, RAMD64E, RAMD64E, RAMD64E): 2304 instances
  RAM64X1D => RAM64X1D (RAMD64E, RAMD64E): 1152 instances

open_run: Time (s): cpu = 00:00:04 ; elapsed = 00:00:25 . Memory (MB): peak = 2165.473 ; gain = 1250.793
launch_runs impl_1 -to_step write_bitstream -jobs 10
[Thu Jun 25 17:22:57 2026] Launched impl_1...
Run output will be captured here: D:/deskbox/test01/05/zynq7020-image-processing/sobel_05_pc_control_display/sobel_05_pc_control_display.runs/impl_1/runme.log
launch_sdk -workspace D:/deskbox/test01/05/zynq7020-image-processing/sobel_05_pc_control_display/sobel_05_pc_control_display.sdk -hwspec D:/deskbox/test01/05/zynq7020-image-processing/sobel_05_pc_control_display/sobel_05_pc_control_display.sdk/top.hdf
INFO: [Vivado 12-393] Launching SDK...
INFO: [Vivado 12-417] Running xsdk -workspace D:/deskbox/test01/05/zynq7020-image-processing/sobel_05_pc_control_display/sobel_05_pc_control_display.sdk -hwspec D:/deskbox/test01/05/zynq7020-image-processing/sobel_05_pc_control_display/sobel_05_pc_control_display.sdk/top.hdf
INFO: [Vivado 12-3157] SDK launch initiated. Please check console for any further messages.
exit
INFO: [Common 17-206] Exiting Vivado at Thu Jun 25 18:16:46 2026...
