20:26:32 INFO  : Registering command handlers for SDK TCF services
20:26:32 INFO  : Launching XSCT server: xsct.bat -interactive D:\Github\FPGA-course\zynq7020-image-processing\sobel_05_pc_control_display\sobel_05_pc_control_display.sdk\temp_xsdb_launch_script.tcl
20:26:34 INFO  : XSCT server has started successfully.
20:26:34 INFO  : Successfully done setting XSCT server connection channel  
20:26:34 INFO  : Successfully done setting SDK workspace  
20:26:34 INFO  : Processing command line option -hwspec D:/Github/FPGA-course/zynq7020-image-processing/sobel_05_pc_control_display/sobel_05_pc_control_display.sdk/top.hdf.
20:30:58 INFO  : Registering command handlers for SDK TCF services
20:30:58 ERROR : xsct server communication channel has closed unexpectedly.
java.net.SocketException: Connection reset
	at java.net.SocketInputStream.read(SocketInputStream.java:209)
	at java.net.SocketInputStream.read(SocketInputStream.java:141)
	at java.io.BufferedInputStream.read1(BufferedInputStream.java:284)
	at java.io.BufferedInputStream.read(BufferedInputStream.java:345)
	at java.io.FilterInputStream.read(FilterInputStream.java:107)
	at org.eclipse.tcf.core.ChannelTCP.get(ChannelTCP.java:185)
	at org.eclipse.tcf.core.StreamChannel.read(StreamChannel.java:84)
	at org.eclipse.tcf.core.AbstractChannel$1.run(AbstractChannel.java:327)
20:32:17 INFO  : Registering command handlers for SDK TCF services
20:32:55 ERROR : xsct server communication channel has closed unexpectedly.
java.net.SocketException: Connection reset
	at java.net.SocketInputStream.read(SocketInputStream.java:209)
	at java.net.SocketInputStream.read(SocketInputStream.java:141)
	at java.io.BufferedInputStream.read1(BufferedInputStream.java:284)
	at java.io.BufferedInputStream.read(BufferedInputStream.java:345)
	at java.io.FilterInputStream.read(FilterInputStream.java:107)
	at org.eclipse.tcf.core.ChannelTCP.get(ChannelTCP.java:185)
	at org.eclipse.tcf.core.StreamChannel.read(StreamChannel.java:84)
	at org.eclipse.tcf.core.AbstractChannel$1.run(AbstractChannel.java:327)
20:34:28 INFO  : Launching XSCT server: xsct.bat -interactive D:\Github\FPGA-course\zynq7020-image-processing\sobel_05_pc_control_display\sobel_05_pc_control_display.sdk\temp_xsdb_launch_script.tcl
20:34:29 INFO  : XSCT server has started successfully.
20:34:31 INFO  : Successfully done setting XSCT server connection channel  
20:34:31 INFO  : Successfully done setting SDK workspace  
20:34:32 INFO  : Registering command handlers for SDK TCF services
20:34:33 INFO  : Processing command line option -hwspec D:/Github/FPGA-course/zynq7020-image-processing/sobel_05_pc_control_display/sobel_05_pc_control_display.sdk/top.hdf.
20:34:33 INFO  : Checking for hwspec changes in the project top_hw_platform_0.
20:35:01 INFO  : 'targets -set -filter {jtag_cable_name =~ "Digilent JTAG-HS1 210512180081" && level==0} -index 1' command is executed.
20:35:01 INFO  : 'fpga -state' command is executed.
20:35:01 INFO  : Connected to target on host '127.0.0.1' and port '3121'.
20:35:02 INFO  : Jtag cable 'Digilent JTAG-HS1 210512180081' is selected.
20:35:02 INFO  : 'jtag frequency' command is executed.
20:35:02 INFO  : Sourcing of 'D:/Github/FPGA-course/zynq7020-image-processing/sobel_05_pc_control_display/sobel_05_pc_control_display.sdk/top_hw_platform_0/ps7_init.tcl' is done.
20:35:02 INFO  : Context for 'APU' is selected.
20:35:02 INFO  : Hardware design information is loaded from 'D:/Github/FPGA-course/zynq7020-image-processing/sobel_05_pc_control_display/sobel_05_pc_control_display.sdk/top_hw_platform_0/system.hdf'.
20:35:02 INFO  : 'configparams force-mem-access 1' command is executed.
20:35:02 INFO  : Context for 'APU' is selected.
20:35:02 INFO  : 'stop' command is executed.
20:35:02 INFO  : 'ps7_init' command is executed.
20:35:02 INFO  : 'ps7_post_config' command is executed.
20:35:02 INFO  : Context for processor 'ps7_cortexa9_0' is selected.
20:35:02 INFO  : Processor reset is completed for 'ps7_cortexa9_0'.
20:35:02 INFO  : Context for processor 'ps7_cortexa9_0' is selected.
20:35:02 INFO  : The application 'D:/Github/FPGA-course/zynq7020-image-processing/sobel_05_pc_control_display/sobel_05_pc_control_display.sdk/ps_uart_control_bram_app/Debug/ps_uart_control_bram_app.elf' is downloaded to processor 'ps7_cortexa9_0'.
20:35:02 INFO  : 'configparams force-mem-access 0' command is executed.
20:35:02 INFO  : ----------------XSDB Script----------------
connect -url tcp:127.0.0.1:3121
source D:/Github/FPGA-course/zynq7020-image-processing/sobel_05_pc_control_display/sobel_05_pc_control_display.sdk/top_hw_platform_0/ps7_init.tcl
targets -set -nocase -filter {name =~"APU*" && jtag_cable_name =~ "Digilent JTAG-HS1 210512180081"} -index 0
loadhw -hw D:/Github/FPGA-course/zynq7020-image-processing/sobel_05_pc_control_display/sobel_05_pc_control_display.sdk/top_hw_platform_0/system.hdf -mem-ranges [list {0x40000000 0xbfffffff}]
configparams force-mem-access 1
targets -set -nocase -filter {name =~"APU*" && jtag_cable_name =~ "Digilent JTAG-HS1 210512180081"} -index 0
stop
ps7_init
ps7_post_config
targets -set -nocase -filter {name =~ "ARM*#0" && jtag_cable_name =~ "Digilent JTAG-HS1 210512180081"} -index 0
rst -processor
targets -set -nocase -filter {name =~ "ARM*#0" && jtag_cable_name =~ "Digilent JTAG-HS1 210512180081"} -index 0
dow D:/Github/FPGA-course/zynq7020-image-processing/sobel_05_pc_control_display/sobel_05_pc_control_display.sdk/ps_uart_control_bram_app/Debug/ps_uart_control_bram_app.elf
configparams force-mem-access 0
----------------End of Script----------------

20:35:03 INFO  : Memory regions updated for context APU
20:35:03 INFO  : Context for processor 'ps7_cortexa9_0' is selected.
20:35:03 INFO  : 'con' command is executed.
20:35:03 INFO  : ----------------XSDB Script (After Launch)----------------
targets -set -nocase -filter {name =~ "ARM*#0" && jtag_cable_name =~ "Digilent JTAG-HS1 210512180081"} -index 0
con
----------------End of Script----------------

20:35:03 INFO  : Launch script is exported to file 'D:\Github\FPGA-course\zynq7020-image-processing\sobel_05_pc_control_display\sobel_05_pc_control_display.sdk\.sdk\launch_scripts\xilinx_c-c++_application_(system_debugger)\system_debugger_using_debug_ps_uart_control_bram_app.elf_on_local.tcl'
20:42:29 INFO  : Disconnected from the channel tcfchan#1.
10:37:46 INFO  : Launching XSCT server: xsct.bat -interactive C:\Users\yu\Desktop\fpga\zynq7020-image-processing\sobel_05_pc_control_display\sobel_05_pc_control_display.sdk\temp_xsdb_launch_script.tcl
10:37:49 INFO  : XSCT server has started successfully.
10:37:56 INFO  : Successfully done setting XSCT server connection channel  
10:37:56 INFO  : Successfully done setting SDK workspace  
10:37:58 INFO  : Registering command handlers for SDK TCF services
10:37:59 INFO  : Processing command line option -hwspec C:/Users/yu/Desktop/fpga/zynq7020-image-processing/sobel_05_pc_control_display/sobel_05_pc_control_display.sdk/top.hdf.
10:43:53 INFO  : 'targets -set -filter {jtag_cable_name =~ "Digilent JTAG-HS1 210512180081" && level==0} -index 1' command is executed.
10:43:53 INFO  : 'fpga -state' command is executed.
10:43:53 INFO  : Connected to target on host '127.0.0.1' and port '3121'.
10:43:53 INFO  : Jtag cable 'Digilent JTAG-HS1 210512180081' is selected.
10:43:53 INFO  : 'jtag frequency' command is executed.
10:43:53 INFO  : Sourcing of 'C:/Users/yu/Desktop/fpga/zynq7020-image-processing/sobel_05_pc_control_display/sobel_05_pc_control_display.sdk/top_hw_platform_0/ps7_init.tcl' is done.
10:43:53 INFO  : Context for 'APU' is selected.
10:43:53 INFO  : Hardware design information is loaded from 'C:/Users/yu/Desktop/fpga/zynq7020-image-processing/sobel_05_pc_control_display/sobel_05_pc_control_display.sdk/top_hw_platform_0/system.hdf'.
10:43:53 INFO  : 'configparams force-mem-access 1' command is executed.
10:43:53 INFO  : Context for 'APU' is selected.
10:43:54 INFO  : 'stop' command is executed.
10:43:54 INFO  : 'ps7_init' command is executed.
10:43:54 INFO  : 'ps7_post_config' command is executed.
10:43:54 INFO  : Context for processor 'ps7_cortexa9_0' is selected.
10:43:54 INFO  : Processor reset is completed for 'ps7_cortexa9_0'.
10:43:54 INFO  : Context for processor 'ps7_cortexa9_0' is selected.
10:43:54 INFO  : The application 'C:/Users/yu/Desktop/fpga/zynq7020-image-processing/sobel_05_pc_control_display/sobel_05_pc_control_display.sdk/ps_uart_control_bram_app/Debug/ps_uart_control_bram_app.elf' is downloaded to processor 'ps7_cortexa9_0'.
10:43:54 INFO  : 'configparams force-mem-access 0' command is executed.
10:43:54 INFO  : ----------------XSDB Script----------------
connect -url tcp:127.0.0.1:3121
source C:/Users/yu/Desktop/fpga/zynq7020-image-processing/sobel_05_pc_control_display/sobel_05_pc_control_display.sdk/top_hw_platform_0/ps7_init.tcl
targets -set -nocase -filter {name =~"APU*" && jtag_cable_name =~ "Digilent JTAG-HS1 210512180081"} -index 0
loadhw -hw C:/Users/yu/Desktop/fpga/zynq7020-image-processing/sobel_05_pc_control_display/sobel_05_pc_control_display.sdk/top_hw_platform_0/system.hdf -mem-ranges [list {0x40000000 0xbfffffff}]
configparams force-mem-access 1
targets -set -nocase -filter {name =~"APU*" && jtag_cable_name =~ "Digilent JTAG-HS1 210512180081"} -index 0
stop
ps7_init
ps7_post_config
targets -set -nocase -filter {name =~ "ARM*#0" && jtag_cable_name =~ "Digilent JTAG-HS1 210512180081"} -index 0
rst -processor
targets -set -nocase -filter {name =~ "ARM*#0" && jtag_cable_name =~ "Digilent JTAG-HS1 210512180081"} -index 0
dow C:/Users/yu/Desktop/fpga/zynq7020-image-processing/sobel_05_pc_control_display/sobel_05_pc_control_display.sdk/ps_uart_control_bram_app/Debug/ps_uart_control_bram_app.elf
configparams force-mem-access 0
----------------End of Script----------------

10:43:54 INFO  : Memory regions updated for context APU
10:43:54 INFO  : Context for processor 'ps7_cortexa9_0' is selected.
10:43:54 INFO  : 'con' command is executed.
10:43:54 INFO  : ----------------XSDB Script (After Launch)----------------
targets -set -nocase -filter {name =~ "ARM*#0" && jtag_cable_name =~ "Digilent JTAG-HS1 210512180081"} -index 0
con
----------------End of Script----------------

10:43:54 INFO  : Launch script is exported to file 'C:\Users\yu\Desktop\fpga\zynq7020-image-processing\sobel_05_pc_control_display\sobel_05_pc_control_display.sdk\.sdk\launch_scripts\xilinx_c-c++_application_(system_debugger)\system_debugger_using_debug_ps_uart_control_bram_app.elf_on_local.tcl'
11:08:26 INFO  : Connected to target on host '127.0.0.1' and port '3121'.
11:08:26 INFO  : 'targets -set -filter {jtag_cable_name =~ "Digilent JTAG-HS1 210512180081" && level==0} -index 1' command is executed.
11:08:29 INFO  : FPGA configured successfully with bitstream "C:/Users/yu/Desktop/fpga/zynq7020-image-processing/sobel_05_pc_control_display/sobel_05_pc_control_display.runs/impl_1/top.bit"
11:11:38 INFO  : Disconnected from the channel tcfchan#1.
11:11:39 INFO  : 'targets -set -filter {jtag_cable_name =~ "Digilent JTAG-HS1 210512180081" && level==0} -index 1' command is executed.
11:11:39 INFO  : 'fpga -state' command is executed.
11:11:39 INFO  : Connected to target on host '127.0.0.1' and port '3121'.
11:11:39 INFO  : Jtag cable 'Digilent JTAG-HS1 210512180081' is selected.
11:11:39 INFO  : 'jtag frequency' command is executed.
11:11:39 INFO  : Sourcing of 'C:/Users/yu/Desktop/fpga/zynq7020-image-processing/sobel_05_pc_control_display/sobel_05_pc_control_display.sdk/top_hw_platform_0/ps7_init.tcl' is done.
11:11:39 INFO  : Context for 'APU' is selected.
11:11:40 INFO  : Hardware design information is loaded from 'C:/Users/yu/Desktop/fpga/zynq7020-image-processing/sobel_05_pc_control_display/sobel_05_pc_control_display.sdk/top_hw_platform_0/system.hdf'.
11:11:40 INFO  : 'configparams force-mem-access 1' command is executed.
11:11:40 INFO  : Context for 'APU' is selected.
11:11:40 INFO  : 'stop' command is executed.
11:11:41 INFO  : 'ps7_init' command is executed.
11:11:41 INFO  : 'ps7_post_config' command is executed.
11:11:41 INFO  : Context for processor 'ps7_cortexa9_0' is selected.
11:11:41 INFO  : Processor reset is completed for 'ps7_cortexa9_0'.
11:11:41 INFO  : Context for processor 'ps7_cortexa9_0' is selected.
11:11:41 INFO  : The application 'C:/Users/yu/Desktop/fpga/zynq7020-image-processing/sobel_05_pc_control_display/sobel_05_pc_control_display.sdk/ps_uart_control_bram_app/Debug/ps_uart_control_bram_app.elf' is downloaded to processor 'ps7_cortexa9_0'.
11:11:41 INFO  : 'configparams force-mem-access 0' command is executed.
11:11:41 INFO  : ----------------XSDB Script----------------
connect -url tcp:127.0.0.1:3121
source C:/Users/yu/Desktop/fpga/zynq7020-image-processing/sobel_05_pc_control_display/sobel_05_pc_control_display.sdk/top_hw_platform_0/ps7_init.tcl
targets -set -nocase -filter {name =~"APU*" && jtag_cable_name =~ "Digilent JTAG-HS1 210512180081"} -index 0
loadhw -hw C:/Users/yu/Desktop/fpga/zynq7020-image-processing/sobel_05_pc_control_display/sobel_05_pc_control_display.sdk/top_hw_platform_0/system.hdf -mem-ranges [list {0x40000000 0xbfffffff}]
configparams force-mem-access 1
targets -set -nocase -filter {name =~"APU*" && jtag_cable_name =~ "Digilent JTAG-HS1 210512180081"} -index 0
stop
ps7_init
ps7_post_config
targets -set -nocase -filter {name =~ "ARM*#0" && jtag_cable_name =~ "Digilent JTAG-HS1 210512180081"} -index 0
rst -processor
targets -set -nocase -filter {name =~ "ARM*#0" && jtag_cable_name =~ "Digilent JTAG-HS1 210512180081"} -index 0
dow C:/Users/yu/Desktop/fpga/zynq7020-image-processing/sobel_05_pc_control_display/sobel_05_pc_control_display.sdk/ps_uart_control_bram_app/Debug/ps_uart_control_bram_app.elf
configparams force-mem-access 0
----------------End of Script----------------

11:11:41 INFO  : Memory regions updated for context APU
11:11:41 INFO  : Context for processor 'ps7_cortexa9_0' is selected.
11:11:41 INFO  : 'con' command is executed.
11:11:41 INFO  : ----------------XSDB Script (After Launch)----------------
targets -set -nocase -filter {name =~ "ARM*#0" && jtag_cable_name =~ "Digilent JTAG-HS1 210512180081"} -index 0
con
----------------End of Script----------------

11:11:41 INFO  : Launch script is exported to file 'C:\Users\yu\Desktop\fpga\zynq7020-image-processing\sobel_05_pc_control_display\sobel_05_pc_control_display.sdk\.sdk\launch_scripts\xilinx_c-c++_application_(system_debugger)\system_debugger_using_debug_ps_uart_control_bram_app.elf_on_local.tcl'
11:38:58 INFO  : Launching XSCT server: xsct.bat -interactive C:\Users\yu\Desktop\fpga\zynq7020-image-processing\sobel_05_pc_control_display\sobel_05_pc_control_display.sdk\temp_xsdb_launch_script.tcl
11:56:26 ERROR : Timed out. 180 seconds have elapsed while waiting for XSCT server to launch.
11:56:26 WARN  : xsct server communication channel is not established.
09:34:37 INFO  : Launching XSCT server: xsct.bat -interactive C:\Users\yu\Desktop\fpga\zynq7020-image-processing\sobel_05_pc_control_display\sobel_05_pc_control_display.sdk\temp_xsdb_launch_script.tcl
09:34:39 INFO  : XSCT server has started successfully.
09:34:39 INFO  : Successfully done setting XSCT server connection channel  
09:34:44 INFO  : Successfully done setting SDK workspace  
09:34:46 INFO  : Registering command handlers for SDK TCF services
09:34:47 INFO  : Processing command line option -hwspec C:/Users/yu/Desktop/fpga/zynq7020-image-processing/sobel_05_pc_control_display/sobel_05_pc_control_display.sdk/top.hdf.
09:34:47 INFO  : Checking for hwspec changes in the project top_hw_platform_1.
09:38:35 INFO  : Connected to target on host '127.0.0.1' and port '3121'.
09:38:35 INFO  : 'targets -set -filter {jtag_cable_name =~ "Digilent JTAG-HS1 210512180081" && level==0} -index 1' command is executed.
09:38:39 INFO  : FPGA configured successfully with bitstream "C:/Users/yu/Desktop/fpga/zynq7020-image-processing/sobel_05_pc_control_display/sobel_05_pc_control_display.runs/impl_1/top.bit"
09:38:45 INFO  : 'targets -set -filter {jtag_cable_name =~ "Digilent JTAG-HS1 210512180081" && level==0} -index 1' command is executed.
09:38:45 INFO  : 'fpga -state' command is executed.
09:38:45 INFO  : Connected to target on host '127.0.0.1' and port '3121'.
09:38:45 INFO  : Jtag cable 'Digilent JTAG-HS1 210512180081' is selected.
09:38:45 INFO  : 'jtag frequency' command is executed.
09:38:45 INFO  : Sourcing of 'C:/Users/yu/Desktop/fpga/zynq7020-image-processing/sobel_05_pc_control_display/sobel_05_pc_control_display.sdk/top_hw_platform_0/ps7_init.tcl' is done.
09:38:45 INFO  : Context for 'APU' is selected.
09:38:45 INFO  : Hardware design information is loaded from 'C:/Users/yu/Desktop/fpga/zynq7020-image-processing/sobel_05_pc_control_display/sobel_05_pc_control_display.sdk/top_hw_platform_0/system.hdf'.
09:38:45 INFO  : 'configparams force-mem-access 1' command is executed.
09:38:45 INFO  : Context for 'APU' is selected.
09:38:45 INFO  : 'stop' command is executed.
09:38:46 INFO  : 'ps7_init' command is executed.
09:38:46 INFO  : 'ps7_post_config' command is executed.
09:38:46 INFO  : Context for processor 'ps7_cortexa9_0' is selected.
09:38:46 INFO  : Processor reset is completed for 'ps7_cortexa9_0'.
09:38:46 INFO  : Context for processor 'ps7_cortexa9_0' is selected.
09:38:46 INFO  : The application 'C:/Users/yu/Desktop/fpga/zynq7020-image-processing/sobel_05_pc_control_display/sobel_05_pc_control_display.sdk/ps_uart_control_bram_app/Debug/ps_uart_control_bram_app.elf' is downloaded to processor 'ps7_cortexa9_0'.
09:38:46 INFO  : 'configparams force-mem-access 0' command is executed.
09:38:46 INFO  : ----------------XSDB Script----------------
connect -url tcp:127.0.0.1:3121
source C:/Users/yu/Desktop/fpga/zynq7020-image-processing/sobel_05_pc_control_display/sobel_05_pc_control_display.sdk/top_hw_platform_0/ps7_init.tcl
targets -set -nocase -filter {name =~"APU*" && jtag_cable_name =~ "Digilent JTAG-HS1 210512180081"} -index 0
loadhw -hw C:/Users/yu/Desktop/fpga/zynq7020-image-processing/sobel_05_pc_control_display/sobel_05_pc_control_display.sdk/top_hw_platform_0/system.hdf -mem-ranges [list {0x40000000 0xbfffffff}]
configparams force-mem-access 1
targets -set -nocase -filter {name =~"APU*" && jtag_cable_name =~ "Digilent JTAG-HS1 210512180081"} -index 0
stop
ps7_init
ps7_post_config
targets -set -nocase -filter {name =~ "ARM*#0" && jtag_cable_name =~ "Digilent JTAG-HS1 210512180081"} -index 0
rst -processor
targets -set -nocase -filter {name =~ "ARM*#0" && jtag_cable_name =~ "Digilent JTAG-HS1 210512180081"} -index 0
dow C:/Users/yu/Desktop/fpga/zynq7020-image-processing/sobel_05_pc_control_display/sobel_05_pc_control_display.sdk/ps_uart_control_bram_app/Debug/ps_uart_control_bram_app.elf
configparams force-mem-access 0
----------------End of Script----------------

09:38:46 INFO  : Memory regions updated for context APU
09:38:46 INFO  : Context for processor 'ps7_cortexa9_0' is selected.
09:38:46 INFO  : 'con' command is executed.
09:38:46 INFO  : ----------------XSDB Script (After Launch)----------------
targets -set -nocase -filter {name =~ "ARM*#0" && jtag_cable_name =~ "Digilent JTAG-HS1 210512180081"} -index 0
con
----------------End of Script----------------

09:38:46 INFO  : Launch script is exported to file 'C:\Users\yu\Desktop\fpga\zynq7020-image-processing\sobel_05_pc_control_display\sobel_05_pc_control_display.sdk\.sdk\launch_scripts\xilinx_c-c++_application_(system_debugger)\system_debugger_using_debug_ps_uart_control_bram_app.elf_on_local.tcl'
09:59:59 INFO  : Disconnected from the channel tcfchan#1.
10:00:14 INFO  : Launching XSCT server: xsct.bat -interactive C:\Users\yu\Desktop\fpga\zynq7020-image-processing\sobel_05_pc_control_display\sobel_05_pc_control_display.sdk\temp_xsdb_launch_script.tcl
10:00:16 INFO  : XSCT server has started successfully.
10:00:16 INFO  : Successfully done setting XSCT server connection channel  
10:00:21 INFO  : Successfully done setting SDK workspace  
10:00:23 INFO  : Registering command handlers for SDK TCF services
10:00:24 INFO  : Processing command line option -hwspec C:/Users/yu/Desktop/fpga/zynq7020-image-processing/sobel_05_pc_control_display/sobel_05_pc_control_display.sdk/top.hdf.
10:00:24 INFO  : Checking for hwspec changes in the project top_hw_platform_1.
10:01:09 INFO  : Connected to target on host '127.0.0.1' and port '3121'.
10:01:09 INFO  : 'targets -set -filter {jtag_cable_name =~ "Digilent JTAG-HS1 210512180081" && level==0} -index 1' command is executed.
10:01:12 INFO  : FPGA configured successfully with bitstream "C:/Users/yu/Desktop/fpga/zynq7020-image-processing/sobel_05_pc_control_display/sobel_05_pc_control_display.runs/impl_1/top.bit"
10:01:18 INFO  : 'targets -set -filter {jtag_cable_name =~ "Digilent JTAG-HS1 210512180081" && level==0} -index 1' command is executed.
10:01:18 INFO  : 'fpga -state' command is executed.
10:01:18 INFO  : Connected to target on host '127.0.0.1' and port '3121'.
10:01:18 INFO  : Jtag cable 'Digilent JTAG-HS1 210512180081' is selected.
10:01:18 INFO  : 'jtag frequency' command is executed.
10:01:18 INFO  : Sourcing of 'C:/Users/yu/Desktop/fpga/zynq7020-image-processing/sobel_05_pc_control_display/sobel_05_pc_control_display.sdk/top_hw_platform_0/ps7_init.tcl' is done.
10:01:18 INFO  : Context for 'APU' is selected.
10:01:18 INFO  : Hardware design information is loaded from 'C:/Users/yu/Desktop/fpga/zynq7020-image-processing/sobel_05_pc_control_display/sobel_05_pc_control_display.sdk/top_hw_platform_0/system.hdf'.
10:01:18 INFO  : 'configparams force-mem-access 1' command is executed.
10:01:18 INFO  : Context for 'APU' is selected.
10:01:18 INFO  : 'stop' command is executed.
10:01:18 INFO  : 'ps7_init' command is executed.
10:01:18 INFO  : 'ps7_post_config' command is executed.
10:01:18 INFO  : Context for processor 'ps7_cortexa9_0' is selected.
10:01:18 INFO  : Processor reset is completed for 'ps7_cortexa9_0'.
10:01:18 INFO  : Context for processor 'ps7_cortexa9_0' is selected.
10:01:19 INFO  : The application 'C:/Users/yu/Desktop/fpga/zynq7020-image-processing/sobel_05_pc_control_display/sobel_05_pc_control_display.sdk/ps_uart_control_bram_app/Debug/ps_uart_control_bram_app.elf' is downloaded to processor 'ps7_cortexa9_0'.
10:01:19 INFO  : 'configparams force-mem-access 0' command is executed.
10:01:19 INFO  : ----------------XSDB Script----------------
connect -url tcp:127.0.0.1:3121
source C:/Users/yu/Desktop/fpga/zynq7020-image-processing/sobel_05_pc_control_display/sobel_05_pc_control_display.sdk/top_hw_platform_0/ps7_init.tcl
targets -set -nocase -filter {name =~"APU*" && jtag_cable_name =~ "Digilent JTAG-HS1 210512180081"} -index 0
loadhw -hw C:/Users/yu/Desktop/fpga/zynq7020-image-processing/sobel_05_pc_control_display/sobel_05_pc_control_display.sdk/top_hw_platform_0/system.hdf -mem-ranges [list {0x40000000 0xbfffffff}]
configparams force-mem-access 1
targets -set -nocase -filter {name =~"APU*" && jtag_cable_name =~ "Digilent JTAG-HS1 210512180081"} -index 0
stop
ps7_init
ps7_post_config
targets -set -nocase -filter {name =~ "ARM*#0" && jtag_cable_name =~ "Digilent JTAG-HS1 210512180081"} -index 0
rst -processor
targets -set -nocase -filter {name =~ "ARM*#0" && jtag_cable_name =~ "Digilent JTAG-HS1 210512180081"} -index 0
dow C:/Users/yu/Desktop/fpga/zynq7020-image-processing/sobel_05_pc_control_display/sobel_05_pc_control_display.sdk/ps_uart_control_bram_app/Debug/ps_uart_control_bram_app.elf
configparams force-mem-access 0
----------------End of Script----------------

10:01:19 INFO  : Memory regions updated for context APU
10:01:19 INFO  : Context for processor 'ps7_cortexa9_0' is selected.
10:01:19 INFO  : 'con' command is executed.
10:01:19 INFO  : ----------------XSDB Script (After Launch)----------------
targets -set -nocase -filter {name =~ "ARM*#0" && jtag_cable_name =~ "Digilent JTAG-HS1 210512180081"} -index 0
con
----------------End of Script----------------

10:01:19 INFO  : Launch script is exported to file 'C:\Users\yu\Desktop\fpga\zynq7020-image-processing\sobel_05_pc_control_display\sobel_05_pc_control_display.sdk\.sdk\launch_scripts\xilinx_c-c++_application_(system_debugger)\system_debugger_using_debug_ps_uart_control_bram_app.elf_on_local.tcl'
10:10:53 INFO  : Disconnected from the channel tcfchan#1.
10:28:36 INFO  : Launching XSCT server: xsct.bat -interactive C:\Users\yu\Desktop\fpga\zynq7020-image-processing\sobel_05_pc_control_display\sobel_05_pc_control_display.sdk\temp_xsdb_launch_script.tcl
10:28:37 INFO  : XSCT server has started successfully.
10:28:39 INFO  : Successfully done setting XSCT server connection channel  
10:28:39 INFO  : Successfully done setting SDK workspace  
10:28:40 INFO  : Registering command handlers for SDK TCF services
10:28:41 INFO  : Processing command line option -hwspec C:/Users/yu/Desktop/fpga/zynq7020-image-processing/sobel_05_pc_control_display/sobel_05_pc_control_display.sdk/top.hdf.
10:28:41 INFO  : Checking for hwspec changes in the project top_hw_platform_1.
10:30:27 INFO  : Connected to target on host '127.0.0.1' and port '3121'.
10:30:27 INFO  : 'targets -set -filter {jtag_cable_name =~ "Digilent JTAG-HS1 210512180081" && level==0} -index 1' command is executed.
10:30:30 INFO  : FPGA configured successfully with bitstream "C:/Users/yu/Desktop/fpga/zynq7020-image-processing/sobel_05_pc_control_display/sobel_05_pc_control_display.runs/impl_1/top.bit"
10:30:37 INFO  : 'targets -set -filter {jtag_cable_name =~ "Digilent JTAG-HS1 210512180081" && level==0} -index 1' command is executed.
10:30:37 INFO  : 'fpga -state' command is executed.
10:30:37 INFO  : Connected to target on host '127.0.0.1' and port '3121'.
10:30:38 INFO  : Jtag cable 'Digilent JTAG-HS1 210512180081' is selected.
10:30:38 INFO  : 'jtag frequency' command is executed.
10:30:38 INFO  : Sourcing of 'C:/Users/yu/Desktop/fpga/zynq7020-image-processing/sobel_05_pc_control_display/sobel_05_pc_control_display.sdk/top_hw_platform_0/ps7_init.tcl' is done.
10:30:38 INFO  : Context for 'APU' is selected.
10:30:38 INFO  : Hardware design information is loaded from 'C:/Users/yu/Desktop/fpga/zynq7020-image-processing/sobel_05_pc_control_display/sobel_05_pc_control_display.sdk/top_hw_platform_0/system.hdf'.
10:30:38 INFO  : 'configparams force-mem-access 1' command is executed.
10:30:38 INFO  : Context for 'APU' is selected.
10:30:38 INFO  : 'stop' command is executed.
10:30:38 INFO  : 'ps7_init' command is executed.
10:30:38 INFO  : 'ps7_post_config' command is executed.
10:30:38 INFO  : Context for processor 'ps7_cortexa9_0' is selected.
10:30:38 INFO  : Processor reset is completed for 'ps7_cortexa9_0'.
10:30:38 INFO  : Context for processor 'ps7_cortexa9_0' is selected.
10:30:38 INFO  : The application 'C:/Users/yu/Desktop/fpga/zynq7020-image-processing/sobel_05_pc_control_display/sobel_05_pc_control_display.sdk/ps_uart_control_bram_app/Debug/ps_uart_control_bram_app.elf' is downloaded to processor 'ps7_cortexa9_0'.
10:30:38 INFO  : 'configparams force-mem-access 0' command is executed.
10:30:38 INFO  : ----------------XSDB Script----------------
connect -url tcp:127.0.0.1:3121
source C:/Users/yu/Desktop/fpga/zynq7020-image-processing/sobel_05_pc_control_display/sobel_05_pc_control_display.sdk/top_hw_platform_0/ps7_init.tcl
targets -set -nocase -filter {name =~"APU*" && jtag_cable_name =~ "Digilent JTAG-HS1 210512180081"} -index 0
loadhw -hw C:/Users/yu/Desktop/fpga/zynq7020-image-processing/sobel_05_pc_control_display/sobel_05_pc_control_display.sdk/top_hw_platform_0/system.hdf -mem-ranges [list {0x40000000 0xbfffffff}]
configparams force-mem-access 1
targets -set -nocase -filter {name =~"APU*" && jtag_cable_name =~ "Digilent JTAG-HS1 210512180081"} -index 0
stop
ps7_init
ps7_post_config
targets -set -nocase -filter {name =~ "ARM*#0" && jtag_cable_name =~ "Digilent JTAG-HS1 210512180081"} -index 0
rst -processor
targets -set -nocase -filter {name =~ "ARM*#0" && jtag_cable_name =~ "Digilent JTAG-HS1 210512180081"} -index 0
dow C:/Users/yu/Desktop/fpga/zynq7020-image-processing/sobel_05_pc_control_display/sobel_05_pc_control_display.sdk/ps_uart_control_bram_app/Debug/ps_uart_control_bram_app.elf
configparams force-mem-access 0
----------------End of Script----------------

10:30:38 INFO  : Memory regions updated for context APU
10:30:38 INFO  : Context for processor 'ps7_cortexa9_0' is selected.
10:30:38 INFO  : 'con' command is executed.
10:30:38 INFO  : ----------------XSDB Script (After Launch)----------------
targets -set -nocase -filter {name =~ "ARM*#0" && jtag_cable_name =~ "Digilent JTAG-HS1 210512180081"} -index 0
con
----------------End of Script----------------

10:30:38 INFO  : Launch script is exported to file 'C:\Users\yu\Desktop\fpga\zynq7020-image-processing\sobel_05_pc_control_display\sobel_05_pc_control_display.sdk\.sdk\launch_scripts\xilinx_c-c++_application_(system_debugger)\system_debugger_using_debug_ps_uart_control_bram_app.elf_on_local.tcl'
10:46:51 INFO  : Launching XSCT server: xsct.bat -interactive C:\Users\yu\Desktop\fpga\zynq7020-image-processing\sobel_05_pc_control_display\sobel_05_pc_control_display.sdk\temp_xsdb_launch_script.tcl
17:28:58 INFO  : Launching XSCT server: xsct.bat -interactive D:\deskbox\test01\05\zynq7020-image-processing\sobel_05_pc_control_display\sobel_05_pc_control_display.sdk\temp_xsdb_launch_script.tcl
17:29:01 INFO  : XSCT server has started successfully.
17:29:01 INFO  : Successfully done setting XSCT server connection channel  
17:29:09 INFO  : Successfully done setting SDK workspace  
17:29:11 INFO  : Registering command handlers for SDK TCF services
17:29:12 INFO  : Processing command line option -hwspec D:/deskbox/test01/05/zynq7020-image-processing/sobel_05_pc_control_display/sobel_05_pc_control_display.sdk/top.hdf.
13:34:03 INFO  : Launching XSCT server: xsct.bat -interactive D:\deskbox\test01\05_fpga_1\zynq7020-image-processing\sobel_05_pc_control_display\sobel_05_pc_control_display.sdk\temp_xsdb_launch_script.tcl
13:34:05 INFO  : XSCT server has started successfully.
13:34:05 INFO  : Successfully done setting XSCT server connection channel  
13:34:10 INFO  : Successfully done setting SDK workspace  
13:34:11 INFO  : Registering command handlers for SDK TCF services
13:34:12 INFO  : Processing command line option -hwspec D:/deskbox/test01/05_fpga_1/zynq7020-image-processing/sobel_05_pc_control_display/sobel_05_pc_control_display.sdk/top.hdf.
13:34:28 INFO  : 'targets -set -filter {jtag_cable_name =~ "Digilent JTAG-HS1 210512180081" && level==0} -index 1' command is executed.
13:34:28 INFO  : 'fpga -state' command is executed.
13:34:28 INFO  : Connected to target on host '127.0.0.1' and port '3121'.
13:34:28 INFO  : Jtag cable 'Digilent JTAG-HS1 210512180081' is selected.
13:34:28 INFO  : 'jtag frequency' command is executed.
13:34:28 INFO  : Sourcing of 'D:/deskbox/test01/05_fpga_1/zynq7020-image-processing/sobel_05_pc_control_display/sobel_05_pc_control_display.sdk/top_hw_platform_0/ps7_init.tcl' is done.
13:34:28 INFO  : Context for 'APU' is selected.
13:34:28 INFO  : Hardware design information is loaded from 'D:/deskbox/test01/05_fpga_1/zynq7020-image-processing/sobel_05_pc_control_display/sobel_05_pc_control_display.sdk/top_hw_platform_0/system.hdf'.
13:34:28 INFO  : 'configparams force-mem-access 1' command is executed.
13:34:28 INFO  : Context for 'APU' is selected.
13:34:28 INFO  : 'stop' command is executed.
13:34:28 INFO  : 'ps7_init' command is executed.
13:34:28 INFO  : 'ps7_post_config' command is executed.
13:34:28 INFO  : Context for processor 'ps7_cortexa9_0' is selected.
13:34:28 INFO  : Processor reset is completed for 'ps7_cortexa9_0'.
13:34:28 INFO  : Context for processor 'ps7_cortexa9_0' is selected.
13:34:29 INFO  : The application 'D:/deskbox/test01/05_fpga_1/zynq7020-image-processing/sobel_05_pc_control_display/sobel_05_pc_control_display.sdk/ps_uart_control_bram_app/Debug/ps_uart_control_bram_app.elf' is downloaded to processor 'ps7_cortexa9_0'.
13:34:29 INFO  : 'configparams force-mem-access 0' command is executed.
13:34:29 INFO  : ----------------XSDB Script----------------
connect -url tcp:127.0.0.1:3121
source D:/deskbox/test01/05_fpga_1/zynq7020-image-processing/sobel_05_pc_control_display/sobel_05_pc_control_display.sdk/top_hw_platform_0/ps7_init.tcl
targets -set -nocase -filter {name =~"APU*" && jtag_cable_name =~ "Digilent JTAG-HS1 210512180081"} -index 0
loadhw -hw D:/deskbox/test01/05_fpga_1/zynq7020-image-processing/sobel_05_pc_control_display/sobel_05_pc_control_display.sdk/top_hw_platform_0/system.hdf -mem-ranges [list {0x40000000 0xbfffffff}]
configparams force-mem-access 1
targets -set -nocase -filter {name =~"APU*" && jtag_cable_name =~ "Digilent JTAG-HS1 210512180081"} -index 0
stop
ps7_init
ps7_post_config
targets -set -nocase -filter {name =~ "ARM*#0" && jtag_cable_name =~ "Digilent JTAG-HS1 210512180081"} -index 0
rst -processor
targets -set -nocase -filter {name =~ "ARM*#0" && jtag_cable_name =~ "Digilent JTAG-HS1 210512180081"} -index 0
dow D:/deskbox/test01/05_fpga_1/zynq7020-image-processing/sobel_05_pc_control_display/sobel_05_pc_control_display.sdk/ps_uart_control_bram_app/Debug/ps_uart_control_bram_app.elf
configparams force-mem-access 0
----------------End of Script----------------

13:34:29 INFO  : Memory regions updated for context APU
13:34:29 INFO  : Context for processor 'ps7_cortexa9_0' is selected.
13:34:29 INFO  : 'con' command is executed.
13:34:29 INFO  : ----------------XSDB Script (After Launch)----------------
targets -set -nocase -filter {name =~ "ARM*#0" && jtag_cable_name =~ "Digilent JTAG-HS1 210512180081"} -index 0
con
----------------End of Script----------------

13:34:29 INFO  : Launch script is exported to file 'D:\deskbox\test01\05_fpga_1\zynq7020-image-processing\sobel_05_pc_control_display\sobel_05_pc_control_display.sdk\.sdk\launch_scripts\xilinx_c-c++_application_(system_debugger)\system_debugger_using_debug_ps_uart_control_bram_app.elf_on_local.tcl'
14:19:11 INFO  : Disconnected from the channel tcfchan#1.
