
*** Running vivado
    with args -log top.vds -m64 -product Vivado -mode batch -messageDb vivado.pb -notrace -source top.tcl


****** Vivado v2017.4 (64-bit)
  **** SW Build 2086221 on Fri Dec 15 20:55:39 MST 2017
  **** IP Build 2085800 on Fri Dec 15 22:25:07 MST 2017
    ** Copyright 1986-2017 Xilinx, Inc. All Rights Reserved.

source top.tcl -notrace
Command: synth_design -top top -part xc7z020clg400-2
Starting synth_design
INFO: [IP_Flow 19-2162] IP 'rgb2dvi_0' is locked:
* IP definition 'rgb2dvi (1.3)' for IP 'rgb2dvi_0' (customized with software release 2017.4) was not found in the IP Catalog.
Please select 'Report IP Status' from the 'Tools/Report' menu or run Tcl command 'report_ip_status' for more information.
Attempting to get a license for feature 'Synthesis' and/or device 'xc7z020'
INFO: [Common 17-349] Got license for feature 'Synthesis' and/or device 'xc7z020'
INFO: Launching helper process for spawning children vivado processes
INFO: Helper process launched with PID 5420 
WARNING: [Synth 8-2292] literal value truncated to fit in 7 bits [C:/Users/Lenovo/Desktop/zynq7020-image-processing/sobel_01_hdmi_pattern/sobel_01_hdmi_pattern.srcs/sources_1/new/hdmi_image_display.v:34]
---------------------------------------------------------------------------------
Starting RTL Elaboration : Time (s): cpu = 00:00:04 ; elapsed = 00:00:05 . Memory (MB): peak = 423.828 ; gain = 109.832
---------------------------------------------------------------------------------
INFO: [Synth 8-638] synthesizing module 'top' [C:/Users/Lenovo/Desktop/zynq7020-image-processing/sobel_01_hdmi_pattern/sobel_01_hdmi_pattern.srcs/sources_1/new/top.v:1]
INFO: [Synth 8-638] synthesizing module 'hdmi_image_display' [C:/Users/Lenovo/Desktop/zynq7020-image-processing/sobel_01_hdmi_pattern/sobel_01_hdmi_pattern.srcs/sources_1/new/hdmi_image_display.v:1]
	Parameter H_ACTIVE bound to: 16'b0000010100000000 
	Parameter H_FP bound to: 16'b0000000001101110 
	Parameter H_SYNC bound to: 16'b0000000000101000 
	Parameter H_BP bound to: 16'b0000000011011100 
	Parameter V_ACTIVE bound to: 16'b0000001011010000 
	Parameter V_FP bound to: 16'b0000000000000101 
	Parameter V_SYNC bound to: 16'b0000000000000101 
	Parameter V_BP bound to: 16'b0000000000010100 
	Parameter DISP_W bound to: 12'b000100000000 
	Parameter DISP_H bound to: 12'b000010010000 
	Parameter OFFSET_X bound to: 12'b001000000000 
	Parameter OFFSET_Y bound to: 12'b000100100000 
	Parameter H_TOTAL bound to: 16'b0000011001110010 
	Parameter V_TOTAL bound to: 16'b0000001011101110 
	Parameter H_START bound to: 16'b0000000101110010 
	Parameter V_START bound to: 16'b0000000000011110 
	Parameter IMG_WIDTH bound to: 7'b0000000 
	Parameter IMG_HEIGHT bound to: 7'b1001000 
	Parameter SCALE_X bound to: 12'bxxxxxxxxxxxx 
	Parameter SCALE_Y bound to: 12'b000000000010 
INFO: [Synth 8-638] synthesizing module 'image_rom_128x72' [C:/Users/Lenovo/Desktop/zynq7020-image-processing/sobel_01_hdmi_pattern/sobel_01_hdmi_pattern.srcs/sources_1/new/hdmi_image_display.v:160]
INFO: [Synth 8-5534] Detected attribute (* ram_style = "block" *) [C:/Users/Lenovo/Desktop/zynq7020-image-processing/sobel_01_hdmi_pattern/sobel_01_hdmi_pattern.srcs/sources_1/new/hdmi_image_display.v:166]
INFO: [Synth 8-5534] Detected attribute (* rom_style = "block" *) [C:/Users/Lenovo/Desktop/zynq7020-image-processing/sobel_01_hdmi_pattern/sobel_01_hdmi_pattern.srcs/sources_1/new/hdmi_image_display.v:166]
INFO: [Synth 8-256] done synthesizing module 'image_rom_128x72' (1#1) [C:/Users/Lenovo/Desktop/zynq7020-image-processing/sobel_01_hdmi_pattern/sobel_01_hdmi_pattern.srcs/sources_1/new/hdmi_image_display.v:160]
CRITICAL WARNING: [Synth 8-5821] Potential divide by zero in module hdmi_image_display  [C:/Users/Lenovo/Desktop/zynq7020-image-processing/sobel_01_hdmi_pattern/sobel_01_hdmi_pattern.srcs/sources_1/new/hdmi_image_display.v:87]
INFO: [Synth 8-256] done synthesizing module 'hdmi_image_display' (2#1) [C:/Users/Lenovo/Desktop/zynq7020-image-processing/sobel_01_hdmi_pattern/sobel_01_hdmi_pattern.srcs/sources_1/new/hdmi_image_display.v:1]
INFO: [Synth 8-638] synthesizing module 'video_clock' [C:/Users/Lenovo/Desktop/zynq7020-image-processing/sobel_01_hdmi_pattern/sobel_01_hdmi_pattern.runs/synth_1/.Xil/Vivado-7504-PC039/realtime/video_clock_stub.v:5]
INFO: [Synth 8-256] done synthesizing module 'video_clock' (3#1) [C:/Users/Lenovo/Desktop/zynq7020-image-processing/sobel_01_hdmi_pattern/sobel_01_hdmi_pattern.runs/synth_1/.Xil/Vivado-7504-PC039/realtime/video_clock_stub.v:5]
INFO: [Synth 8-638] synthesizing module 'rgb2dvi_0' [C:/Users/Lenovo/Desktop/zynq7020-image-processing/sobel_01_hdmi_pattern/sobel_01_hdmi_pattern.runs/synth_1/.Xil/Vivado-7504-PC039/realtime/rgb2dvi_0_stub.v:6]
INFO: [Synth 8-256] done synthesizing module 'rgb2dvi_0' (4#1) [C:/Users/Lenovo/Desktop/zynq7020-image-processing/sobel_01_hdmi_pattern/sobel_01_hdmi_pattern.runs/synth_1/.Xil/Vivado-7504-PC039/realtime/rgb2dvi_0_stub.v:6]
INFO: [Synth 8-256] done synthesizing module 'top' (5#1) [C:/Users/Lenovo/Desktop/zynq7020-image-processing/sobel_01_hdmi_pattern/sobel_01_hdmi_pattern.srcs/sources_1/new/top.v:1]
---------------------------------------------------------------------------------
Finished RTL Elaboration : Time (s): cpu = 00:00:05 ; elapsed = 00:00:06 . Memory (MB): peak = 468.492 ; gain = 154.496
---------------------------------------------------------------------------------

Report Check Netlist: 
+------+------------------+-------+---------+-------+------------------+
|      |Item              |Errors |Warnings |Status |Description       |
+------+------------------+-------+---------+-------+------------------+
|1     |multi_driven_nets |      0|        0|Passed |Multi driven nets |
+------+------------------+-------+---------+-------+------------------+
---------------------------------------------------------------------------------
Finished RTL Optimization Phase 1 : Time (s): cpu = 00:00:05 ; elapsed = 00:00:06 . Memory (MB): peak = 468.492 ; gain = 154.496
---------------------------------------------------------------------------------
INFO: [Device 21-403] Loading part xc7z020clg400-2
INFO: [Project 1-570] Preparing netlist for logic optimization

Processing XDC Constraints
Initializing timing engine
Parsing XDC File [C:/Users/Lenovo/Desktop/zynq7020-image-processing/sobel_01_hdmi_pattern/sobel_01_hdmi_pattern.runs/synth_1/.Xil/Vivado-7504-PC039/dcp2/rgb2dvi_0_in_context.xdc] for cell 'rgb2dvi_m0'
Finished Parsing XDC File [C:/Users/Lenovo/Desktop/zynq7020-image-processing/sobel_01_hdmi_pattern/sobel_01_hdmi_pattern.runs/synth_1/.Xil/Vivado-7504-PC039/dcp2/rgb2dvi_0_in_context.xdc] for cell 'rgb2dvi_m0'
Parsing XDC File [C:/Users/Lenovo/Desktop/zynq7020-image-processing/sobel_01_hdmi_pattern/sobel_01_hdmi_pattern.runs/synth_1/.Xil/Vivado-7504-PC039/dcp3/video_clock_in_context.xdc] for cell 'video_clock_m0'
Finished Parsing XDC File [C:/Users/Lenovo/Desktop/zynq7020-image-processing/sobel_01_hdmi_pattern/sobel_01_hdmi_pattern.runs/synth_1/.Xil/Vivado-7504-PC039/dcp3/video_clock_in_context.xdc] for cell 'video_clock_m0'
Parsing XDC File [C:/Users/Lenovo/Desktop/zynq7020-image-processing/sobel_01_hdmi_pattern/sobel_01_hdmi_pattern.srcs/constrs_1/new/hdmi_out_test.xdc]
WARNING: [Constraints 18-619] A clock with name 'sys_clk' already exists, overwriting the previous clock with the same name. [C:/Users/Lenovo/Desktop/zynq7020-image-processing/sobel_01_hdmi_pattern/sobel_01_hdmi_pattern.srcs/constrs_1/new/hdmi_out_test.xdc:3]
Finished Parsing XDC File [C:/Users/Lenovo/Desktop/zynq7020-image-processing/sobel_01_hdmi_pattern/sobel_01_hdmi_pattern.srcs/constrs_1/new/hdmi_out_test.xdc]
INFO: [Project 1-236] Implementation specific constraints were found while reading constraint file [C:/Users/Lenovo/Desktop/zynq7020-image-processing/sobel_01_hdmi_pattern/sobel_01_hdmi_pattern.srcs/constrs_1/new/hdmi_out_test.xdc]. These constraints will be ignored for synthesis but will be used in implementation. Impacted constraints are listed in the file [.Xil/top_propImpl.xdc].
Resolution: To avoid this warning, move constraints listed in [.Xil/top_propImpl.xdc] to another XDC file and exclude this new file from synthesis with the used_in_synthesis property (File Properties dialog in GUI) and re-run elaboration/synthesis.
Completed Processing XDC Constraints

INFO: [Project 1-111] Unisim Transformation Summary:
No Unisim elements were transformed.

Constraint Validation Runtime : Time (s): cpu = 00:00:00 ; elapsed = 00:00:00.002 . Memory (MB): peak = 844.297 ; gain = 0.000
---------------------------------------------------------------------------------
Finished Constraint Validation : Time (s): cpu = 00:00:16 ; elapsed = 00:00:18 . Memory (MB): peak = 844.297 ; gain = 530.301
---------------------------------------------------------------------------------
---------------------------------------------------------------------------------
Start Loading Part and Timing Information
---------------------------------------------------------------------------------
Loading part: xc7z020clg400-2
---------------------------------------------------------------------------------
Finished Loading Part and Timing Information : Time (s): cpu = 00:00:16 ; elapsed = 00:00:18 . Memory (MB): peak = 844.297 ; gain = 530.301
---------------------------------------------------------------------------------
---------------------------------------------------------------------------------
Start Applying 'set_property' XDC Constraints
---------------------------------------------------------------------------------
Applied set_property IO_BUFFER_TYPE = NONE for TMDS_clk_n. (constraint file  C:/Users/Lenovo/Desktop/zynq7020-image-processing/sobel_01_hdmi_pattern/sobel_01_hdmi_pattern.runs/synth_1/.Xil/Vivado-7504-PC039/dcp2/rgb2dvi_0_in_context.xdc, line 2).
Applied set_property CLOCK_BUFFER_TYPE = NONE for TMDS_clk_n. (constraint file  C:/Users/Lenovo/Desktop/zynq7020-image-processing/sobel_01_hdmi_pattern/sobel_01_hdmi_pattern.runs/synth_1/.Xil/Vivado-7504-PC039/dcp2/rgb2dvi_0_in_context.xdc, line 3).
Applied set_property IO_BUFFER_TYPE = NONE for TMDS_clk_p. (constraint file  C:/Users/Lenovo/Desktop/zynq7020-image-processing/sobel_01_hdmi_pattern/sobel_01_hdmi_pattern.runs/synth_1/.Xil/Vivado-7504-PC039/dcp2/rgb2dvi_0_in_context.xdc, line 4).
Applied set_property CLOCK_BUFFER_TYPE = NONE for TMDS_clk_p. (constraint file  C:/Users/Lenovo/Desktop/zynq7020-image-processing/sobel_01_hdmi_pattern/sobel_01_hdmi_pattern.runs/synth_1/.Xil/Vivado-7504-PC039/dcp2/rgb2dvi_0_in_context.xdc, line 5).
Applied set_property IO_BUFFER_TYPE = NONE for TMDS_data_n[0]. (constraint file  C:/Users/Lenovo/Desktop/zynq7020-image-processing/sobel_01_hdmi_pattern/sobel_01_hdmi_pattern.runs/synth_1/.Xil/Vivado-7504-PC039/dcp2/rgb2dvi_0_in_context.xdc, line 6).
Applied set_property CLOCK_BUFFER_TYPE = NONE for TMDS_data_n[0]. (constraint file  C:/Users/Lenovo/Desktop/zynq7020-image-processing/sobel_01_hdmi_pattern/sobel_01_hdmi_pattern.runs/synth_1/.Xil/Vivado-7504-PC039/dcp2/rgb2dvi_0_in_context.xdc, line 7).
Applied set_property IO_BUFFER_TYPE = NONE for TMDS_data_n[1]. (constraint file  C:/Users/Lenovo/Desktop/zynq7020-image-processing/sobel_01_hdmi_pattern/sobel_01_hdmi_pattern.runs/synth_1/.Xil/Vivado-7504-PC039/dcp2/rgb2dvi_0_in_context.xdc, line 8).
Applied set_property CLOCK_BUFFER_TYPE = NONE for TMDS_data_n[1]. (constraint file  C:/Users/Lenovo/Desktop/zynq7020-image-processing/sobel_01_hdmi_pattern/sobel_01_hdmi_pattern.runs/synth_1/.Xil/Vivado-7504-PC039/dcp2/rgb2dvi_0_in_context.xdc, line 9).
Applied set_property IO_BUFFER_TYPE = NONE for TMDS_data_n[2]. (constraint file  C:/Users/Lenovo/Desktop/zynq7020-image-processing/sobel_01_hdmi_pattern/sobel_01_hdmi_pattern.runs/synth_1/.Xil/Vivado-7504-PC039/dcp2/rgb2dvi_0_in_context.xdc, line 10).
Applied set_property CLOCK_BUFFER_TYPE = NONE for TMDS_data_n[2]. (constraint file  C:/Users/Lenovo/Desktop/zynq7020-image-processing/sobel_01_hdmi_pattern/sobel_01_hdmi_pattern.runs/synth_1/.Xil/Vivado-7504-PC039/dcp2/rgb2dvi_0_in_context.xdc, line 11).
Applied set_property IO_BUFFER_TYPE = NONE for TMDS_data_p[0]. (constraint file  C:/Users/Lenovo/Desktop/zynq7020-image-processing/sobel_01_hdmi_pattern/sobel_01_hdmi_pattern.runs/synth_1/.Xil/Vivado-7504-PC039/dcp2/rgb2dvi_0_in_context.xdc, line 12).
Applied set_property CLOCK_BUFFER_TYPE = NONE for TMDS_data_p[0]. (constraint file  C:/Users/Lenovo/Desktop/zynq7020-image-processing/sobel_01_hdmi_pattern/sobel_01_hdmi_pattern.runs/synth_1/.Xil/Vivado-7504-PC039/dcp2/rgb2dvi_0_in_context.xdc, line 13).
Applied set_property IO_BUFFER_TYPE = NONE for TMDS_data_p[1]. (constraint file  C:/Users/Lenovo/Desktop/zynq7020-image-processing/sobel_01_hdmi_pattern/sobel_01_hdmi_pattern.runs/synth_1/.Xil/Vivado-7504-PC039/dcp2/rgb2dvi_0_in_context.xdc, line 14).
Applied set_property CLOCK_BUFFER_TYPE = NONE for TMDS_data_p[1]. (constraint file  C:/Users/Lenovo/Desktop/zynq7020-image-processing/sobel_01_hdmi_pattern/sobel_01_hdmi_pattern.runs/synth_1/.Xil/Vivado-7504-PC039/dcp2/rgb2dvi_0_in_context.xdc, line 15).
Applied set_property IO_BUFFER_TYPE = NONE for TMDS_data_p[2]. (constraint file  C:/Users/Lenovo/Desktop/zynq7020-image-processing/sobel_01_hdmi_pattern/sobel_01_hdmi_pattern.runs/synth_1/.Xil/Vivado-7504-PC039/dcp2/rgb2dvi_0_in_context.xdc, line 16).
Applied set_property CLOCK_BUFFER_TYPE = NONE for TMDS_data_p[2]. (constraint file  C:/Users/Lenovo/Desktop/zynq7020-image-processing/sobel_01_hdmi_pattern/sobel_01_hdmi_pattern.runs/synth_1/.Xil/Vivado-7504-PC039/dcp2/rgb2dvi_0_in_context.xdc, line 17).
Applied set_property IO_BUFFER_TYPE = NONE for sys_clk. (constraint file  C:/Users/Lenovo/Desktop/zynq7020-image-processing/sobel_01_hdmi_pattern/sobel_01_hdmi_pattern.runs/synth_1/.Xil/Vivado-7504-PC039/dcp3/video_clock_in_context.xdc, line 4).
Applied set_property CLOCK_BUFFER_TYPE = NONE for sys_clk. (constraint file  C:/Users/Lenovo/Desktop/zynq7020-image-processing/sobel_01_hdmi_pattern/sobel_01_hdmi_pattern.runs/synth_1/.Xil/Vivado-7504-PC039/dcp3/video_clock_in_context.xdc, line 5).
Applied set_property DONT_TOUCH = true for rgb2dvi_m0. (constraint file  auto generated constraint, line ).
Applied set_property DONT_TOUCH = true for video_clock_m0. (constraint file  auto generated constraint, line ).
---------------------------------------------------------------------------------
Finished applying 'set_property' XDC Constraints : Time (s): cpu = 00:00:16 ; elapsed = 00:00:18 . Memory (MB): peak = 844.297 ; gain = 530.301
---------------------------------------------------------------------------------
INFO: [Synth 8-5547] Trying to map ROM "image_mem" into Block RAM due to explicit "ram_style" or "rom_style" specification
WARNING: [Synth 8-6014] Unused sequential element data_reg was removed.  [C:/Users/Lenovo/Desktop/zynq7020-image-processing/sobel_01_hdmi_pattern/sobel_01_hdmi_pattern.srcs/sources_1/new/hdmi_image_display.v:9388]
CRITICAL WARNING: [Synth 8-5821] Potential divide by zero in module hdmi_image_display  [C:/Users/Lenovo/Desktop/zynq7020-image-processing/sobel_01_hdmi_pattern/sobel_01_hdmi_pattern.srcs/sources_1/new/hdmi_image_display.v:87]
INFO: [Synth 8-5546] ROM "v_cnt" won't be mapped to RAM because it is too sparse
---------------------------------------------------------------------------------
Finished RTL Optimization Phase 2 : Time (s): cpu = 00:00:16 ; elapsed = 00:00:18 . Memory (MB): peak = 844.297 ; gain = 530.301
---------------------------------------------------------------------------------

Report RTL Partitions: 
+-+--------------+------------+----------+
| |RTL Partition |Replication |Instances |
+-+--------------+------------+----------+
+-+--------------+------------+----------+
---------------------------------------------------------------------------------
Start RTL Component Statistics 
---------------------------------------------------------------------------------
Detailed RTL Component Info : 
+---Adders : 
	   2 Input     12 Bit       Adders := 6     
+---Registers : 
	               24 Bit    Registers := 1     
	               14 Bit    Registers := 1     
	               12 Bit    Registers := 2     
	                1 Bit    Registers := 8     
+---ROMs : 
	                              ROMs := 1     
+---Muxes : 
	   2 Input     14 Bit        Muxes := 1     
	   2 Input     12 Bit        Muxes := 2     
	   2 Input      8 Bit        Muxes := 3     
	   2 Input      1 Bit        Muxes := 1     
---------------------------------------------------------------------------------
Finished RTL Component Statistics 
---------------------------------------------------------------------------------
---------------------------------------------------------------------------------
Start RTL Hierarchical Component Statistics 
---------------------------------------------------------------------------------
Hierarchical RTL Component report 
Module image_rom_128x72 
Detailed RTL Component Info : 
+---Registers : 
	               24 Bit    Registers := 1     
+---ROMs : 
	                              ROMs := 1     
Module hdmi_image_display 
Detailed RTL Component Info : 
+---Adders : 
	   2 Input     12 Bit       Adders := 6     
+---Registers : 
	               14 Bit    Registers := 1     
	               12 Bit    Registers := 2     
	                1 Bit    Registers := 8     
+---Muxes : 
	   2 Input     14 Bit        Muxes := 1     
	   2 Input     12 Bit        Muxes := 2     
	   2 Input      8 Bit        Muxes := 3     
	   2 Input      1 Bit        Muxes := 1     
---------------------------------------------------------------------------------
Finished RTL Hierarchical Component Statistics
---------------------------------------------------------------------------------
---------------------------------------------------------------------------------
Start Part Resource Summary
---------------------------------------------------------------------------------
Part Resources:
DSPs: 220 (col length:60)
BRAMs: 280 (col length: RAMB18 60 RAMB36 30)
---------------------------------------------------------------------------------
Finished Part Resource Summary
---------------------------------------------------------------------------------
---------------------------------------------------------------------------------
Start Cross Boundary and Area Optimization
---------------------------------------------------------------------------------
INFO: [Synth 8-5546] ROM "hdmi_image_display_m0/v_cnt" won't be mapped to RAM because it is too sparse
INFO: [Synth 8-3886] merging instance 'hdmi_image_display_m0/in_image_win_reg_reg' (FD) to 'hdmi_image_display_m0/rom_addr_reg[0]'
INFO: [Synth 8-3886] merging instance 'hdmi_image_display_m0/rom_addr_reg[1]' (FD) to 'hdmi_image_display_m0/rom_addr_reg[6]'
INFO: [Synth 8-3886] merging instance 'hdmi_image_display_m0/rom_addr_reg[2]' (FD) to 'hdmi_image_display_m0/rom_addr_reg[6]'
INFO: [Synth 8-3886] merging instance 'hdmi_image_display_m0/rom_addr_reg[3]' (FD) to 'hdmi_image_display_m0/rom_addr_reg[6]'
INFO: [Synth 8-3886] merging instance 'hdmi_image_display_m0/rom_addr_reg[4]' (FD) to 'hdmi_image_display_m0/rom_addr_reg[6]'
INFO: [Synth 8-3886] merging instance 'hdmi_image_display_m0/rom_addr_reg[5]' (FD) to 'hdmi_image_display_m0/rom_addr_reg[6]'
INFO: [Synth 8-3333] propagating constant 0 across sequential element (\hdmi_image_display_m0/rom_addr_reg[6] )
WARNING: [Synth 8-3332] Sequential element (hdmi_image_display_m0/rom_addr_reg[6]) is unused and will be removed from module top.
---------------------------------------------------------------------------------
Finished Cross Boundary and Area Optimization : Time (s): cpu = 00:00:17 ; elapsed = 00:00:19 . Memory (MB): peak = 844.297 ; gain = 530.301
---------------------------------------------------------------------------------
---------------------------------------------------------------------------------
Start ROM, RAM, DSP and Shift Register Reporting
---------------------------------------------------------------------------------

ROM:
+-----------------+------------+---------------+----------------+
|Module Name      | RTL Object | Depth x Width | Implemented As | 
+-----------------+------------+---------------+----------------+
|image_rom_128x72 | data_reg   | 16384x24      | Block RAM      | 
+-----------------+------------+---------------+----------------+

---------------------------------------------------------------------------------
Finished ROM, RAM, DSP and Shift Register Reporting
---------------------------------------------------------------------------------

Report RTL Partitions: 
+-+--------------+------------+----------+
| |RTL Partition |Replication |Instances |
+-+--------------+------------+----------+
+-+--------------+------------+----------+
---------------------------------------------------------------------------------
Start Applying XDC Timing Constraints
---------------------------------------------------------------------------------
INFO: [Synth 8-5578] Moved timing constraint from pin 'rgb2dvi_m0/SerialClk' to pin 'video_clock_m0/bbstub_clk_out2/O'
INFO: [Synth 8-5783] Moving clock source from hierarchical pin 'rgb2dvi_m0/PixelClk' to 'hdmi_image_display_m0/rom_addr_reg[13]/C'
INFO: [Synth 8-5578] Moved timing constraint from pin 'video_clock_m0/clk_out1' to pin 'video_clock_m0/bbstub_clk_out1/O'
INFO: [Synth 8-5578] Moved timing constraint from pin 'video_clock_m0/clk_out2' to pin 'video_clock_m0/bbstub_clk_out2/O'
WARNING: [Synth 8-565] redefining clock 'sys_clk'
INFO: [Synth 8-5819] Moved 4 constraints on hierarchical pins to their respective driving/loading pins
---------------------------------------------------------------------------------
Finished Applying XDC Timing Constraints : Time (s): cpu = 00:00:24 ; elapsed = 00:00:27 . Memory (MB): peak = 850.375 ; gain = 536.379
---------------------------------------------------------------------------------
---------------------------------------------------------------------------------
Start Timing Optimization
---------------------------------------------------------------------------------
---------------------------------------------------------------------------------
Finished Timing Optimization : Time (s): cpu = 00:00:25 ; elapsed = 00:00:27 . Memory (MB): peak = 873.031 ; gain = 559.035
---------------------------------------------------------------------------------

Report RTL Partitions: 
+-+--------------+------------+----------+
| |RTL Partition |Replication |Instances |
+-+--------------+------------+----------+
+-+--------------+------------+----------+
---------------------------------------------------------------------------------
Start Technology Mapping
---------------------------------------------------------------------------------
INFO: [Synth 8-4480] The timing for the instance hdmi_image_display_m0/u_image_rom_128x72/data_reg_0 (implemented as a block RAM) might be sub-optimal as no optional output register could be merged into the block ram. Providing additional output register may help in improving timing.
INFO: [Synth 8-4480] The timing for the instance hdmi_image_display_m0/u_image_rom_128x72/data_reg_1 (implemented as a block RAM) might be sub-optimal as no optional output register could be merged into the block ram. Providing additional output register may help in improving timing.
INFO: [Synth 8-4480] The timing for the instance hdmi_image_display_m0/u_image_rom_128x72/data_reg_2 (implemented as a block RAM) might be sub-optimal as no optional output register could be merged into the block ram. Providing additional output register may help in improving timing.
INFO: [Synth 8-4480] The timing for the instance hdmi_image_display_m0/u_image_rom_128x72/data_reg_3 (implemented as a block RAM) might be sub-optimal as no optional output register could be merged into the block ram. Providing additional output register may help in improving timing.
INFO: [Synth 8-4480] The timing for the instance hdmi_image_display_m0/u_image_rom_128x72/data_reg_4 (implemented as a block RAM) might be sub-optimal as no optional output register could be merged into the block ram. Providing additional output register may help in improving timing.
INFO: [Synth 8-4480] The timing for the instance hdmi_image_display_m0/u_image_rom_128x72/data_reg_5 (implemented as a block RAM) might be sub-optimal as no optional output register could be merged into the block ram. Providing additional output register may help in improving timing.
INFO: [Synth 8-4480] The timing for the instance hdmi_image_display_m0/u_image_rom_128x72/data_reg_6 (implemented as a block RAM) might be sub-optimal as no optional output register could be merged into the block ram. Providing additional output register may help in improving timing.
INFO: [Synth 8-4480] The timing for the instance hdmi_image_display_m0/u_image_rom_128x72/data_reg_7 (implemented as a block RAM) might be sub-optimal as no optional output register could be merged into the block ram. Providing additional output register may help in improving timing.
INFO: [Synth 8-4480] The timing for the instance hdmi_image_display_m0/u_image_rom_128x72/data_reg_8 (implemented as a block RAM) might be sub-optimal as no optional output register could be merged into the block ram. Providing additional output register may help in improving timing.
INFO: [Synth 8-4480] The timing for the instance hdmi_image_display_m0/u_image_rom_128x72/data_reg_9 (implemented as a block RAM) might be sub-optimal as no optional output register could be merged into the block ram. Providing additional output register may help in improving timing.
INFO: [Synth 8-4480] The timing for the instance hdmi_image_display_m0/u_image_rom_128x72/data_reg_10 (implemented as a block RAM) might be sub-optimal as no optional output register could be merged into the block ram. Providing additional output register may help in improving timing.
INFO: [Synth 8-4480] The timing for the instance hdmi_image_display_m0/u_image_rom_128x72/data_reg_11 (implemented as a block RAM) might be sub-optimal as no optional output register could be merged into the block ram. Providing additional output register may help in improving timing.
---------------------------------------------------------------------------------
Finished Technology Mapping : Time (s): cpu = 00:00:25 ; elapsed = 00:00:27 . Memory (MB): peak = 873.809 ; gain = 559.812
---------------------------------------------------------------------------------

Report RTL Partitions: 
+-+--------------+------------+----------+
| |RTL Partition |Replication |Instances |
+-+--------------+------------+----------+
+-+--------------+------------+----------+
---------------------------------------------------------------------------------
Start IO Insertion
---------------------------------------------------------------------------------
---------------------------------------------------------------------------------
Start Flattening Before IO Insertion
---------------------------------------------------------------------------------
---------------------------------------------------------------------------------
Finished Flattening Before IO Insertion
---------------------------------------------------------------------------------
---------------------------------------------------------------------------------
Start Final Netlist Cleanup
---------------------------------------------------------------------------------
---------------------------------------------------------------------------------
Finished Final Netlist Cleanup
---------------------------------------------------------------------------------
---------------------------------------------------------------------------------
Finished IO Insertion : Time (s): cpu = 00:00:25 ; elapsed = 00:00:28 . Memory (MB): peak = 873.809 ; gain = 559.812
---------------------------------------------------------------------------------

Report Check Netlist: 
+------+------------------+-------+---------+-------+------------------+
|      |Item              |Errors |Warnings |Status |Description       |
+------+------------------+-------+---------+-------+------------------+
|1     |multi_driven_nets |      0|        0|Passed |Multi driven nets |
+------+------------------+-------+---------+-------+------------------+
---------------------------------------------------------------------------------
Start Renaming Generated Instances
---------------------------------------------------------------------------------
---------------------------------------------------------------------------------
Finished Renaming Generated Instances : Time (s): cpu = 00:00:25 ; elapsed = 00:00:28 . Memory (MB): peak = 873.809 ; gain = 559.812
---------------------------------------------------------------------------------

Report RTL Partitions: 
+-+--------------+------------+----------+
| |RTL Partition |Replication |Instances |
+-+--------------+------------+----------+
+-+--------------+------------+----------+
---------------------------------------------------------------------------------
Start Rebuilding User Hierarchy
---------------------------------------------------------------------------------
---------------------------------------------------------------------------------
Finished Rebuilding User Hierarchy : Time (s): cpu = 00:00:26 ; elapsed = 00:00:28 . Memory (MB): peak = 873.809 ; gain = 559.812
---------------------------------------------------------------------------------
---------------------------------------------------------------------------------
Start Renaming Generated Ports
---------------------------------------------------------------------------------
---------------------------------------------------------------------------------
Finished Renaming Generated Ports : Time (s): cpu = 00:00:26 ; elapsed = 00:00:28 . Memory (MB): peak = 873.809 ; gain = 559.812
---------------------------------------------------------------------------------
---------------------------------------------------------------------------------
Start Handling Custom Attributes
---------------------------------------------------------------------------------
---------------------------------------------------------------------------------
Finished Handling Custom Attributes : Time (s): cpu = 00:00:26 ; elapsed = 00:00:28 . Memory (MB): peak = 873.809 ; gain = 559.812
---------------------------------------------------------------------------------
---------------------------------------------------------------------------------
Start Renaming Generated Nets
---------------------------------------------------------------------------------
---------------------------------------------------------------------------------
Finished Renaming Generated Nets : Time (s): cpu = 00:00:26 ; elapsed = 00:00:28 . Memory (MB): peak = 873.809 ; gain = 559.812
---------------------------------------------------------------------------------
---------------------------------------------------------------------------------
Start Writing Synthesis Report
---------------------------------------------------------------------------------

Report BlackBoxes: 
+------+--------------+----------+
|      |BlackBox name |Instances |
+------+--------------+----------+
|1     |video_clock   |         1|
|2     |rgb2dvi_0     |         1|
+------+--------------+----------+

Report Cell Usage: 
+------+------------+------+
|      |Cell        |Count |
+------+------------+------+
|1     |rgb2dvi_0   |     1|
|2     |video_clock |     1|
|3     |CARRY4      |    12|
|4     |LUT1        |    17|
|5     |LUT2        |     3|
|6     |LUT3        |    28|
|7     |LUT4        |     6|
|8     |LUT5        |     6|
|9     |LUT6        |    10|
|10    |RAMB36E1    |     1|
|11    |RAMB36E1_1  |     1|
|12    |RAMB36E1_10 |     1|
|13    |RAMB36E1_11 |     1|
|14    |RAMB36E1_2  |     1|
|15    |RAMB36E1_3  |     1|
|16    |RAMB36E1_4  |     1|
|17    |RAMB36E1_5  |     1|
|18    |RAMB36E1_6  |     1|
|19    |RAMB36E1_7  |     1|
|20    |RAMB36E1_8  |     1|
|21    |RAMB36E1_9  |     1|
|22    |FDRE        |    39|
|23    |OBUF        |     1|
+------+------------+------+

Report Instance Areas: 
+------+------------------------+-------------------+------+
|      |Instance                |Module             |Cells |
+------+------------------------+-------------------+------+
|1     |top                     |                   |   146|
|2     |  hdmi_image_display_m0 |hdmi_image_display |   133|
|3     |    u_image_rom_128x72  |image_rom_128x72   |    12|
+------+------------------------+-------------------+------+
---------------------------------------------------------------------------------
Finished Writing Synthesis Report : Time (s): cpu = 00:00:26 ; elapsed = 00:00:28 . Memory (MB): peak = 873.809 ; gain = 559.812
---------------------------------------------------------------------------------
Synthesis finished with 0 errors, 1 critical warnings and 3 warnings.
Synthesis Optimization Runtime : Time (s): cpu = 00:00:15 ; elapsed = 00:00:20 . Memory (MB): peak = 873.809 ; gain = 184.008
Synthesis Optimization Complete : Time (s): cpu = 00:00:26 ; elapsed = 00:00:28 . Memory (MB): peak = 873.809 ; gain = 559.812
INFO: [Project 1-571] Translating synthesized netlist
INFO: [Netlist 29-17] Analyzing 24 Unisim elements for replacement
INFO: [Netlist 29-28] Unisim Transformation completed in 0 CPU seconds
INFO: [Project 1-570] Preparing netlist for logic optimization
INFO: [Opt 31-138] Pushed 0 inverter(s) to 0 load pin(s).
INFO: [Project 1-111] Unisim Transformation Summary:
No Unisim elements were transformed.

INFO: [Common 17-83] Releasing license: Synthesis
52 Infos, 5 Warnings, 2 Critical Warnings and 0 Errors encountered.
synth_design completed successfully
synth_design: Time (s): cpu = 00:00:28 ; elapsed = 00:00:31 . Memory (MB): peak = 873.809 ; gain = 571.348
INFO: [Common 17-1381] The checkpoint 'C:/Users/Lenovo/Desktop/zynq7020-image-processing/sobel_01_hdmi_pattern/sobel_01_hdmi_pattern.runs/synth_1/top.dcp' has been generated.
INFO: [runtcl-4] Executing : report_utilization -file top_utilization_synth.rpt -pb top_utilization_synth.pb
report_utilization: Time (s): cpu = 00:00:00 ; elapsed = 00:00:00.028 . Memory (MB): peak = 873.809 ; gain = 0.000
INFO: [Common 17-206] Exiting Vivado at Thu Jun 18 09:32:29 2026...
